{"C:\\Users\\lab_services_student\\Documents\\GitHub\\BlockChain\\src\\components\\bulk-actions.tsx": {"path":"C:\\Users\\lab_services_student\\Documents\\GitHub\\BlockChain\\src\\components\\bulk-actions.tsx","statementMap":{"0":{"start":{"line":29,"column":16},"end":{"line":29,"column":34}},"1":{"start":{"line":149,"column":16},"end":{"line":149,"column":37}},"2":{"start":{"line":229,"column":16},"end":{"line":229,"column":32}},"3":{"start":{"line":3,"column":25},"end":{"line":3,"column":null}},"4":{"start":{"line":4,"column":98},"end":{"line":4,"column":null}},"5":{"start":{"line":39,"column":40},"end":{"line":39,"column":null}},"6":{"start":{"line":41,"column":28},"end":{"line":52,"column":null}},"7":{"start":{"line":42,"column":4},"end":{"line":42,"column":null}},"8":{"start":{"line":42,"column":25},"end":{"line":42,"column":null}},"9":{"start":{"line":44,"column":4},"end":{"line":48,"column":null}},"10":{"start":{"line":45,"column":6},"end":{"line":47,"column":null}},"11":{"start":{"line":46,"column":8},"end":{"line":46,"column":null}},"12":{"start":{"line":50,"column":4},"end":{"line":50,"column":null}},"13":{"start":{"line":51,"column":4},"end":{"line":51,"column":null}},"14":{"start":{"line":54,"column":28},"end":{"line":63,"column":null}},"15":{"start":{"line":55,"column":4},"end":{"line":62,"column":null}},"16":{"start":{"line":57,"column":8},"end":{"line":57,"column":null}},"17":{"start":{"line":59,"column":8},"end":{"line":59,"column":null}},"18":{"start":{"line":61,"column":8},"end":{"line":61,"column":null}},"19":{"start":{"line":103,"column":29},"end":{"line":103,"column":null}},"20":{"start":{"line":115,"column":33},"end":{"line":115,"column":44}},"21":{"start":{"line":116,"column":20},"end":{"line":118,"column":null}},"22":{"start":{"line":119,"column":39},"end":{"line":119,"column":null}},"23":{"start":{"line":154,"column":21},"end":{"line":154,"column":null}},"24":{"start":{"line":237,"column":2},"end":{"line":237,"column":null}},"25":{"start":{"line":237,"column":15},"end":{"line":237,"column":null}},"26":{"start":{"line":239,"column":28},"end":{"line":239,"column":null}},"27":{"start":{"line":239,"column":57},"end":{"line":239,"column":66}},"28":{"start":{"line":240,"column":24},"end":{"line":240,"column":null}},"29":{"start":{"line":240,"column":53},"end":{"line":240,"column":63}},"30":{"start":{"line":306,"column":18},"end":{"line":307,"column":null}},"31":{"start":{"line":334,"column":18},"end":{"line":335,"column":null}}},"fnMap":{"0":{"name":"BulkActionsToolbar","decl":{"start":{"line":29,"column":16},"end":{"line":29,"column":34}},"loc":{"start":{"line":38,"column":26},"end":{"line":141,"column":null}}},"1":{"name":"(anonymous_5)","decl":{"start":{"line":41,"column":28},"end":{"line":41,"column":29}},"loc":{"start":{"line":41,"column":29},"end":{"line":52,"column":null}}},"2":{"name":"(anonymous_6)","decl":{"start":{"line":54,"column":28},"end":{"line":54,"column":29}},"loc":{"start":{"line":54,"column":73},"end":{"line":63,"column":null}}},"3":{"name":"(anonymous_7)","decl":{"start":{"line":103,"column":23},"end":{"line":103,"column":29}},"loc":{"start":{"line":103,"column":29},"end":{"line":103,"column":null}}},"4":{"name":"(anonymous_8)","decl":{"start":{"line":114,"column":31},"end":{"line":114,"column":32}},"loc":{"start":{"line":114,"column":32},"end":{"line":132,"column":null}}},"5":{"name":"(anonymous_9)","decl":{"start":{"line":119,"column":33},"end":{"line":119,"column":39}},"loc":{"start":{"line":119,"column":39},"end":{"line":119,"column":null}}},"6":{"name":"BulkProgressIndicator","decl":{"start":{"line":149,"column":16},"end":{"line":149,"column":37}},"loc":{"start":{"line":153,"column":29},"end":{"line":218,"column":null}}},"7":{"name":"BulkResultsModal","decl":{"start":{"line":229,"column":16},"end":{"line":229,"column":32}},"loc":{"start":{"line":236,"column":24},"end":{"line":373,"column":null}}},"8":{"name":"(anonymous_12)","decl":{"start":{"line":239,"column":52},"end":{"line":239,"column":57}},"loc":{"start":{"line":239,"column":57},"end":{"line":239,"column":66}}},"9":{"name":"(anonymous_13)","decl":{"start":{"line":240,"column":48},"end":{"line":240,"column":53}},"loc":{"start":{"line":240,"column":53},"end":{"line":240,"column":63}}},"10":{"name":"(anonymous_14)","decl":{"start":{"line":305,"column":35},"end":{"line":305,"column":36}},"loc":{"start":{"line":306,"column":18},"end":{"line":307,"column":null}}},"11":{"name":"(anonymous_15)","decl":{"start":{"line":333,"column":52},"end":{"line":333,"column":53}},"loc":{"start":{"line":334,"column":18},"end":{"line":335,"column":null}}}},"branchMap":{"0":{"loc":{"start":{"line":37,"column":2},"end":{"line":37,"column":18}},"type":"default-arg","locations":[{"start":{"line":37,"column":13},"end":{"line":37,"column":18}}]},"1":{"loc":{"start":{"line":42,"column":4},"end":{"line":42,"column":null}},"type":"if","locations":[{"start":{"line":42,"column":4},"end":{"line":42,"column":null}}]},"2":{"loc":{"start":{"line":44,"column":4},"end":{"line":48,"column":null}},"type":"if","locations":[{"start":{"line":44,"column":4},"end":{"line":48,"column":null}}]},"3":{"loc":{"start":{"line":44,"column":8},"end":{"line":44,"column":65}},"type":"binary-expr","locations":[{"start":{"line":44,"column":8},"end":{"line":44,"column":35}},{"start":{"line":44,"column":39},"end":{"line":44,"column":65}}]},"4":{"loc":{"start":{"line":45,"column":6},"end":{"line":47,"column":null}},"type":"if","locations":[{"start":{"line":45,"column":6},"end":{"line":47,"column":null}}]},"5":{"loc":{"start":{"line":54,"column":29},"end":{"line":54,"column":73}},"type":"default-arg","locations":[{"start":{"line":54,"column":62},"end":{"line":54,"column":73}}]},"6":{"loc":{"start":{"line":55,"column":4},"end":{"line":62,"column":null}},"type":"switch","locations":[{"start":{"line":56,"column":6},"end":{"line":57,"column":null}},{"start":{"line":58,"column":6},"end":{"line":59,"column":null}},{"start":{"line":60,"column":6},"end":{"line":61,"column":null}}]},"7":{"loc":{"start":{"line":70,"column":19},"end":{"line":70,"column":null}},"type":"cond-expr","locations":[{"start":{"line":70,"column":35},"end":{"line":70,"column":51}},{"start":{"line":70,"column":51},"end":{"line":70,"column":null}}]},"8":{"loc":{"start":{"line":75,"column":12},"end":{"line":76,"column":null}},"type":"cond-expr","locations":[{"start":{"line":75,"column":12},"end":{"line":76,"column":null}}]},"9":{"loc":{"start":{"line":77,"column":12},"end":{"line":81,"column":13}},"type":"cond-expr","locations":[{"start":{"line":77,"column":12},"end":{"line":81,"column":13}}]},"10":{"loc":{"start":{"line":84,"column":13},"end":{"line":88,"column":62}},"type":"cond-expr","locations":[{"start":{"line":85,"column":16},"end":{"line":85,"column":44}},{"start":{"line":86,"column":16},"end":{"line":88,"column":62}}]},"11":{"loc":{"start":{"line":86,"column":16},"end":{"line":88,"column":62}},"type":"cond-expr","locations":[{"start":{"line":87,"column":18},"end":{"line":87,"column":48}},{"start":{"line":88,"column":18},"end":{"line":88,"column":62}}]},"12":{"loc":{"start":{"line":95,"column":7},"end":{"line":95,"column":null}},"type":"binary-expr","locations":[{"start":{"line":95,"column":7},"end":{"line":95,"column":null}}]},"13":{"loc":{"start":{"line":111,"column":13},"end":{"line":111,"column":null}},"type":"binary-expr","locations":[{"start":{"line":111,"column":13},"end":{"line":111,"column":null}}]},"14":{"loc":{"start":{"line":125,"column":28},"end":{"line":125,"column":99}},"type":"cond-expr","locations":[{"start":{"line":125,"column":46},"end":{"line":125,"column":64}},{"start":{"line":125,"column":64},"end":{"line":125,"column":99}}]},"15":{"loc":{"start":{"line":128,"column":25},"end":{"line":128,"column":33}},"type":"binary-expr","locations":[{"start":{"line":128,"column":25},"end":{"line":128,"column":33}}]},"16":{"loc":{"start":{"line":152,"column":2},"end":{"line":152,"column":16}},"type":"default-arg","locations":[{"start":{"line":152,"column":14},"end":{"line":152,"column":16}}]},"17":{"loc":{"start":{"line":154,"column":21},"end":{"line":154,"column":null}},"type":"cond-expr","locations":[{"start":{"line":154,"column":42},"end":{"line":154,"column":88}},{"start":{"line":154,"column":88},"end":{"line":154,"column":null}}]},"18":{"loc":{"start":{"line":167,"column":11},"end":{"line":167,"column":31}},"type":"binary-expr","locations":[{"start":{"line":167,"column":11},"end":{"line":167,"column":31}}]},"19":{"loc":{"start":{"line":174,"column":9},"end":{"line":174,"column":null}},"type":"binary-expr","locations":[{"start":{"line":174,"column":9},"end":{"line":174,"column":null}}]},"20":{"loc":{"start":{"line":202,"column":11},"end":{"line":202,"column":null}},"type":"binary-expr","locations":[{"start":{"line":202,"column":11},"end":{"line":202,"column":null}}]},"21":{"loc":{"start":{"line":237,"column":2},"end":{"line":237,"column":null}},"type":"if","locations":[{"start":{"line":237,"column":2},"end":{"line":237,"column":null}}]},"22":{"loc":{"start":{"line":275,"column":13},"end":{"line":275,"column":31}},"type":"binary-expr","locations":[{"start":{"line":275,"column":13},"end":{"line":275,"column":31}},{"start":{"line":275,"column":31},"end":{"line":275,"column":null}}]},"23":{"loc":{"start":{"line":286,"column":13},"end":{"line":286,"column":29}},"type":"binary-expr","locations":[{"start":{"line":286,"column":13},"end":{"line":286,"column":29}},{"start":{"line":286,"column":29},"end":{"line":286,"column":null}}]},"24":{"loc":{"start":{"line":299,"column":11},"end":{"line":299,"column":null}},"type":"binary-expr","locations":[{"start":{"line":299,"column":11},"end":{"line":299,"column":null}}]},"25":{"loc":{"start":{"line":314,"column":27},"end":{"line":314,"column":null}},"type":"binary-expr","locations":[{"start":{"line":314,"column":27},"end":{"line":314,"column":50}},{"start":{"line":314,"column":54},"end":{"line":314,"column":null}}]},"26":{"loc":{"start":{"line":317,"column":27},"end":{"line":317,"column":null}},"type":"binary-expr","locations":[{"start":{"line":317,"column":27},"end":{"line":317,"column":39}},{"start":{"line":317,"column":43},"end":{"line":317,"column":null}}]},"27":{"loc":{"start":{"line":327,"column":11},"end":{"line":327,"column":null}},"type":"binary-expr","locations":[{"start":{"line":327,"column":11},"end":{"line":327,"column":null}}]},"28":{"loc":{"start":{"line":342,"column":27},"end":{"line":342,"column":null}},"type":"binary-expr","locations":[{"start":{"line":342,"column":27},"end":{"line":342,"column":50}},{"start":{"line":342,"column":54},"end":{"line":342,"column":null}}]},"29":{"loc":{"start":{"line":352,"column":17},"end":{"line":352,"column":null}},"type":"binary-expr","locations":[{"start":{"line":352,"column":17},"end":{"line":352,"column":null}}]}},"s":{"0":0,"1":0,"2":0,"3":0,"4":0,"5":0,"6":0,"7":0,"8":0,"9":0,"10":0,"11":0,"12":0,"13":0,"14":0,"15":0,"16":0,"17":0,"18":0,"19":0,"20":0,"21":0,"22":0,"23":0,"24":0,"25":0,"26":0,"27":0,"28":0,"29":0,"30":0,"31":0},"f":{"0":0,"1":0,"2":0,"3":0,"4":0,"5":0,"6":0,"7":0,"8":0,"9":0,"10":0,"11":0},"b":{"0":[0],"1":[0],"2":[0],"3":[0,0],"4":[0],"5":[0],"6":[0,0,0],"7":[0,0],"8":[0],"9":[0],"10":[0,0],"11":[0,0],"12":[0],"13":[0],"14":[0,0],"15":[0],"16":[0],"17":[0,0],"18":[0],"19":[0],"20":[0],"21":[0],"22":[0,0],"23":[0,0],"24":[0],"25":[0,0],"26":[0,0],"27":[0],"28":[0,0],"29":[0]}}
,"C:\\Users\\lab_services_student\\Documents\\GitHub\\BlockChain\\src\\components\\error-boundary.tsx": {"path":"C:\\Users\\lab_services_student\\Documents\\GitHub\\BlockChain\\src\\components\\error-boundary.tsx","statementMap":{"0":{"start":{"line":330,"column":16},"end":{"line":330,"column":32}},"1":{"start":{"line":33,"column":16},"end":{"line":33,"column":36}},"2":{"start":{"line":212,"column":13},"end":{"line":212,"column":26}},"3":{"start":{"line":345,"column":16},"end":{"line":345,"column":33}},"4":{"start":{"line":131,"column":16},"end":{"line":131,"column":33}},"5":{"start":{"line":360,"column":16},"end":{"line":360,"column":40}},"6":{"start":{"line":181,"column":16},"end":{"line":181,"column":36}},"7":{"start":{"line":303,"column":16},"end":{"line":303,"column":29}},"8":{"start":{"line":314,"column":16},"end":{"line":314,"column":33}},"9":{"start":{"line":3,"column":55},"end":{"line":3,"column":null}},"10":{"start":{"line":4,"column":52},"end":{"line":4,"column":null}},"11":{"start":{"line":5,"column":25},"end":{"line":5,"column":null}},"12":{"start":{"line":41,"column":25},"end":{"line":41,"column":null}},"13":{"start":{"line":43,"column":23},"end":{"line":54,"column":null}},"14":{"start":{"line":45,"column":4},"end":{"line":50,"column":null}},"15":{"start":{"line":52,"column":4},"end":{"line":52,"column":null}},"16":{"start":{"line":53,"column":4},"end":{"line":53,"column":null}},"17":{"start":{"line":217,"column":4},"end":{"line":280,"column":null}},"18":{"start":{"line":259,"column":4},"end":{"line":267,"column":null}},"19":{"start":{"line":260,"column":6},"end":{"line":260,"column":null}},"20":{"start":{"line":261,"column":6},"end":{"line":266,"column":null}},"21":{"start":{"line":272,"column":4},"end":{"line":272,"column":null}},"22":{"start":{"line":277,"column":4},"end":{"line":279,"column":null}},"23":{"start":{"line":278,"column":6},"end":{"line":278,"column":null}},"24":{"start":{"line":218,"column":4},"end":{"line":223,"column":null}},"25":{"start":{"line":228,"column":20},"end":{"line":228,"column":84}},"26":{"start":{"line":230,"column":4},"end":{"line":234,"column":null}},"27":{"start":{"line":239,"column":4},"end":{"line":244,"column":null}},"28":{"start":{"line":247,"column":4},"end":{"line":247,"column":null}},"29":{"start":{"line":250,"column":4},"end":{"line":250,"column":null}},"30":{"start":{"line":253,"column":4},"end":{"line":255,"column":null}},"31":{"start":{"line":283,"column":4},"end":{"line":296,"column":null}},"32":{"start":{"line":284,"column":32},"end":{"line":284,"column":null}},"33":{"start":{"line":298,"column":4},"end":{"line":298,"column":null}},"34":{"start":{"line":304,"column":23},"end":{"line":304,"column":null}},"35":{"start":{"line":306,"column":2},"end":{"line":310,"column":null}},"36":{"start":{"line":307,"column":4},"end":{"line":309,"column":null}},"37":{"start":{"line":308,"column":6},"end":{"line":308,"column":null}},"38":{"start":{"line":324,"column":2},"end":{"line":324,"column":null}},"39":{"start":{"line":326,"column":2},"end":{"line":326,"column":null}},"40":{"start":{"line":337,"column":8},"end":{"line":337,"column":null}},"41":{"start":{"line":352,"column":8},"end":{"line":352,"column":null}},"42":{"start":{"line":367,"column":8},"end":{"line":367,"column":null}}},"fnMap":{"0":{"name":"DefaultErrorFallback","decl":{"start":{"line":33,"column":16},"end":{"line":33,"column":36}},"loc":{"start":{"line":40,"column":21},"end":{"line":128,"column":null}}},"1":{"name":"(anonymous_14)","decl":{"start":{"line":43,"column":23},"end":{"line":43,"column":null}},"loc":{"start":{"line":43,"column":23},"end":{"line":54,"column":null}}},"2":{"name":"PageErrorBoundary","decl":{"start":{"line":131,"column":16},"end":{"line":131,"column":33}},"loc":{"start":{"line":138,"column":21},"end":{"line":178,"column":null}}},"3":{"name":"SectionErrorBoundary","decl":{"start":{"line":181,"column":16},"end":{"line":181,"column":36}},"loc":{"start":{"line":184,"column":52},"end":{"line":209,"column":null}}},"4":{"name":"(anonymous_17)","decl":{"start":{"line":216,"column":2},"end":{"line":216,"column":14}},"loc":{"start":{"line":216,"column":41},"end":{"line":224,"column":null}}},"5":{"name":"(anonymous_18)","decl":{"start":{"line":258,"column":16},"end":{"line":258,"column":null}},"loc":{"start":{"line":258,"column":16},"end":{"line":268,"column":null}}},"6":{"name":"(anonymous_19)","decl":{"start":{"line":270,"column":17},"end":{"line":270,"column":null}},"loc":{"start":{"line":270,"column":17},"end":{"line":273,"column":null}}},"7":{"name":"(anonymous_20)","decl":{"start":{"line":275,"column":17},"end":{"line":275,"column":null}},"loc":{"start":{"line":275,"column":17},"end":{"line":280,"column":null}}},"8":{"name":"(anonymous_21)","decl":{"start":{"line":226,"column":2},"end":{"line":226,"column":9}},"loc":{"start":{"line":226,"column":77},"end":{"line":235,"column":null}}},"9":{"name":"(anonymous_22)","decl":{"start":{"line":237,"column":2},"end":{"line":237,"column":20}},"loc":{"start":{"line":237,"column":56},"end":{"line":256,"column":null}}},"10":{"name":"(anonymous_23)","decl":{"start":{"line":282,"column":2},"end":{"line":282,"column":11}},"loc":{"start":{"line":282,"column":11},"end":{"line":299,"column":null}}},"11":{"name":"useAsyncError","decl":{"start":{"line":303,"column":16},"end":{"line":303,"column":29}},"loc":{"start":{"line":303,"column":16},"end":{"line":311,"column":null}}},"12":{"name":"(anonymous_25)","decl":{"start":{"line":306,"column":27},"end":{"line":306,"column":28}},"loc":{"start":{"line":306,"column":28},"end":{"line":310,"column":5}}},"13":{"name":"(anonymous_26)","decl":{"start":{"line":307,"column":13},"end":{"line":307,"column":null}},"loc":{"start":{"line":307,"column":13},"end":{"line":309,"column":null}}},"14":{"name":"withErrorBoundary","decl":{"start":{"line":314,"column":16},"end":{"line":314,"column":33}},"loc":{"start":{"line":316,"column":59},"end":{"line":327,"column":null}}},"15":{"name":"APIErrorBoundary","decl":{"start":{"line":330,"column":16},"end":{"line":330,"column":32}},"loc":{"start":{"line":330,"column":70},"end":{"line":343,"column":null}}},"16":{"name":"(anonymous_30)","decl":{"start":{"line":336,"column":15},"end":{"line":336,"column":16}},"loc":{"start":{"line":336,"column":23},"end":{"line":338,"column":null}}},"17":{"name":"FormErrorBoundary","decl":{"start":{"line":345,"column":16},"end":{"line":345,"column":33}},"loc":{"start":{"line":345,"column":71},"end":{"line":358,"column":null}}},"18":{"name":"(anonymous_32)","decl":{"start":{"line":351,"column":15},"end":{"line":351,"column":16}},"loc":{"start":{"line":351,"column":23},"end":{"line":353,"column":null}}},"19":{"name":"PageErrorBoundaryWrapper","decl":{"start":{"line":360,"column":16},"end":{"line":360,"column":40}},"loc":{"start":{"line":360,"column":78},"end":{"line":373,"column":null}}},"20":{"name":"(anonymous_34)","decl":{"start":{"line":366,"column":15},"end":{"line":366,"column":16}},"loc":{"start":{"line":366,"column":23},"end":{"line":368,"column":null}}}},"branchMap":{"0":{"loc":{"start":{"line":71,"column":9},"end":{"line":71,"column":null}},"type":"binary-expr","locations":[{"start":{"line":71,"column":9},"end":{"line":71,"column":null}}]},"1":{"loc":{"start":{"line":79,"column":11},"end":{"line":79,"column":null}},"type":"binary-expr","locations":[{"start":{"line":79,"column":11},"end":{"line":79,"column":null}}]},"2":{"loc":{"start":{"line":97,"column":11},"end":{"line":97,"column":null}},"type":"binary-expr","locations":[{"start":{"line":97,"column":11},"end":{"line":97,"column":null}}]},"3":{"loc":{"start":{"line":108,"column":9},"end":{"line":108,"column":null}},"type":"binary-expr","locations":[{"start":{"line":108,"column":9},"end":{"line":108,"column":null}}]},"4":{"loc":{"start":{"line":117,"column":15},"end":{"line":117,"column":null}},"type":"binary-expr","locations":[{"start":{"line":117,"column":15},"end":{"line":117,"column":null}}]},"5":{"loc":{"start":{"line":155,"column":11},"end":{"line":155,"column":null}},"type":"binary-expr","locations":[{"start":{"line":155,"column":11},"end":{"line":155,"column":null}}]},"6":{"loc":{"start":{"line":165,"column":11},"end":{"line":165,"column":null}},"type":"binary-expr","locations":[{"start":{"line":165,"column":11},"end":{"line":165,"column":null}}]},"7":{"loc":{"start":{"line":196,"column":11},"end":{"line":196,"column":null}},"type":"binary-expr","locations":[{"start":{"line":196,"column":11},"end":{"line":196,"column":null}}]},"8":{"loc":{"start":{"line":259,"column":4},"end":{"line":267,"column":null}},"type":"if","locations":[{"start":{"line":259,"column":4},"end":{"line":267,"column":null}}]},"9":{"loc":{"start":{"line":277,"column":4},"end":{"line":279,"column":null}},"type":"if","locations":[{"start":{"line":277,"column":4},"end":{"line":279,"column":null}}]},"10":{"loc":{"start":{"line":239,"column":36},"end":{"line":239,"column":65}},"type":"binary-expr","locations":[{"start":{"line":239,"column":36},"end":{"line":239,"column":51}},{"start":{"line":239,"column":55},"end":{"line":239,"column":65}}]},"11":{"loc":{"start":{"line":253,"column":4},"end":{"line":255,"column":null}},"type":"if","locations":[{"start":{"line":253,"column":4},"end":{"line":255,"column":null}}]},"12":{"loc":{"start":{"line":283,"column":4},"end":{"line":296,"column":null}},"type":"if","locations":[{"start":{"line":283,"column":4},"end":{"line":296,"column":null}}]},"13":{"loc":{"start":{"line":283,"column":8},"end":{"line":283,"column":47}},"type":"binary-expr","locations":[{"start":{"line":283,"column":8},"end":{"line":283,"column":27}},{"start":{"line":283,"column":31},"end":{"line":283,"column":47}}]},"14":{"loc":{"start":{"line":284,"column":32},"end":{"line":284,"column":null}},"type":"binary-expr","locations":[{"start":{"line":284,"column":32},"end":{"line":284,"column":51}},{"start":{"line":284,"column":55},"end":{"line":284,"column":null}}]},"15":{"loc":{"start":{"line":289,"column":21},"end":{"line":289,"column":null}},"type":"binary-expr","locations":[{"start":{"line":289,"column":21},"end":{"line":289,"column":41}},{"start":{"line":289,"column":45},"end":{"line":289,"column":null}}]},"16":{"loc":{"start":{"line":290,"column":19},"end":{"line":290,"column":null}},"type":"binary-expr","locations":[{"start":{"line":290,"column":19},"end":{"line":290,"column":37}},{"start":{"line":290,"column":41},"end":{"line":290,"column":null}}]},"17":{"loc":{"start":{"line":291,"column":19},"end":{"line":291,"column":null}},"type":"cond-expr","locations":[{"start":{"line":291,"column":54},"end":{"line":291,"column":70}},{"start":{"line":291,"column":73},"end":{"line":291,"column":null}}]},"18":{"loc":{"start":{"line":324,"column":54},"end":{"line":324,"column":93}},"type":"binary-expr","locations":[{"start":{"line":324,"column":54},"end":{"line":324,"column":75}},{"start":{"line":324,"column":79},"end":{"line":324,"column":93}}]}},"s":{"0":0,"1":0,"2":27,"3":0,"4":0,"5":4,"6":0,"7":0,"8":0,"9":1,"10":1,"11":1,"12":43,"13":43,"14":0,"15":0,"16":0,"17":52,"18":0,"19":0,"20":0,"21":0,"22":0,"23":0,"24":51,"25":49,"26":49,"27":3,"28":3,"29":3,"30":3,"31":103,"32":52,"33":51,"34":0,"35":0,"36":0,"37":0,"38":0,"39":0,"40":0,"41":0,"42":3},"f":{"0":43,"1":0,"2":9,"3":0,"4":52,"5":0,"6":0,"7":0,"8":49,"9":3,"10":103,"11":0,"12":0,"13":0,"14":0,"15":0,"16":0,"17":0,"18":0,"19":7,"20":3},"b":{"0":[43],"1":[43],"2":[43],"3":[43],"4":[31],"5":[9],"6":[9],"7":[0],"8":[0],"9":[0],"10":[3,0],"11":[0],"12":[52],"13":[103,52],"14":[52,43],"15":[52,49],"16":[52,0],"17":[52,0],"18":[0,0]}}
,"C:\\Users\\lab_services_student\\Documents\\GitHub\\BlockChain\\src\\components\\qr-code-generator.tsx": {"path":"C:\\Users\\lab_services_student\\Documents\\GitHub\\BlockChain\\src\\components\\qr-code-generator.tsx","statementMap":{"0":{"start":{"line":393,"column":13},"end":{"line":393,"column":31}},"1":{"start":{"line":383,"column":13},"end":{"line":383,"column":31}},"2":{"start":{"line":403,"column":13},"end":{"line":403,"column":33}},"3":{"start":{"line":413,"column":13},"end":{"line":413,"column":24}},"4":{"start":{"line":27,"column":24},"end":{"line":27,"column":40}},"5":{"start":{"line":360,"column":16},"end":{"line":360,"column":34}},"6":{"start":{"line":3,"column":51},"end":{"line":3,"column":null}},"7":{"start":{"line":4,"column":59},"end":{"line":4,"column":null}},"8":{"start":{"line":5,"column":25},"end":{"line":5,"column":null}},"9":{"start":{"line":34,"column":20},"end":{"line":34,"column":null}},"10":{"start":{"line":35,"column":42},"end":{"line":35,"column":null}},"11":{"start":{"line":36,"column":38},"end":{"line":36,"column":null}},"12":{"start":{"line":37,"column":28},"end":{"line":37,"column":null}},"13":{"start":{"line":39,"column":39},"end":{"line":39,"column":null}},"14":{"start":{"line":43,"column":25},"end":{"line":86,"column":null}},"15":{"start":{"line":44,"column":4},"end":{"line":44,"column":null}},"16":{"start":{"line":44,"column":28},"end":{"line":44,"column":null}},"17":{"start":{"line":46,"column":19},"end":{"line":46,"column":36}},"18":{"start":{"line":47,"column":16},"end":{"line":47,"column":null}},"19":{"start":{"line":48,"column":4},"end":{"line":48,"column":null}},"20":{"start":{"line":48,"column":14},"end":{"line":48,"column":null}},"21":{"start":{"line":50,"column":4},"end":{"line":50,"column":null}},"22":{"start":{"line":51,"column":4},"end":{"line":51,"column":null}},"23":{"start":{"line":54,"column":4},"end":{"line":54,"column":null}},"24":{"start":{"line":55,"column":4},"end":{"line":55,"column":null}},"25":{"start":{"line":59,"column":19},"end":{"line":59,"column":22}},"26":{"start":{"line":60,"column":23},"end":{"line":60,"column":61}},"27":{"start":{"line":61,"column":19},"end":{"line":61,"column":null}},"28":{"start":{"line":64,"column":17},"end":{"line":64,"column":null}},"29":{"start":{"line":65,"column":20},"end":{"line":65,"column":null}},"30":{"start":{"line":68,"column":4},"end":{"line":68,"column":null}},"31":{"start":{"line":69,"column":4},"end":{"line":80,"column":null}},"32":{"start":{"line":69,"column":17},"end":{"line":69,"column":20}},"33":{"start":{"line":70,"column":6},"end":{"line":79,"column":null}},"34":{"start":{"line":70,"column":19},"end":{"line":70,"column":22}},"35":{"start":{"line":71,"column":8},"end":{"line":78,"column":null}},"36":{"start":{"line":72,"column":10},"end":{"line":76,"column":null}},"37":{"start":{"line":83,"column":21},"end":{"line":83,"column":null}},"38":{"start":{"line":84,"column":4},"end":{"line":84,"column":null}},"39":{"start":{"line":85,"column":4},"end":{"line":85,"column":null}},"40":{"start":{"line":89,"column":21},"end":{"line":97,"column":null}},"41":{"start":{"line":90,"column":15},"end":{"line":90,"column":null}},"42":{"start":{"line":91,"column":4},"end":{"line":95,"column":null}},"43":{"start":{"line":91,"column":17},"end":{"line":91,"column":20}},"44":{"start":{"line":92,"column":19},"end":{"line":92,"column":null}},"45":{"start":{"line":93,"column":6},"end":{"line":93,"column":null}},"46":{"start":{"line":96,"column":4},"end":{"line":96,"column":null}},"47":{"start":{"line":100,"column":28},"end":{"line":141,"column":null}},"48":{"start":{"line":101,"column":33},"end":{"line":101,"column":35}},"49":{"start":{"line":103,"column":4},"end":{"line":110,"column":null}},"50":{"start":{"line":103,"column":17},"end":{"line":103,"column":20}},"51":{"start":{"line":104,"column":6},"end":{"line":104,"column":null}},"52":{"start":{"line":105,"column":6},"end":{"line":109,"column":null}},"53":{"start":{"line":105,"column":19},"end":{"line":105,"column":22}},"54":{"start":{"line":107,"column":20},"end":{"line":107,"column":null}},"55":{"start":{"line":108,"column":8},"end":{"line":108,"column":null}},"56":{"start":{"line":114,"column":4},"end":{"line":120,"column":null}},"57":{"start":{"line":114,"column":17},"end":{"line":114,"column":20}},"58":{"start":{"line":115,"column":6},"end":{"line":119,"column":null}},"59":{"start":{"line":115,"column":19},"end":{"line":115,"column":22}},"60":{"start":{"line":116,"column":8},"end":{"line":118,"column":null}},"61":{"start":{"line":117,"column":10},"end":{"line":117,"column":null}},"62":{"start":{"line":123,"column":4},"end":{"line":129,"column":null}},"63":{"start":{"line":123,"column":17},"end":{"line":123,"column":20}},"64":{"start":{"line":124,"column":6},"end":{"line":128,"column":null}},"65":{"start":{"line":124,"column":19},"end":{"line":124,"column":29}},"66":{"start":{"line":125,"column":8},"end":{"line":127,"column":null}},"67":{"start":{"line":126,"column":10},"end":{"line":126,"column":null}},"68":{"start":{"line":132,"column":4},"end":{"line":138,"column":null}},"69":{"start":{"line":132,"column":17},"end":{"line":132,"column":27}},"70":{"start":{"line":133,"column":6},"end":{"line":137,"column":null}},"71":{"start":{"line":133,"column":19},"end":{"line":133,"column":22}},"72":{"start":{"line":134,"column":8},"end":{"line":136,"column":null}},"73":{"start":{"line":135,"column":10},"end":{"line":135,"column":null}},"74":{"start":{"line":140,"column":4},"end":{"line":140,"column":null}},"75":{"start":{"line":144,"column":24},"end":{"line":153,"column":null}},"76":{"start":{"line":145,"column":22},"end":{"line":150,"column":null}},"77":{"start":{"line":152,"column":4},"end":{"line":152,"column":null}},"78":{"start":{"line":156,"column":2},"end":{"line":172,"column":null}},"79":{"start":{"line":157,"column":4},"end":{"line":171,"column":null}},"80":{"start":{"line":158,"column":6},"end":{"line":158,"column":null}},"81":{"start":{"line":159,"column":6},"end":{"line":159,"column":null}},"82":{"start":{"line":160,"column":6},"end":{"line":160,"column":null}},"83":{"start":{"line":162,"column":6},"end":{"line":170,"column":null}},"84":{"start":{"line":163,"column":23},"end":{"line":163,"column":null}},"85":{"start":{"line":164,"column":8},"end":{"line":164,"column":null}},"86":{"start":{"line":166,"column":8},"end":{"line":166,"column":null}},"87":{"start":{"line":167,"column":8},"end":{"line":167,"column":null}},"88":{"start":{"line":168,"column":8},"end":{"line":168,"column":null}},"89":{"start":{"line":169,"column":8},"end":{"line":169,"column":null}},"90":{"start":{"line":175,"column":25},"end":{"line":184,"column":null}},"91":{"start":{"line":176,"column":4},"end":{"line":176,"column":null}},"92":{"start":{"line":176,"column":21},"end":{"line":176,"column":null}},"93":{"start":{"line":178,"column":17},"end":{"line":178,"column":null}},"94":{"start":{"line":179,"column":4},"end":{"line":179,"column":null}},"95":{"start":{"line":180,"column":4},"end":{"line":180,"column":null}},"96":{"start":{"line":181,"column":4},"end":{"line":181,"column":null}},"97":{"start":{"line":183,"column":4},"end":{"line":183,"column":null}},"98":{"start":{"line":187,"column":21},"end":{"line":205,"column":null}},"99":{"start":{"line":188,"column":4},"end":{"line":188,"column":null}},"100":{"start":{"line":188,"column":21},"end":{"line":188,"column":null}},"101":{"start":{"line":190,"column":4},"end":{"line":204,"column":null}},"102":{"start":{"line":192,"column":23},"end":{"line":192,"column":null}},"103":{"start":{"line":193,"column":19},"end":{"line":193,"column":null}},"104":{"start":{"line":196,"column":6},"end":{"line":198,"column":null}},"105":{"start":{"line":200,"column":6},"end":{"line":200,"column":null}},"106":{"start":{"line":202,"column":6},"end":{"line":202,"column":null}},"107":{"start":{"line":203,"column":6},"end":{"line":203,"column":null}},"108":{"start":{"line":208,"column":22},"end":{"line":226,"column":null}},"109":{"start":{"line":209,"column":19},"end":{"line":209,"column":null}},"110":{"start":{"line":211,"column":4},"end":{"line":225,"column":null}},"111":{"start":{"line":212,"column":6},"end":{"line":221,"column":null}},"112":{"start":{"line":213,"column":8},"end":{"line":217,"column":null}},"113":{"start":{"line":219,"column":8},"end":{"line":219,"column":null}},"114":{"start":{"line":220,"column":8},"end":{"line":220,"column":null}},"115":{"start":{"line":223,"column":6},"end":{"line":223,"column":null}},"116":{"start":{"line":224,"column":6},"end":{"line":224,"column":null}},"117":{"start":{"line":229,"column":26},"end":{"line":242,"column":null}},"118":{"start":{"line":230,"column":4},"end":{"line":241,"column":null}},"119":{"start":{"line":232,"column":8},"end":{"line":232,"column":null}},"120":{"start":{"line":234,"column":8},"end":{"line":234,"column":null}},"121":{"start":{"line":236,"column":8},"end":{"line":236,"column":null}},"122":{"start":{"line":238,"column":8},"end":{"line":238,"column":null}},"123":{"start":{"line":240,"column":8},"end":{"line":240,"column":null}},"124":{"start":{"line":245,"column":32},"end":{"line":247,"column":null}},"125":{"start":{"line":246,"column":4},"end":{"line":246,"column":null}},"126":{"start":{"line":249,"column":2},"end":{"line":249,"column":null}},"127":{"start":{"line":249,"column":15},"end":{"line":249,"column":null}},"128":{"start":{"line":277,"column":18},"end":{"line":277,"column":null}},"129":{"start":{"line":278,"column":33},"end":{"line":278,"column":null}},"130":{"start":{"line":279,"column":18},"end":{"line":279,"column":null}},"131":{"start":{"line":361,"column":30},"end":{"line":361,"column":null}},"132":{"start":{"line":362,"column":30},"end":{"line":362,"column":null}},"133":{"start":{"line":364,"column":25},"end":{"line":367,"column":null}},"134":{"start":{"line":365,"column":4},"end":{"line":365,"column":null}},"135":{"start":{"line":366,"column":4},"end":{"line":366,"column":null}},"136":{"start":{"line":369,"column":22},"end":{"line":372,"column":null}},"137":{"start":{"line":370,"column":4},"end":{"line":370,"column":null}},"138":{"start":{"line":371,"column":4},"end":{"line":371,"column":null}},"139":{"start":{"line":374,"column":2},"end":{"line":379,"column":null}},"140":{"start":{"line":383,"column":34},"end":{"line":391,"column":null}},"141":{"start":{"line":383,"column":111},"end":{"line":391,"column":null}},"142":{"start":{"line":393,"column":34},"end":{"line":401,"column":null}},"143":{"start":{"line":393,"column":101},"end":{"line":401,"column":null}},"144":{"start":{"line":403,"column":36},"end":{"line":411,"column":null}},"145":{"start":{"line":403,"column":115},"end":{"line":411,"column":null}},"146":{"start":{"line":413,"column":27},"end":{"line":421,"column":null}},"147":{"start":{"line":413,"column":95},"end":{"line":421,"column":null}}},"fnMap":{"0":{"name":"QRCodeGenerator","decl":{"start":{"line":27,"column":24},"end":{"line":27,"column":40}},"loc":{"start":{"line":33,"column":23},"end":{"line":357,"column":1}}},"1":{"name":"(anonymous_11)","decl":{"start":{"line":43,"column":25},"end":{"line":43,"column":32}},"loc":{"start":{"line":43,"column":46},"end":{"line":86,"column":null}}},"2":{"name":"(anonymous_12)","decl":{"start":{"line":89,"column":21},"end":{"line":89,"column":22}},"loc":{"start":{"line":89,"column":22},"end":{"line":97,"column":null}}},"3":{"name":"(anonymous_13)","decl":{"start":{"line":100,"column":28},"end":{"line":100,"column":29}},"loc":{"start":{"line":100,"column":43},"end":{"line":141,"column":null}}},"4":{"name":"(anonymous_14)","decl":{"start":{"line":144,"column":24},"end":{"line":144,"column":25}},"loc":{"start":{"line":144,"column":25},"end":{"line":153,"column":null}}},"5":{"name":"(anonymous_15)","decl":{"start":{"line":156,"column":12},"end":{"line":156,"column":null}},"loc":{"start":{"line":156,"column":12},"end":{"line":172,"column":5}}},"6":{"name":"(anonymous_16)","decl":{"start":{"line":175,"column":25},"end":{"line":175,"column":null}},"loc":{"start":{"line":175,"column":25},"end":{"line":184,"column":null}}},"7":{"name":"(anonymous_17)","decl":{"start":{"line":187,"column":21},"end":{"line":187,"column":null}},"loc":{"start":{"line":187,"column":21},"end":{"line":205,"column":null}}},"8":{"name":"(anonymous_18)","decl":{"start":{"line":208,"column":22},"end":{"line":208,"column":null}},"loc":{"start":{"line":208,"column":22},"end":{"line":226,"column":null}}},"9":{"name":"(anonymous_19)","decl":{"start":{"line":229,"column":26},"end":{"line":229,"column":null}},"loc":{"start":{"line":229,"column":26},"end":{"line":242,"column":null}}},"10":{"name":"(anonymous_20)","decl":{"start":{"line":245,"column":32},"end":{"line":245,"column":null}},"loc":{"start":{"line":245,"column":32},"end":{"line":247,"column":null}}},"11":{"name":"(anonymous_21)","decl":{"start":{"line":276,"column":25},"end":{"line":276,"column":null}},"loc":{"start":{"line":276,"column":25},"end":{"line":280,"column":null}}},"12":{"name":"useQRCodeGenerator","decl":{"start":{"line":360,"column":16},"end":{"line":360,"column":34}},"loc":{"start":{"line":360,"column":16},"end":{"line":380,"column":null}}},"13":{"name":"(anonymous_23)","decl":{"start":{"line":364,"column":25},"end":{"line":364,"column":26}},"loc":{"start":{"line":364,"column":26},"end":{"line":367,"column":null}}},"14":{"name":"(anonymous_24)","decl":{"start":{"line":369,"column":22},"end":{"line":369,"column":null}},"loc":{"start":{"line":369,"column":22},"end":{"line":372,"column":null}}},"15":{"name":"(anonymous_25)","decl":{"start":{"line":383,"column":34},"end":{"line":383,"column":35}},"loc":{"start":{"line":383,"column":111},"end":{"line":391,"column":null}}},"16":{"name":"(anonymous_26)","decl":{"start":{"line":393,"column":34},"end":{"line":393,"column":35}},"loc":{"start":{"line":393,"column":101},"end":{"line":401,"column":null}}},"17":{"name":"(anonymous_27)","decl":{"start":{"line":403,"column":36},"end":{"line":403,"column":37}},"loc":{"start":{"line":403,"column":115},"end":{"line":411,"column":null}}},"18":{"name":"(anonymous_28)","decl":{"start":{"line":413,"column":27},"end":{"line":413,"column":28}},"loc":{"start":{"line":413,"column":95},"end":{"line":421,"column":null}}}},"branchMap":{"0":{"loc":{"start":{"line":31,"column":2},"end":{"line":31,"column":19}},"type":"default-arg","locations":[{"start":{"line":31,"column":10},"end":{"line":31,"column":19}}]},"1":{"loc":{"start":{"line":32,"column":2},"end":{"line":32,"column":12}},"type":"default-arg","locations":[{"start":{"line":32,"column":9},"end":{"line":32,"column":12}}]},"2":{"loc":{"start":{"line":44,"column":4},"end":{"line":44,"column":null}},"type":"if","locations":[{"start":{"line":44,"column":4},"end":{"line":44,"column":null}}]},"3":{"loc":{"start":{"line":48,"column":4},"end":{"line":48,"column":null}},"type":"if","locations":[{"start":{"line":48,"column":4},"end":{"line":48,"column":null}}]},"4":{"loc":{"start":{"line":71,"column":8},"end":{"line":78,"column":null}},"type":"if","locations":[{"start":{"line":71,"column":8},"end":{"line":78,"column":null}}]},"5":{"loc":{"start":{"line":116,"column":8},"end":{"line":118,"column":null}},"type":"if","locations":[{"start":{"line":116,"column":8},"end":{"line":118,"column":null}}]},"6":{"loc":{"start":{"line":116,"column":12},"end":{"line":116,"column":50}},"type":"binary-expr","locations":[{"start":{"line":116,"column":13},"end":{"line":116,"column":22}},{"start":{"line":116,"column":22},"end":{"line":116,"column":33}},{"start":{"line":116,"column":33},"end":{"line":116,"column":42}},{"start":{"line":116,"column":42},"end":{"line":116,"column":50}}]},"7":{"loc":{"start":{"line":125,"column":8},"end":{"line":127,"column":null}},"type":"if","locations":[{"start":{"line":125,"column":8},"end":{"line":127,"column":null}}]},"8":{"loc":{"start":{"line":125,"column":12},"end":{"line":125,"column":64}},"type":"binary-expr","locations":[{"start":{"line":125,"column":13},"end":{"line":125,"column":29}},{"start":{"line":125,"column":29},"end":{"line":125,"column":47}},{"start":{"line":125,"column":47},"end":{"line":125,"column":56}},{"start":{"line":125,"column":56},"end":{"line":125,"column":64}}]},"9":{"loc":{"start":{"line":134,"column":8},"end":{"line":136,"column":null}},"type":"if","locations":[{"start":{"line":134,"column":8},"end":{"line":136,"column":null}}]},"10":{"loc":{"start":{"line":134,"column":12},"end":{"line":134,"column":64}},"type":"binary-expr","locations":[{"start":{"line":134,"column":13},"end":{"line":134,"column":22}},{"start":{"line":134,"column":22},"end":{"line":134,"column":33}},{"start":{"line":134,"column":33},"end":{"line":134,"column":49}},{"start":{"line":134,"column":49},"end":{"line":134,"column":64}}]},"11":{"loc":{"start":{"line":148,"column":17},"end":{"line":148,"column":null}},"type":"binary-expr","locations":[{"start":{"line":148,"column":17},"end":{"line":148,"column":45}},{"start":{"line":148,"column":45},"end":{"line":148,"column":null}}]},"12":{"loc":{"start":{"line":149,"column":10},"end":{"line":149,"column":54}},"type":"binary-expr","locations":[{"start":{"line":149,"column":10},"end":{"line":149,"column":23}},{"start":{"line":149,"column":27},"end":{"line":149,"column":54}}]},"13":{"loc":{"start":{"line":157,"column":4},"end":{"line":171,"column":null}},"type":"if","locations":[{"start":{"line":157,"column":4},"end":{"line":171,"column":null}}]},"14":{"loc":{"start":{"line":157,"column":8},"end":{"line":157,"column":24}},"type":"binary-expr","locations":[{"start":{"line":157,"column":8},"end":{"line":157,"column":18}},{"start":{"line":157,"column":18},"end":{"line":157,"column":24}}]},"15":{"loc":{"start":{"line":176,"column":4},"end":{"line":176,"column":null}},"type":"if","locations":[{"start":{"line":176,"column":4},"end":{"line":176,"column":null}}]},"16":{"loc":{"start":{"line":188,"column":4},"end":{"line":188,"column":null}},"type":"if","locations":[{"start":{"line":188,"column":4},"end":{"line":188,"column":null}}]},"17":{"loc":{"start":{"line":212,"column":6},"end":{"line":221,"column":null}},"type":"if","locations":[{"start":{"line":212,"column":6},"end":{"line":221,"column":null}},{"start":{"line":218,"column":13},"end":{"line":221,"column":null}}]},"18":{"loc":{"start":{"line":230,"column":4},"end":{"line":241,"column":null}},"type":"switch","locations":[{"start":{"line":231,"column":6},"end":{"line":232,"column":null}},{"start":{"line":233,"column":6},"end":{"line":234,"column":null}},{"start":{"line":235,"column":6},"end":{"line":236,"column":null}},{"start":{"line":237,"column":6},"end":{"line":238,"column":null}},{"start":{"line":239,"column":6},"end":{"line":240,"column":null}}]},"19":{"loc":{"start":{"line":232,"column":15},"end":{"line":232,"column":null}},"type":"binary-expr","locations":[{"start":{"line":232,"column":15},"end":{"line":232,"column":39}},{"start":{"line":232,"column":39},"end":{"line":232,"column":null}}]},"20":{"loc":{"start":{"line":234,"column":15},"end":{"line":234,"column":null}},"type":"binary-expr","locations":[{"start":{"line":234,"column":15},"end":{"line":234,"column":39}},{"start":{"line":234,"column":39},"end":{"line":234,"column":null}}]},"21":{"loc":{"start":{"line":236,"column":15},"end":{"line":236,"column":null}},"type":"binary-expr","locations":[{"start":{"line":236,"column":15},"end":{"line":236,"column":39}},{"start":{"line":236,"column":39},"end":{"line":236,"column":null}}]},"22":{"loc":{"start":{"line":238,"column":15},"end":{"line":238,"column":null}},"type":"binary-expr","locations":[{"start":{"line":238,"column":15},"end":{"line":238,"column":39}},{"start":{"line":238,"column":39},"end":{"line":238,"column":null}}]},"23":{"loc":{"start":{"line":240,"column":15},"end":{"line":240,"column":null}},"type":"binary-expr","locations":[{"start":{"line":240,"column":15},"end":{"line":240,"column":39}},{"start":{"line":240,"column":39},"end":{"line":240,"column":null}}]},"24":{"loc":{"start":{"line":246,"column":11},"end":{"line":246,"column":87}},"type":"binary-expr","locations":[{"start":{"line":246,"column":11},"end":{"line":246,"column":41}},{"start":{"line":246,"column":41},"end":{"line":246,"column":87}}]},"25":{"loc":{"start":{"line":249,"column":2},"end":{"line":249,"column":null}},"type":"if","locations":[{"start":{"line":249,"column":2},"end":{"line":249,"column":null}}]},"26":{"loc":{"start":{"line":268,"column":11},"end":{"line":352,"column":null}},"type":"cond-expr","locations":[{"start":{"line":269,"column":12},"end":{"line":286,"column":null}},{"start":{"line":286,"column":14},"end":{"line":352,"column":null}}]},"27":{"loc":{"start":{"line":286,"column":14},"end":{"line":352,"column":null}},"type":"cond-expr","locations":[{"start":{"line":287,"column":12},"end":{"line":291,"column":null}},{"start":{"line":291,"column":14},"end":{"line":352,"column":null}}]},"28":{"loc":{"start":{"line":291,"column":14},"end":{"line":352,"column":null}},"type":"cond-expr","locations":[{"start":{"line":292,"column":12},"end":{"line":352,"column":null}},{"start":{"line":352,"column":14},"end":{"line":352,"column":null}}]},"29":{"loc":{"start":{"line":312,"column":19},"end":{"line":312,"column":null}},"type":"binary-expr","locations":[{"start":{"line":312,"column":19},"end":{"line":312,"column":null}}]},"30":{"loc":{"start":{"line":387,"column":11},"end":{"line":387,"column":null}},"type":"binary-expr","locations":[{"start":{"line":387,"column":11},"end":{"line":387,"column":20}},{"start":{"line":387,"column":20},"end":{"line":387,"column":null}}]},"31":{"loc":{"start":{"line":388,"column":17},"end":{"line":388,"column":null}},"type":"binary-expr","locations":[{"start":{"line":388,"column":17},"end":{"line":388,"column":32}},{"start":{"line":388,"column":32},"end":{"line":388,"column":null}}]},"32":{"loc":{"start":{"line":397,"column":11},"end":{"line":397,"column":null}},"type":"binary-expr","locations":[{"start":{"line":397,"column":11},"end":{"line":397,"column":19}},{"start":{"line":397,"column":19},"end":{"line":397,"column":null}}]},"33":{"loc":{"start":{"line":398,"column":17},"end":{"line":398,"column":null}},"type":"binary-expr","locations":[{"start":{"line":398,"column":17},"end":{"line":398,"column":32}},{"start":{"line":398,"column":32},"end":{"line":398,"column":null}}]},"34":{"loc":{"start":{"line":407,"column":11},"end":{"line":407,"column":null}},"type":"binary-expr","locations":[{"start":{"line":407,"column":11},"end":{"line":407,"column":20}},{"start":{"line":407,"column":20},"end":{"line":407,"column":null}}]},"35":{"loc":{"start":{"line":408,"column":17},"end":{"line":408,"column":null}},"type":"binary-expr","locations":[{"start":{"line":408,"column":17},"end":{"line":408,"column":32}},{"start":{"line":408,"column":32},"end":{"line":408,"column":null}}]},"36":{"loc":{"start":{"line":417,"column":11},"end":{"line":417,"column":null}},"type":"binary-expr","locations":[{"start":{"line":417,"column":11},"end":{"line":417,"column":20}},{"start":{"line":417,"column":20},"end":{"line":417,"column":null}}]},"37":{"loc":{"start":{"line":418,"column":17},"end":{"line":418,"column":null}},"type":"binary-expr","locations":[{"start":{"line":418,"column":17},"end":{"line":418,"column":32}},{"start":{"line":418,"column":32},"end":{"line":418,"column":null}}]}},"s":{"0":2,"1":5,"2":0,"3":0,"4":0,"5":8,"6":1,"7":1,"8":1,"9":0,"10":0,"11":0,"12":0,"13":0,"14":0,"15":0,"16":0,"17":0,"18":0,"19":0,"20":0,"21":0,"22":0,"23":0,"24":0,"25":0,"26":0,"27":0,"28":0,"29":0,"30":0,"31":0,"32":0,"33":0,"34":0,"35":0,"36":0,"37":0,"38":0,"39":0,"40":0,"41":0,"42":0,"43":0,"44":0,"45":0,"46":0,"47":0,"48":0,"49":0,"50":0,"51":0,"52":0,"53":0,"54":0,"55":0,"56":0,"57":0,"58":0,"59":0,"60":0,"61":0,"62":0,"63":0,"64":0,"65":0,"66":0,"67":0,"68":0,"69":0,"70":0,"71":0,"72":0,"73":0,"74":0,"75":0,"76":0,"77":0,"78":0,"79":0,"80":0,"81":0,"82":0,"83":0,"84":0,"85":0,"86":0,"87":0,"88":0,"89":0,"90":0,"91":0,"92":0,"93":0,"94":0,"95":0,"96":0,"97":0,"98":0,"99":0,"100":0,"101":0,"102":0,"103":0,"104":0,"105":0,"106":0,"107":0,"108":0,"109":0,"110":0,"111":0,"112":0,"113":0,"114":0,"115":0,"116":0,"117":0,"118":0,"119":0,"120":0,"121":0,"122":0,"123":0,"124":0,"125":0,"126":0,"127":0,"128":0,"129":0,"130":0,"131":8,"132":8,"133":8,"134":3,"135":3,"136":8,"137":1,"138":1,"139":8,"140":1,"141":5,"142":1,"143":2,"144":1,"145":0,"146":1,"147":0},"f":{"0":0,"1":0,"2":0,"3":0,"4":0,"5":0,"6":0,"7":0,"8":0,"9":0,"10":0,"11":0,"12":8,"13":3,"14":1,"15":5,"16":2,"17":0,"18":0},"b":{"0":[0],"1":[0],"2":[0],"3":[0],"4":[0],"5":[0],"6":[0,0,0,0],"7":[0],"8":[0,0,0,0],"9":[0],"10":[0,0,0,0],"11":[0,0],"12":[0,0],"13":[0],"14":[0,0],"15":[0],"16":[0],"17":[0,0],"18":[0,0,0,0,0],"19":[0,0],"20":[0,0],"21":[0,0],"22":[0,0],"23":[0,0],"24":[0,0],"25":[0],"26":[0,0],"27":[0,0],"28":[0,0],"29":[0],"30":[5,0],"31":[5,4],"32":[2,0],"33":[2,1],"34":[0,0],"35":[0,0],"36":[0,0],"37":[0,0]}}
,"C:\\Users\\lab_services_student\\Documents\\GitHub\\BlockChain\\src\\components\\qr-code-scanner.tsx": {"path":"C:\\Users\\lab_services_student\\Documents\\GitHub\\BlockChain\\src\\components\\qr-code-scanner.tsx","statementMap":{"0":{"start":{"line":24,"column":24},"end":{"line":24,"column":38}},"1":{"start":{"line":3,"column":64},"end":{"line":3,"column":null}},"2":{"start":{"line":4,"column":88},"end":{"line":4,"column":null}},"3":{"start":{"line":5,"column":25},"end":{"line":5,"column":null}},"4":{"start":{"line":32,"column":19},"end":{"line":32,"column":null}},"5":{"start":{"line":33,"column":20},"end":{"line":33,"column":null}},"6":{"start":{"line":34,"column":20},"end":{"line":34,"column":null}},"7":{"start":{"line":35,"column":28},"end":{"line":35,"column":null}},"8":{"start":{"line":37,"column":36},"end":{"line":37,"column":null}},"9":{"start":{"line":38,"column":28},"end":{"line":38,"column":null}},"10":{"start":{"line":39,"column":38},"end":{"line":39,"column":null}},"11":{"start":{"line":40,"column":34},"end":{"line":40,"column":null}},"12":{"start":{"line":41,"column":32},"end":{"line":41,"column":null}},"13":{"start":{"line":42,"column":38},"end":{"line":42,"column":null}},"14":{"start":{"line":44,"column":25},"end":{"line":44,"column":null}},"15":{"start":{"line":47,"column":27},"end":{"line":93,"column":null}},"16":{"start":{"line":48,"column":4},"end":{"line":52,"column":null}},"17":{"start":{"line":49,"column":6},"end":{"line":49,"column":null}},"18":{"start":{"line":50,"column":6},"end":{"line":50,"column":null}},"19":{"start":{"line":51,"column":6},"end":{"line":51,"column":null}},"20":{"start":{"line":54,"column":4},"end":{"line":92,"column":null}},"21":{"start":{"line":55,"column":6},"end":{"line":55,"column":null}},"22":{"start":{"line":56,"column":6},"end":{"line":56,"column":null}},"23":{"start":{"line":59,"column":6},"end":{"line":61,"column":null}},"24":{"start":{"line":60,"column":8},"end":{"line":60,"column":null}},"25":{"start":{"line":60,"column":55},"end":{"line":60,"column":null}},"26":{"start":{"line":63,"column":26},"end":{"line":69,"column":null}},"27":{"start":{"line":71,"column":21},"end":{"line":71,"column":null}},"28":{"start":{"line":72,"column":6},"end":{"line":72,"column":null}},"29":{"start":{"line":74,"column":6},"end":{"line":82,"column":null}},"30":{"start":{"line":75,"column":8},"end":{"line":75,"column":null}},"31":{"start":{"line":76,"column":8},"end":{"line":76,"column":null}},"32":{"start":{"line":79,"column":27},"end":{"line":79,"column":53}},"33":{"start":{"line":80,"column":29},"end":{"line":80,"column":null}},"34":{"start":{"line":81,"column":8},"end":{"line":81,"column":null}},"35":{"start":{"line":84,"column":6},"end":{"line":84,"column":null}},"36":{"start":{"line":85,"column":6},"end":{"line":85,"column":null}},"37":{"start":{"line":88,"column":6},"end":{"line":88,"column":null}},"38":{"start":{"line":89,"column":6},"end":{"line":89,"column":null}},"39":{"start":{"line":90,"column":6},"end":{"line":90,"column":null}},"40":{"start":{"line":91,"column":6},"end":{"line":91,"column":null}},"41":{"start":{"line":96,"column":23},"end":{"line":98,"column":null}},"42":{"start":{"line":97,"column":4},"end":{"line":97,"column":null}},"43":{"start":{"line":97,"column":26},"end":{"line":97,"column":null}},"44":{"start":{"line":101,"column":22},"end":{"line":117,"column":null}},"45":{"start":{"line":102,"column":4},"end":{"line":102,"column":null}},"46":{"start":{"line":102,"column":28},"end":{"line":102,"column":null}},"47":{"start":{"line":104,"column":4},"end":{"line":116,"column":null}},"48":{"start":{"line":105,"column":25},"end":{"line":105,"column":62}},"49":{"start":{"line":106,"column":27},"end":{"line":106,"column":null}},"50":{"start":{"line":108,"column":6},"end":{"line":113,"column":null}},"51":{"start":{"line":109,"column":8},"end":{"line":111,"column":null}},"52":{"start":{"line":112,"column":8},"end":{"line":112,"column":null}},"53":{"start":{"line":115,"column":6},"end":{"line":115,"column":null}},"54":{"start":{"line":120,"column":22},"end":{"line":174,"column":null}},"55":{"start":{"line":121,"column":4},"end":{"line":134,"column":null}},"56":{"start":{"line":123,"column":21},"end":{"line":123,"column":null}},"57":{"start":{"line":125,"column":6},"end":{"line":131,"column":null}},"58":{"start":{"line":126,"column":8},"end":{"line":130,"column":null}},"59":{"start":{"line":137,"column":4},"end":{"line":143,"column":null}},"60":{"start":{"line":138,"column":6},"end":{"line":142,"column":null}},"61":{"start":{"line":146,"column":4},"end":{"line":152,"column":null}},"62":{"start":{"line":147,"column":6},"end":{"line":151,"column":null}},"63":{"start":{"line":155,"column":4},"end":{"line":166,"column":null}},"64":{"start":{"line":156,"column":6},"end":{"line":165,"column":null}},"65":{"start":{"line":157,"column":27},"end":{"line":157,"column":null}},"66":{"start":{"line":158,"column":8},"end":{"line":162,"column":null}},"67":{"start":{"line":169,"column":4},"end":{"line":173,"column":null}},"68":{"start":{"line":177,"column":24},"end":{"line":199,"column":null}},"69":{"start":{"line":178,"column":4},"end":{"line":198,"column":null}},"70":{"start":{"line":179,"column":21},"end":{"line":179,"column":null}},"71":{"start":{"line":182,"column":6},"end":{"line":185,"column":null}},"72":{"start":{"line":183,"column":8},"end":{"line":183,"column":null}},"73":{"start":{"line":184,"column":8},"end":{"line":184,"column":null}},"74":{"start":{"line":187,"column":6},"end":{"line":187,"column":null}},"75":{"start":{"line":188,"column":6},"end":{"line":188,"column":null}},"76":{"start":{"line":191,"column":6},"end":{"line":193,"column":null}},"77":{"start":{"line":192,"column":8},"end":{"line":192,"column":null}},"78":{"start":{"line":192,"column":55},"end":{"line":192,"column":null}},"79":{"start":{"line":196,"column":6},"end":{"line":196,"column":null}},"80":{"start":{"line":197,"column":6},"end":{"line":197,"column":null}},"81":{"start":{"line":202,"column":23},"end":{"line":227,"column":null}},"82":{"start":{"line":203,"column":4},"end":{"line":203,"column":null}},"83":{"start":{"line":203,"column":64},"end":{"line":203,"column":null}},"84":{"start":{"line":205,"column":18},"end":{"line":205,"column":34}},"85":{"start":{"line":206,"column":19},"end":{"line":206,"column":36}},"86":{"start":{"line":207,"column":20},"end":{"line":207,"column":null}},"87":{"start":{"line":209,"column":4},"end":{"line":209,"column":null}},"88":{"start":{"line":209,"column":18},"end":{"line":209,"column":null}},"89":{"start":{"line":212,"column":4},"end":{"line":212,"column":null}},"90":{"start":{"line":213,"column":4},"end":{"line":213,"column":null}},"91":{"start":{"line":216,"column":4},"end":{"line":216,"column":null}},"92":{"start":{"line":219,"column":22},"end":{"line":219,"column":null}},"93":{"start":{"line":226,"column":4},"end":{"line":226,"column":null}},"94":{"start":{"line":230,"column":2},"end":{"line":240,"column":null}},"95":{"start":{"line":231,"column":4},"end":{"line":233,"column":null}},"96":{"start":{"line":232,"column":6},"end":{"line":232,"column":null}},"97":{"start":{"line":235,"column":4},"end":{"line":239,"column":null}},"98":{"start":{"line":236,"column":6},"end":{"line":238,"column":null}},"99":{"start":{"line":237,"column":8},"end":{"line":237,"column":null}},"100":{"start":{"line":243,"column":2},"end":{"line":264,"column":null}},"101":{"start":{"line":244,"column":4},"end":{"line":254,"column":null}},"102":{"start":{"line":245,"column":6},"end":{"line":245,"column":null}},"103":{"start":{"line":248,"column":6},"end":{"line":251,"column":null}},"104":{"start":{"line":249,"column":8},"end":{"line":249,"column":null}},"105":{"start":{"line":249,"column":55},"end":{"line":249,"column":null}},"106":{"start":{"line":250,"column":8},"end":{"line":250,"column":null}},"107":{"start":{"line":252,"column":6},"end":{"line":252,"column":null}},"108":{"start":{"line":253,"column":6},"end":{"line":253,"column":null}},"109":{"start":{"line":256,"column":4},"end":{"line":263,"column":null}},"110":{"start":{"line":257,"column":6},"end":{"line":259,"column":null}},"111":{"start":{"line":258,"column":8},"end":{"line":258,"column":null}},"112":{"start":{"line":258,"column":55},"end":{"line":258,"column":null}},"113":{"start":{"line":260,"column":6},"end":{"line":262,"column":null}},"114":{"start":{"line":261,"column":8},"end":{"line":261,"column":null}},"115":{"start":{"line":267,"column":28},"end":{"line":272,"column":null}},"116":{"start":{"line":268,"column":21},"end":{"line":268,"column":null}},"117":{"start":{"line":269,"column":4},"end":{"line":271,"column":null}},"118":{"start":{"line":270,"column":6},"end":{"line":270,"column":null}},"119":{"start":{"line":274,"column":2},"end":{"line":274,"column":null}},"120":{"start":{"line":274,"column":15},"end":{"line":274,"column":null}}},"fnMap":{"0":{"name":"QRCodeScanner","decl":{"start":{"line":24,"column":24},"end":{"line":24,"column":38}},"loc":{"start":{"line":31,"column":21},"end":{"line":397,"column":null}}},"1":{"name":"(anonymous_5)","decl":{"start":{"line":47,"column":39},"end":{"line":47,"column":null}},"loc":{"start":{"line":47,"column":39},"end":{"line":93,"column":5}}},"2":{"name":"(anonymous_6)","decl":{"start":{"line":60,"column":46},"end":{"line":60,"column":55}},"loc":{"start":{"line":60,"column":55},"end":{"line":60,"column":null}}},"3":{"name":"(anonymous_7)","decl":{"start":{"line":96,"column":23},"end":{"line":96,"column":null}},"loc":{"start":{"line":96,"column":23},"end":{"line":98,"column":null}}},"4":{"name":"(anonymous_8)","decl":{"start":{"line":97,"column":18},"end":{"line":97,"column":26}},"loc":{"start":{"line":97,"column":26},"end":{"line":97,"column":null}}},"5":{"name":"(anonymous_9)","decl":{"start":{"line":101,"column":22},"end":{"line":101,"column":null}},"loc":{"start":{"line":101,"column":22},"end":{"line":117,"column":null}}},"6":{"name":"(anonymous_10)","decl":{"start":{"line":120,"column":22},"end":{"line":120,"column":23}},"loc":{"start":{"line":120,"column":23},"end":{"line":174,"column":null}}},"7":{"name":"(anonymous_11)","decl":{"start":{"line":177,"column":36},"end":{"line":177,"column":37}},"loc":{"start":{"line":177,"column":37},"end":{"line":199,"column":5}}},"8":{"name":"(anonymous_12)","decl":{"start":{"line":192,"column":46},"end":{"line":192,"column":55}},"loc":{"start":{"line":192,"column":55},"end":{"line":192,"column":null}}},"9":{"name":"(anonymous_13)","decl":{"start":{"line":202,"column":35},"end":{"line":202,"column":null}},"loc":{"start":{"line":202,"column":35},"end":{"line":227,"column":5}}},"10":{"name":"(anonymous_14)","decl":{"start":{"line":230,"column":12},"end":{"line":230,"column":null}},"loc":{"start":{"line":230,"column":12},"end":{"line":240,"column":5}}},"11":{"name":"(anonymous_15)","decl":{"start":{"line":235,"column":11},"end":{"line":235,"column":null}},"loc":{"start":{"line":235,"column":11},"end":{"line":239,"column":null}}},"12":{"name":"(anonymous_16)","decl":{"start":{"line":243,"column":12},"end":{"line":243,"column":null}},"loc":{"start":{"line":243,"column":12},"end":{"line":264,"column":5}}},"13":{"name":"(anonymous_17)","decl":{"start":{"line":249,"column":46},"end":{"line":249,"column":55}},"loc":{"start":{"line":249,"column":55},"end":{"line":249,"column":null}}},"14":{"name":"(anonymous_18)","decl":{"start":{"line":256,"column":11},"end":{"line":256,"column":null}},"loc":{"start":{"line":256,"column":11},"end":{"line":263,"column":null}}},"15":{"name":"(anonymous_19)","decl":{"start":{"line":258,"column":46},"end":{"line":258,"column":55}},"loc":{"start":{"line":258,"column":55},"end":{"line":258,"column":null}}},"16":{"name":"(anonymous_20)","decl":{"start":{"line":267,"column":28},"end":{"line":267,"column":null}},"loc":{"start":{"line":267,"column":28},"end":{"line":272,"column":null}}}},"branchMap":{"0":{"loc":{"start":{"line":28,"column":2},"end":{"line":28,"column":24}},"type":"default-arg","locations":[{"start":{"line":28,"column":10},"end":{"line":28,"column":24}}]},"1":{"loc":{"start":{"line":29,"column":2},"end":{"line":29,"column":59}},"type":"default-arg","locations":[{"start":{"line":29,"column":16},"end":{"line":29,"column":59}}]},"2":{"loc":{"start":{"line":30,"column":2},"end":{"line":30,"column":null}},"type":"default-arg","locations":[{"start":{"line":30,"column":18},"end":{"line":30,"column":null}}]},"3":{"loc":{"start":{"line":48,"column":4},"end":{"line":52,"column":null}},"type":"if","locations":[{"start":{"line":48,"column":4},"end":{"line":52,"column":null}}]},"4":{"loc":{"start":{"line":48,"column":8},"end":{"line":48,"column":71}},"type":"binary-expr","locations":[{"start":{"line":48,"column":8},"end":{"line":48,"column":31}},{"start":{"line":48,"column":35},"end":{"line":48,"column":71}}]},"5":{"loc":{"start":{"line":59,"column":6},"end":{"line":61,"column":null}},"type":"if","locations":[{"start":{"line":59,"column":6},"end":{"line":61,"column":null}}]},"6":{"loc":{"start":{"line":74,"column":6},"end":{"line":82,"column":null}},"type":"if","locations":[{"start":{"line":74,"column":6},"end":{"line":82,"column":null}}]},"7":{"loc":{"start":{"line":81,"column":20},"end":{"line":81,"column":null}},"type":"binary-expr","locations":[{"start":{"line":81,"column":20},"end":{"line":81,"column":38}},{"start":{"line":81,"column":42},"end":{"line":81,"column":null}}]},"8":{"loc":{"start":{"line":97,"column":26},"end":{"line":97,"column":null}},"type":"cond-expr","locations":[{"start":{"line":97,"column":44},"end":{"line":97,"column":60}},{"start":{"line":97,"column":60},"end":{"line":97,"column":null}}]},"9":{"loc":{"start":{"line":102,"column":4},"end":{"line":102,"column":null}},"type":"if","locations":[{"start":{"line":102,"column":4},"end":{"line":102,"column":null}}]},"10":{"loc":{"start":{"line":108,"column":6},"end":{"line":113,"column":null}},"type":"if","locations":[{"start":{"line":108,"column":6},"end":{"line":113,"column":null}}]},"11":{"loc":{"start":{"line":125,"column":6},"end":{"line":131,"column":null}},"type":"if","locations":[{"start":{"line":125,"column":6},"end":{"line":131,"column":null}}]},"12":{"loc":{"start":{"line":125,"column":10},"end":{"line":125,"column":36}},"type":"binary-expr","locations":[{"start":{"line":125,"column":10},"end":{"line":125,"column":21}},{"start":{"line":125,"column":25},"end":{"line":125,"column":36}}]},"13":{"loc":{"start":{"line":137,"column":4},"end":{"line":143,"column":null}},"type":"if","locations":[{"start":{"line":137,"column":4},"end":{"line":143,"column":null}}]},"14":{"loc":{"start":{"line":146,"column":4},"end":{"line":152,"column":null}},"type":"if","locations":[{"start":{"line":146,"column":4},"end":{"line":152,"column":null}}]},"15":{"loc":{"start":{"line":146,"column":8},"end":{"line":146,"column":67}},"type":"binary-expr","locations":[{"start":{"line":146,"column":8},"end":{"line":146,"column":38}},{"start":{"line":146,"column":38},"end":{"line":146,"column":67}}]},"16":{"loc":{"start":{"line":155,"column":4},"end":{"line":166,"column":null}},"type":"if","locations":[{"start":{"line":155,"column":4},"end":{"line":166,"column":null}}]},"17":{"loc":{"start":{"line":155,"column":8},"end":{"line":155,"column":97}},"type":"binary-expr","locations":[{"start":{"line":155,"column":8},"end":{"line":155,"column":39}},{"start":{"line":155,"column":39},"end":{"line":155,"column":70}},{"start":{"line":155,"column":70},"end":{"line":155,"column":97}}]},"18":{"loc":{"start":{"line":182,"column":6},"end":{"line":185,"column":null}},"type":"if","locations":[{"start":{"line":182,"column":6},"end":{"line":185,"column":null}}]},"19":{"loc":{"start":{"line":182,"column":10},"end":{"line":182,"column":76}},"type":"binary-expr","locations":[{"start":{"line":182,"column":10},"end":{"line":182,"column":38}},{"start":{"line":182,"column":38},"end":{"line":182,"column":76}}]},"20":{"loc":{"start":{"line":191,"column":6},"end":{"line":193,"column":null}},"type":"if","locations":[{"start":{"line":191,"column":6},"end":{"line":193,"column":null}}]},"21":{"loc":{"start":{"line":203,"column":4},"end":{"line":203,"column":null}},"type":"if","locations":[{"start":{"line":203,"column":4},"end":{"line":203,"column":null}}]},"22":{"loc":{"start":{"line":203,"column":8},"end":{"line":203,"column":64}},"type":"binary-expr","locations":[{"start":{"line":203,"column":8},"end":{"line":203,"column":25}},{"start":{"line":203,"column":29},"end":{"line":203,"column":47}},{"start":{"line":203,"column":51},"end":{"line":203,"column":64}}]},"23":{"loc":{"start":{"line":209,"column":4},"end":{"line":209,"column":null}},"type":"if","locations":[{"start":{"line":209,"column":4},"end":{"line":209,"column":null}}]},"24":{"loc":{"start":{"line":231,"column":4},"end":{"line":233,"column":null}},"type":"if","locations":[{"start":{"line":231,"column":4},"end":{"line":233,"column":null}}]},"25":{"loc":{"start":{"line":231,"column":8},"end":{"line":231,"column":40}},"type":"binary-expr","locations":[{"start":{"line":231,"column":8},"end":{"line":231,"column":18}},{"start":{"line":231,"column":18},"end":{"line":231,"column":32}},{"start":{"line":231,"column":32},"end":{"line":231,"column":40}}]},"26":{"loc":{"start":{"line":236,"column":6},"end":{"line":238,"column":null}},"type":"if","locations":[{"start":{"line":236,"column":6},"end":{"line":238,"column":null}}]},"27":{"loc":{"start":{"line":244,"column":4},"end":{"line":254,"column":null}},"type":"if","locations":[{"start":{"line":244,"column":4},"end":{"line":254,"column":null}},{"start":{"line":246,"column":11},"end":{"line":254,"column":null}}]},"28":{"loc":{"start":{"line":248,"column":6},"end":{"line":251,"column":null}},"type":"if","locations":[{"start":{"line":248,"column":6},"end":{"line":251,"column":null}}]},"29":{"loc":{"start":{"line":257,"column":6},"end":{"line":259,"column":null}},"type":"if","locations":[{"start":{"line":257,"column":6},"end":{"line":259,"column":null}}]},"30":{"loc":{"start":{"line":260,"column":6},"end":{"line":262,"column":null}},"type":"if","locations":[{"start":{"line":260,"column":6},"end":{"line":262,"column":null}}]},"31":{"loc":{"start":{"line":269,"column":4},"end":{"line":271,"column":null}},"type":"if","locations":[{"start":{"line":269,"column":4},"end":{"line":271,"column":null}}]},"32":{"loc":{"start":{"line":274,"column":2},"end":{"line":274,"column":null}},"type":"if","locations":[{"start":{"line":274,"column":2},"end":{"line":274,"column":null}}]},"33":{"loc":{"start":{"line":294,"column":12},"end":{"line":305,"column":null}},"type":"cond-expr","locations":[{"start":{"line":294,"column":12},"end":{"line":305,"column":null}}]},"34":{"loc":{"start":{"line":306,"column":12},"end":{"line":311,"column":13}},"type":"cond-expr","locations":[{"start":{"line":306,"column":12},"end":{"line":311,"column":13}}]},"35":{"loc":{"start":{"line":326,"column":17},"end":{"line":326,"column":null}},"type":"binary-expr","locations":[{"start":{"line":326,"column":17},"end":{"line":326,"column":null}}]},"36":{"loc":{"start":{"line":347,"column":17},"end":{"line":347,"column":null}},"type":"binary-expr","locations":[{"start":{"line":347,"column":17},"end":{"line":347,"column":null}}]},"37":{"loc":{"start":{"line":350,"column":51},"end":{"line":350,"column":128}},"type":"cond-expr","locations":[{"start":{"line":350,"column":61},"end":{"line":350,"column":95}},{"start":{"line":350,"column":95},"end":{"line":350,"column":128}}]},"38":{"loc":{"start":{"line":351,"column":27},"end":{"line":351,"column":null}},"type":"cond-expr","locations":[{"start":{"line":351,"column":37},"end":{"line":351,"column":56}},{"start":{"line":351,"column":56},"end":{"line":351,"column":null}}]},"39":{"loc":{"start":{"line":353,"column":31},"end":{"line":353,"column":72}},"type":"cond-expr","locations":[{"start":{"line":353,"column":31},"end":{"line":353,"column":72}}]},"40":{"loc":{"start":{"line":369,"column":19},"end":{"line":369,"column":null}},"type":"cond-expr","locations":[{"start":{"line":369,"column":32},"end":{"line":369,"column":61}},{"start":{"line":369,"column":61},"end":{"line":369,"column":null}}]},"41":{"loc":{"start":{"line":374,"column":15},"end":{"line":374,"column":null}},"type":"binary-expr","locations":[{"start":{"line":374,"column":15},"end":{"line":374,"column":null}}]},"42":{"loc":{"start":{"line":383,"column":15},"end":{"line":383,"column":null}},"type":"binary-expr","locations":[{"start":{"line":383,"column":15},"end":{"line":383,"column":null}}]}},"s":{"0":0,"1":0,"2":0,"3":0,"4":0,"5":0,"6":0,"7":0,"8":0,"9":0,"10":0,"11":0,"12":0,"13":0,"14":0,"15":0,"16":0,"17":0,"18":0,"19":0,"20":0,"21":0,"22":0,"23":0,"24":0,"25":0,"26":0,"27":0,"28":0,"29":0,"30":0,"31":0,"32":0,"33":0,"34":0,"35":0,"36":0,"37":0,"38":0,"39":0,"40":0,"41":0,"42":0,"43":0,"44":0,"45":0,"46":0,"47":0,"48":0,"49":0,"50":0,"51":0,"52":0,"53":0,"54":0,"55":0,"56":0,"57":0,"58":0,"59":0,"60":0,"61":0,"62":0,"63":0,"64":0,"65":0,"66":0,"67":0,"68":0,"69":0,"70":0,"71":0,"72":0,"73":0,"74":0,"75":0,"76":0,"77":0,"78":0,"79":0,"80":0,"81":0,"82":0,"83":0,"84":0,"85":0,"86":0,"87":0,"88":0,"89":0,"90":0,"91":0,"92":0,"93":0,"94":0,"95":0,"96":0,"97":0,"98":0,"99":0,"100":0,"101":0,"102":0,"103":0,"104":0,"105":0,"106":0,"107":0,"108":0,"109":0,"110":0,"111":0,"112":0,"113":0,"114":0,"115":0,"116":0,"117":0,"118":0,"119":0,"120":0},"f":{"0":0,"1":0,"2":0,"3":0,"4":0,"5":0,"6":0,"7":0,"8":0,"9":0,"10":0,"11":0,"12":0,"13":0,"14":0,"15":0,"16":0},"b":{"0":[0],"1":[0],"2":[0],"3":[0],"4":[0,0],"5":[0],"6":[0],"7":[0,0],"8":[0,0],"9":[0],"10":[0],"11":[0],"12":[0,0],"13":[0],"14":[0],"15":[0,0],"16":[0],"17":[0,0,0],"18":[0],"19":[0,0],"20":[0],"21":[0],"22":[0,0,0],"23":[0],"24":[0],"25":[0,0,0],"26":[0],"27":[0,0],"28":[0],"29":[0],"30":[0],"31":[0],"32":[0],"33":[0],"34":[0],"35":[0],"36":[0],"37":[0,0],"38":[0,0],"39":[0],"40":[0,0],"41":[0],"42":[0]}}
,"C:\\Users\\lab_services_student\\Documents\\GitHub\\BlockChain\\src\\components\\search-filter-bar.tsx": {"path":"C:\\Users\\lab_services_student\\Documents\\GitHub\\BlockChain\\src\\components\\search-filter-bar.tsx","statementMap":{"0":{"start":{"line":377,"column":16},"end":{"line":377,"column":31}},"1":{"start":{"line":434,"column":16},"end":{"line":434,"column":28}},"2":{"start":{"line":464,"column":16},"end":{"line":464,"column":26}},"3":{"start":{"line":41,"column":24},"end":{"line":41,"column":71}},"4":{"start":{"line":3,"column":43},"end":{"line":3,"column":null}},"5":{"start":{"line":14,"column":7},"end":{"line":14,"column":null}},"6":{"start":{"line":15,"column":26},"end":{"line":15,"column":null}},"7":{"start":{"line":49,"column":56},"end":{"line":49,"column":null}},"8":{"start":{"line":50,"column":36},"end":{"line":53,"column":null}},"9":{"start":{"line":67,"column":6},"end":{"line":71,"column":null}},"10":{"start":{"line":74,"column":2},"end":{"line":76,"column":null}},"11":{"start":{"line":75,"column":4},"end":{"line":75,"column":null}},"12":{"start":{"line":78,"column":32},"end":{"line":87,"column":null}},"13":{"start":{"line":79,"column":4},"end":{"line":86,"column":null}},"14":{"start":{"line":80,"column":6},"end":{"line":83,"column":null}},"15":{"start":{"line":85,"column":6},"end":{"line":85,"column":null}},"16":{"start":{"line":89,"column":32},"end":{"line":93,"column":null}},"17":{"start":{"line":90,"column":16},"end":{"line":90,"column":43}},"18":{"start":{"line":91,"column":4},"end":{"line":91,"column":null}},"19":{"start":{"line":91,"column":61},"end":{"line":91,"column":null}},"20":{"start":{"line":92,"column":4},"end":{"line":92,"column":null}},"21":{"start":{"line":95,"column":27},"end":{"line":95,"column":null}},"22":{"start":{"line":107,"column":31},"end":{"line":107,"column":null}},"23":{"start":{"line":113,"column":31},"end":{"line":113,"column":null}},"24":{"start":{"line":123,"column":29},"end":{"line":123,"column":null}},"25":{"start":{"line":149,"column":33},"end":{"line":149,"column":null}},"26":{"start":{"line":154,"column":18},"end":{"line":154,"column":38}},"27":{"start":{"line":160,"column":33},"end":{"line":160,"column":null}},"28":{"start":{"line":222,"column":37},"end":{"line":222,"column":null}},"29":{"start":{"line":222,"column":59},"end":{"line":222,"column":null}},"30":{"start":{"line":229,"column":37},"end":{"line":229,"column":null}},"31":{"start":{"line":229,"column":59},"end":{"line":229,"column":null}},"32":{"start":{"line":245,"column":14},"end":{"line":245,"column":null}},"33":{"start":{"line":245,"column":39},"end":{"line":245,"column":null}},"34":{"start":{"line":247,"column":14},"end":{"line":248,"column":31}},"35":{"start":{"line":256,"column":39},"end":{"line":256,"column":null}},"36":{"start":{"line":261,"column":24},"end":{"line":261,"column":51}},"37":{"start":{"line":271,"column":24},"end":{"line":271,"column":50}},"38":{"start":{"line":276,"column":52},"end":{"line":276,"column":99}},"39":{"start":{"line":277,"column":48},"end":{"line":279,"column":null}},"40":{"start":{"line":279,"column":60},"end":{"line":279,"column":78}},"41":{"start":{"line":280,"column":30},"end":{"line":280,"column":null}},"42":{"start":{"line":296,"column":39},"end":{"line":296,"column":null}},"43":{"start":{"line":304,"column":37},"end":{"line":304,"column":null}},"44":{"start":{"line":323,"column":37},"end":{"line":323,"column":null}},"45":{"start":{"line":332,"column":18},"end":{"line":332,"column":null}},"46":{"start":{"line":332,"column":30},"end":{"line":332,"column":null}},"47":{"start":{"line":334,"column":33},"end":{"line":334,"column":50}},"48":{"start":{"line":335,"column":32},"end":{"line":335,"column":null}},"49":{"start":{"line":337,"column":18},"end":{"line":338,"column":36}},"50":{"start":{"line":341,"column":39},"end":{"line":341,"column":null}},"51":{"start":{"line":360,"column":2},"end":{"line":362,"column":null}},"52":{"start":{"line":361,"column":4},"end":{"line":361,"column":null}},"53":{"start":{"line":364,"column":2},"end":{"line":371,"column":null}},"54":{"start":{"line":365,"column":4},"end":{"line":367,"column":null}},"55":{"start":{"line":366,"column":6},"end":{"line":366,"column":null}},"56":{"start":{"line":368,"column":4},"end":{"line":370,"column":null}},"57":{"start":{"line":369,"column":6},"end":{"line":369,"column":null}},"58":{"start":{"line":373,"column":2},"end":{"line":373,"column":null}},"59":{"start":{"line":388,"column":38},"end":{"line":391,"column":null}},"60":{"start":{"line":393,"column":2},"end":{"line":398,"column":null}},"61":{"start":{"line":394,"column":4},"end":{"line":397,"column":null}},"62":{"start":{"line":400,"column":22},"end":{"line":405,"column":null}},"63":{"start":{"line":401,"column":4},"end":{"line":404,"column":null}},"64":{"start":{"line":414,"column":27},"end":{"line":414,"column":null}},"65":{"start":{"line":414,"column":50},"end":{"line":414,"column":null}},"66":{"start":{"line":420,"column":27},"end":{"line":420,"column":null}},"67":{"start":{"line":420,"column":50},"end":{"line":420,"column":null}},"68":{"start":{"line":450,"column":25},"end":{"line":450,"column":null}},"69":{"start":{"line":455,"column":10},"end":{"line":455,"column":37}},"70":{"start":{"line":475,"column":23},"end":{"line":482,"column":null}},"71":{"start":{"line":476,"column":26},"end":{"line":476,"column":37}},"72":{"start":{"line":477,"column":22},"end":{"line":479,"column":null}},"73":{"start":{"line":478,"column":34},"end":{"line":478,"column":null}},"74":{"start":{"line":481,"column":4},"end":{"line":481,"column":null}},"75":{"start":{"line":489,"column":10},"end":{"line":489,"column":36}},"76":{"start":{"line":493,"column":30},"end":{"line":493,"column":null}}},"fnMap":{"0":{"name":"SearchFilterBar","decl":{"start":{"line":41,"column":24},"end":{"line":41,"column":71}},"loc":{"start":{"line":48,"column":26},"end":{"line":356,"column":1}}},"1":{"name":"(anonymous_9)","decl":{"start":{"line":74,"column":12},"end":{"line":74,"column":null}},"loc":{"start":{"line":74,"column":12},"end":{"line":76,"column":5}}},"2":{"name":"(anonymous_10)","decl":{"start":{"line":78,"column":32},"end":{"line":78,"column":null}},"loc":{"start":{"line":78,"column":32},"end":{"line":87,"column":null}}},"3":{"name":"(anonymous_11)","decl":{"start":{"line":89,"column":32},"end":{"line":89,"column":null}},"loc":{"start":{"line":89,"column":32},"end":{"line":93,"column":null}}},"4":{"name":"(anonymous_12)","decl":{"start":{"line":107,"column":24},"end":{"line":107,"column":25}},"loc":{"start":{"line":107,"column":31},"end":{"line":107,"column":null}}},"5":{"name":"(anonymous_13)","decl":{"start":{"line":113,"column":25},"end":{"line":113,"column":31}},"loc":{"start":{"line":113,"column":31},"end":{"line":113,"column":null}}},"6":{"name":"(anonymous_14)","decl":{"start":{"line":123,"column":23},"end":{"line":123,"column":29}},"loc":{"start":{"line":123,"column":29},"end":{"line":123,"column":null}}},"7":{"name":"(anonymous_15)","decl":{"start":{"line":149,"column":26},"end":{"line":149,"column":27}},"loc":{"start":{"line":149,"column":33},"end":{"line":149,"column":null}}},"8":{"name":"(anonymous_16)","decl":{"start":{"line":153,"column":49},"end":{"line":153,"column":50}},"loc":{"start":{"line":154,"column":18},"end":{"line":154,"column":38}}},"9":{"name":"(anonymous_17)","decl":{"start":{"line":160,"column":27},"end":{"line":160,"column":33}},"loc":{"start":{"line":160,"column":33},"end":{"line":160,"column":null}}},"10":{"name":"(anonymous_18)","decl":{"start":{"line":222,"column":30},"end":{"line":222,"column":31}},"loc":{"start":{"line":222,"column":37},"end":{"line":222,"column":null}}},"11":{"name":"(anonymous_19)","decl":{"start":{"line":222,"column":50},"end":{"line":222,"column":59}},"loc":{"start":{"line":222,"column":59},"end":{"line":222,"column":null}}},"12":{"name":"(anonymous_20)","decl":{"start":{"line":229,"column":30},"end":{"line":229,"column":31}},"loc":{"start":{"line":229,"column":37},"end":{"line":229,"column":null}}},"13":{"name":"(anonymous_21)","decl":{"start":{"line":229,"column":50},"end":{"line":229,"column":59}},"loc":{"start":{"line":229,"column":59},"end":{"line":229,"column":null}}},"14":{"name":"(anonymous_22)","decl":{"start":{"line":244,"column":46},"end":{"line":244,"column":47}},"loc":{"start":{"line":244,"column":60},"end":{"line":312,"column":null}}},"15":{"name":"(anonymous_23)","decl":{"start":{"line":256,"column":32},"end":{"line":256,"column":33}},"loc":{"start":{"line":256,"column":39},"end":{"line":256,"column":null}}},"16":{"name":"(anonymous_24)","decl":{"start":{"line":260,"column":43},"end":{"line":260,"column":44}},"loc":{"start":{"line":261,"column":24},"end":{"line":261,"column":51}}},"17":{"name":"(anonymous_25)","decl":{"start":{"line":270,"column":43},"end":{"line":270,"column":44}},"loc":{"start":{"line":271,"column":24},"end":{"line":271,"column":50}}},"18":{"name":"(anonymous_26)","decl":{"start":{"line":275,"column":38},"end":{"line":275,"column":39}},"loc":{"start":{"line":275,"column":39},"end":{"line":281,"column":null}}},"19":{"name":"(anonymous_27)","decl":{"start":{"line":279,"column":55},"end":{"line":279,"column":60}},"loc":{"start":{"line":279,"column":60},"end":{"line":279,"column":78}}},"20":{"name":"(anonymous_28)","decl":{"start":{"line":296,"column":32},"end":{"line":296,"column":33}},"loc":{"start":{"line":296,"column":39},"end":{"line":296,"column":null}}},"21":{"name":"(anonymous_29)","decl":{"start":{"line":304,"column":31},"end":{"line":304,"column":37}},"loc":{"start":{"line":304,"column":37},"end":{"line":304,"column":null}}},"22":{"name":"(anonymous_30)","decl":{"start":{"line":323,"column":31},"end":{"line":323,"column":37}},"loc":{"start":{"line":323,"column":37},"end":{"line":323,"column":null}}},"23":{"name":"(anonymous_31)","decl":{"start":{"line":331,"column":45},"end":{"line":331,"column":46}},"loc":{"start":{"line":331,"column":58},"end":{"line":348,"column":null}}},"24":{"name":"(anonymous_32)","decl":{"start":{"line":341,"column":33},"end":{"line":341,"column":39}},"loc":{"start":
[...]
"column":null}},"16":{"start":{"line":133,"column":4},"end":{"line":133,"column":null}},"17":{"start":{"line":138,"column":21},"end":{"line":140,"column":null}},"18":{"start":{"line":142,"column":4},"end":{"line":142,"column":null}},"19":{"start":{"line":147,"column":4},"end":{"line":167,"column":null}},"20":{"start":{"line":148,"column":23},"end":{"line":148,"column":null}},"21":{"start":{"line":149,"column":6},"end":{"line":149,"column":null}},"22":{"start":{"line":151,"column":6},"end":{"line":151,"column":null}},"23":{"start":{"line":153,"column":6},"end":{"line":166,"column":null}},"24":{"start":{"line":172,"column":21},"end":{"line":172,"column":null}},"25":{"start":{"line":173,"column":4},"end":{"line":173,"column":null}},"26":{"start":{"line":178,"column":21},"end":{"line":180,"column":null}},"27":{"start":{"line":182,"column":4},"end":{"line":182,"column":null}},"28":{"start":{"line":187,"column":21},"end":{"line":189,"column":null}},"29":{"start":{"line":191,"column":4},"end":{"line":191,"column":null}},"30":{"start":{"line":196,"column":21},"end":{"line":198,"column":null}},"31":{"start":{"line":200,"column":4},"end":{"line":200,"column":null}},"32":{"start":{"line":205,"column":21},"end":{"line":207,"column":null}},"33":{"start":{"line":209,"column":4},"end":{"line":209,"column":null}},"34":{"start":{"line":214,"column":21},"end":{"line":216,"column":null}},"35":{"start":{"line":218,"column":4},"end":{"line":218,"column":null}},"36":{"start":{"line":223,"column":21},"end":{"line":225,"column":null}},"37":{"start":{"line":227,"column":4},"end":{"line":227,"column":null}},"38":{"start":{"line":238,"column":21},"end":{"line":244,"column":null}},"39":{"start":{"line":245,"column":4},"end":{"line":245,"column":null}},"40":{"start":{"line":250,"column":21},"end":{"line":252,"column":null}},"41":{"start":{"line":254,"column":4},"end":{"line":254,"column":null}},"42":{"start":{"line":265,"column":21},"end":{"line":271,"column":null}},"43":{"start":{"line":272,"column":4},"end":{"line":272,"column":null}},"44":{"start":{"line":277,"column":29},"end":{"line":277,"column":31}},"45":{"start":{"line":279,"column":4},"end":{"line":281,"column":null}},"46":{"start":{"line":280,"column":6},"end":{"line":280,"column":null}},"47":{"start":{"line":283,"column":4},"end":{"line":285,"column":null}},"48":{"start":{"line":284,"column":6},"end":{"line":284,"column":null}},"49":{"start":{"line":287,"column":4},"end":{"line":289,"column":null}},"50":{"start":{"line":288,"column":6},"end":{"line":288,"column":null}},"51":{"start":{"line":291,"column":4},"end":{"line":294,"column":null}},"52":{"start":{"line":299,"column":29},"end":{"line":299,"column":31}},"53":{"start":{"line":301,"column":4},"end":{"line":303,"column":null}},"54":{"start":{"line":302,"column":6},"end":{"line":302,"column":null}},"55":{"start":{"line":305,"column":4},"end":{"line":307,"column":null}},"56":{"start":{"line":306,"column":6},"end":{"line":306,"column":null}},"57":{"start":{"line":309,"column":4},"end":{"line":311,"column":null}},"58":{"start":{"line":310,"column":6},"end":{"line":310,"column":null}},"59":{"start":{"line":313,"column":4},"end":{"line":315,"column":null}},"60":{"start":{"line":314,"column":6},"end":{"line":314,"column":null}},"61":{"start":{"line":317,"column":4},"end":{"line":320,"column":null}},"62":{"start":{"line":325,"column":23},"end":{"line":325,"column":null}},"63":{"start":{"line":326,"column":4},"end":{"line":326,"column":null}},"64":{"start":{"line":331,"column":4},"end":{"line":380,"column":null}},"65":{"start":{"line":385,"column":26},"end":{"line":385,"column":null}}},"fnMap":{"0":{"name":"(anonymous_3)","decl":{"start":{"line":88,"column":2},"end":{"line":88,"column":8}},"loc":{"start":{"line":88,"column":58},"end":{"line":110,"column":null}}},"1":{"name":"(anonymous_4)","decl":{"start":{"line":113,"column":2},"end":{"line":113,"column":8}},"loc":{"start":{"line":113,"column":75},"end":{"line":116,"column":null}}},"2":{"name":"(anonymous_5)","decl":{"start":{"line":119,"column":2},"end":{"line":119,"column":8}},"loc":{"start":{"line":119,"column":65},"end":{"line":128,"column":null}}},"3":{"name":"(anonymous_6)","decl":{"start":{"line":131,"column":2},"end":{"line":131,"column":8}},"loc":{"start":{"line":131,"column":54},"end":{"line":134,"column":null}}},"4":{"name":"(anonymous_7)","decl":{"start":{"line":137,"column":2},"end":{"line":137,"column":8}},"loc":{"start":{"line":137,"column":86},"end":{"line":143,"column":null}}},"5":{"name":"(anonymous_8)","decl":{"start":{"line":146,"column":2},"end":{"line":146,"column":8}},"loc":{"start":{"line":146,"column":49},"end":{"line":168,"column":null}}},"6":{"name":"(anonymous_9)","decl":{"start":{"line":171,"column":2},"end":{"line":171,"column":8}},"loc":{"start":{"line":171,"column":73},"end":{"line":174,"column":null}}},"7":{"name":"(anonymous_10)","decl":{"start":{"line":177,"column":2},"end":{"line":177,"column":8}},"loc":{"start":{"line":177,"column":86},"end":{"line":183,"column":null}}},"8":{"name":"(anonymous_11)","decl":{"start":{"line":186,"column":2},"end":{"line":186,"column":8}},"loc":{"start":{"line":186,"column":102},"end":{"line":192,"column":null}}},"9":{"name":"(anonymous_12)","decl":{"start":{"line":195,"column":2},"end":{"line":195,"column":8}},"loc":{"start":{"line":195,"column":92},"end":{"line":201,"column":null}}},"10":{"name":"(anonymous_13)","decl":{"start":{"line":204,"column":2},"end":{"line":204,"column":8}},"loc":{"start":{"line":204,"column":94},"end":{"line":210,"column":null}}},"11":{"name":"(anonymous_14)","decl":{"start":{"line":213,"column":2},"end":{"line":213,"column":8}},"loc":{"start":{"line":213,"column":90},"end":{"line":219,"column":null}}},"12":{"name":"(anonymous_15)","decl":{"start":{"line":222,"column":2},"end":{"line":222,"column":8}},"loc":{"start":{"line":222,"column":75},"end":{"line":228,"column":null}}},"13":{"name":"(anonymous_16)","decl":{"start":{"line":231,"column":2},"end":{"line":231,"column":8}},"loc":{"start":{"line":237,"column":6},"end":{"line":246,"column":null}}},"14":{"name":"(anonymous_17)","decl":{"start":{"line":249,"column":2},"end":{"line":249,"column":8}},"loc":{"start":{"line":249,"column":72},"end":{"line":255,"column":null}}},"15":{"name":"(anonymous_18)","decl":{"start":{"line":258,"column":2},"end":{"line":258,"column":8}},"loc":{"start":{"line":264,"column":6},"end":{"line":273,"column":null}}},"16":{"name":"(anonymous_19)","decl":{"start":{"line":276,"column":2},"end":{"line":276,"column":24}},"loc":{"start":{"line":276,"column":93},"end":{"line":295,"column":null}}},"17":{"name":"(anonymous_20)","decl":{"start":{"line":298,"column":2},"end":{"line":298,"column":25}},"loc":{"start":{"line":298,"column":95},"end":{"line":321,"column":null}}},"18":{"name":"(anonymous_21)","decl":{"start":{"line":324,"column":10},"end":{"line":324,"column":23}},"loc":{"start":{"line":324,"column":47},"end":{"line":327,"column":null}}},"19":{"name":"(anonymous_22)","decl":{"start":{"line":330,"column":2},"end":{"line":330,"column":43}},"loc":{"start":{"line":330,"column":43},"end":{"line":381,"column":null}}}},"branchMap":{"0":{"loc":{"start":{"line":90,"column":23},"end":{"line":90,"column":null}},"type":"cond-expr","locations":[{"start":{"line":90,"column":32},"end":{"line":90,"column":52}},{"start":{"line":90,"column":55},"end":{"line":90,"column":null}}]},"1":{"loc":{"start":{"line":97,"column":12},"end":{"line":97,"column":null}},"type":"binary-expr","locations":[{"start":{"line":97,"column":12},"end":{"line":97,"column":22}},{"start":{"line":97,"column":22},"end":{"line":97,"column":null}}]},"2":{"loc":{"start":{"line":171,"column":23},"end":{"line":171,"column":54}},"type":"default-arg","locations":[{"start":{"line":171,"column":48},"end":{"line":171,"column":54}}]},"3":{"loc":{"start":{"line":231,"column":24},"end":{"line":231,"column":42}},"type":"default-arg","locations":[{"start":{"line":231,"column":40},"end":{"line":231,"column":42}}]},"4":{"loc":{"start":{"line":279,"column":4},"end":{"line":281,"column":null}},"type":"if","locations":[{"start":{"line":279,"column":4},"end":{"line":281,"column":null}}]},"5":{"loc":{"start":{"line":279,"column":8},"end":{"line":279,"column":56}},"type":"binary-expr","locations":[{"start":{"line":279,"column":8},"end":{"line":279,"column":20}},{"start":{"line":279,"column":24},"end":{"line":279,"column":56}}]},"6":{"loc":{"start":{"line":283,"column":4},"end":{"line":285,"column":null}},"type":"if","locations":[{"start":{"line":283,"column":4},"end":{"line":285,"column":null}}]},"7":{"loc":{"start":{"line":283,"column":8},"end":{"line":283,"column":60}},"type":"binary-expr","locations":[{"start":{"line":283,"column":8},"end":{"line":283,"column":21}},{"start":{"line":283,"column":25},"end":{"line":283,"column":60}}]},"8":{"loc":{"start":{"line":287,"column":4},"end":{"line":289,"column":null}},"type":"if","locations":[{"start":{"line":287,"column":4},"end":{"line":289,"column":null}}]},"9":{"loc":{"start":{"line":287,"column":8},"end":{"line":287,"column":49}},"type":"binary-expr","locations":[{"start":{"line":287,"column":8},"end":{"line":287,"column":19}},{"start":{"line":287,"column":23},"end":{"line":287,"column":49}}]},"10":{"loc":{"start":{"line":301,"column":4},"end":{"line":303,"column":null}},"type":"if","locations":[{"start":{"line":301,"column":4},"end":{"line":303,"column":null}}]},"11":{"loc":{"start":{"line":305,"column":4},"end":{"line":307,"column":null}},"type":"if","locations":[{"start":{"line":305,"column":4},"end":{"line":307,"column":null}}]},"12":{"loc":{"start":{"line":305,"column":8},"end":{"line":305,"column":64}},"type":"binary-expr","locations":[{"start":{"line":305,"column":8},"end":{"line":305,"column":28}},{"start":{"line":305,"column":32},"end":{"line":305,"column":64}}]},"13":{"loc":{"start":{"line":309,"column":4},"end":{"line":311,"column":null}},"type":"if","locations":[{"start":{"line":309,"column":4},"end":{"line":311,"column":null}}]},"14":{"loc":{"start":{"line":313,"column":4},"end":{"line":315,"column":null}},"type":"if","locations":[{"start":{"line":313,"column":4},"end":{"line":315,"column":null}}]}},"s":{"0":0,"1":0,"2":0,"3":0,"4":0,"5":0,"6":0,"7":0,"8":0,"9":0,"10":0,"11":0,"12":0,"13":0,"14":0,"15":0,"16":0,"17":0,"18":0,"19":0,"20":0,"21":0,"22":0,"23":0,"24":0,"25":0,"26":0,"27":0,"28":0,"29":0,"30":0,"31":0,"32":0,"33":0,"34":0,"35":0,"36":0,"37":0,"38":0,"39":0,"40":0,"41":0,"42":0,"43":0,"44":0,"45":0,"46":0,"47":0,"48":0,"49":0,"50":0,"51":0,"52":0,"53":0,"54":0,"55":0,"56":0,"57":0,"58":0,"59":0,"60":0,"61":0,"62":0,"63":0,"64":0,"65":0},"f":{"0":0,"1":0,"2":0,"3":0,"4":0,"5":0,"6":0,"7":0,"8":0,"9":0,"10":0,"11":0,"12":0,"13":0,"14":0,"15":0,"16":0,"17":0,"18":0,"19":0},"b":{"0":[0,0],"1":[0,0],"2":[0],"3":[0],"4":[0],"5":[0,0],"6":[0],"7":[0,0],"8":[0],"9":[0,0],"10":[0],"11":[0],"12":[0,0],"13":[0],"14":[0]}}
,"C:\\Users\\lab_services_student\\Documents\\GitHub\\BlockChain\\src\\services\\trust-api.ts": {"path":"C:\\Users\\lab_services_student\\Documents\\GitHub\\BlockChain\\src\\services\\trust-api.ts","statementMap":{"0":{"start":{"line":70,"column":13},"end":{"line":70,"column":21}},"1":{"start":{"line":272,"column":13},"end":{"line":272,"column":21}},"2":{"start":{"line":1,"column":82},"end":{"line":1,"column":null}},"3":{"start":{"line":2,"column":30},"end":{"line":2,"column":null}},"4":{"start":{"line":73,"column":4},"end":{"line":123,"column":null}},"5":{"start":{"line":74,"column":26},"end":{"line":77,"column":null}},"6":{"start":{"line":79,"column":23},"end":{"line":81,"column":null}},"7":{"start":{"line":83,"column":6},"end":{"line":83,"column":null}},"8":{"start":{"line":85,"column":6},"end":{"line":85,"column":null}},"9":{"start":{"line":87,"column":6},"end":{"line":122,"column":null}},"10":{"start":{"line":128,"column":21},"end":{"line":130,"column":null}},"11":{"start":{"line":132,"column":4},"end":{"line":132,"column":null}},"12":{"start":{"line":137,"column":21},"end":{"line":139,"column":null}},"13":{"start":{"line":141,"column":4},"end":{"line":141,"column":null}},"14":{"start":{"line":146,"column":21},"end":{"line":147,"column":null}},"15":{"start":{"line":149,"column":4},"end":{"line":149,"column":null}},"16":{"start":{"line":154,"column":21},"end":{"line":156,"column":null}},"17":{"start":{"line":158,"column":4},"end":{"line":158,"column":null}},"18":{"start":{"line":163,"column":21},"end":{"line":165,"column":null}},"19":{"start":{"line":167,"column":4},"end":{"line":167,"column":null}},"20":{"start":{"line":172,"column":21},"end":{"line":173,"column":null}},"21":{"start":{"line":175,"column":4},"end":{"line":175,"column":null}},"22":{"start":{"line":180,"column":4},"end":{"line":185,"column":null}},"23":{"start":{"line":181,"column":21},"end":{"line":181,"column":null}},"24":{"start":{"line":182,"column":6},"end":{"line":182,"column":null}},"25":{"start":{"line":184,"column":6},"end":{"line":184,"column":null}},"26":{"start":{"line":190,"column":23},"end":{"line":190,"column":null}},"27":{"start":{"line":191,"column":4},"end":{"line":192,"column":null}},"28":{"start":{"line":192,"column":6},"end":{"line":192,"column":null}},"29":{"start":{"line":192,"column":23},"end":{"line":192,"column":null}},"30":{"start":{"line":198,"column":4},"end":{"line":198,"column":null}},"31":{"start":{"line":207,"column":20},"end":{"line":209,"column":null}},"32":{"start":{"line":209,"column":8},"end":{"line":209,"column":null}},"33":{"start":{"line":213,"column":30},"end":{"line":213,"column":32}},"34":{"start":{"line":214,"column":29},"end":{"line":214,"column":31}},"35":{"start":{"line":216,"column":4},"end":{"line":222,"column":null}},"36":{"start":{"line":217,"column":6},"end":{"line":221,"column":null}},"37":{"start":{"line":218,"column":8},"end":{"line":218,"column":null}},"38":{"start":{"line":220,"column":8},"end":{"line":220,"column":null}},"39":{"start":{"line":224,"column":4},"end":{"line":228,"column":null}},"40":{"start":{"line":233,"column":29},"end":{"line":233,"column":31}},"41":{"start":{"line":235,"column":4},"end":{"line":239,"column":null}},"42":{"start":{"line":236,"column":6},"end":{"line":236,"column":null}},"43":{"start":{"line":237,"column":11},"end":{"line":239,"column":null}},"44":{"start":{"line":238,"column":6},"end":{"line":238,"column":null}},"45":{"start":{"line":241,"column":4},"end":{"line":243,"column":null}},"46":{"start":{"line":242,"column":6},"end":{"line":242,"column":null}},"47":{"start":{"line":245,"column":4},"end":{"line":245,"column":null}},"48":{"start":{"line":257,"column":4},"end":{"line":267,"column":null}},"49":{"start":{"line":272,"column":24},"end":{"line":272,"column":null}}},"fnMap":{"0":{"name":"(anonymous_3)","decl":{"start":{"line":72,"column":2},"end":{"line":72,"column":8}},"loc":{"start":{"line":72,"column":83},"end":{"line":124,"column":null}}},"1":{"name":"(anonymous_4)","decl":{"start":{"line":127,"column":2},"end":{"line":127,"column":8}},"loc":{"start":{"line":127,"column":105},"end":{"line":133,"column":null}}},"2":{"name":"(anonymous_5)","decl":{"start":{"line":136,"column":2},"end":{"line":136,"column":8}},"loc":{"start":{"line":136,"column":115},"end":{"line":142,"column":null}}},"3":{"name":"(anonymous_6)","decl":{"start":{"line":145,"column":2},"end":{"line":145,"column":8}},"loc":{"start":{"line":145,"column":62},"end":{"line":150,"column":null}}},"4":{"name":"(anonymous_7)","decl":{"start":{"line":153,"column":2},"end":{"line":153,"column":8}},"loc":{"start":{"line":153,"column":110},"end":{"line":159,"column":null}}},"5":{"name":"(anonymous_8)","decl":{"start":{"line":162,"column":2},"end":{"line":162,"column":8}},"loc":{"start":{"line":162,"column":120},"end":{"line":168,"column":null}}},"6":{"name":"(anonymous_9)","decl":{"start":{"line":171,"column":2},"end":{"line":171,"column":8}},"loc":{"start":{"line":171,"column":88},"end":{"line":176,"column":null}}},"7":{"name":"(anonymous_10)","decl":{"start":{"line":179,"column":2},"end":{"line":179,"column":8}},"loc":{"start":{"line":179,"column":55},"end":{"line":186,"column":null}}},"8":{"name":"(anonymous_11)","decl":{"start":{"line":189,"column":2},"end":{"line":189,"column":8}},"loc":{"start":{"line":189,"column":67},"end":{"line":194,"column":null}}},"9":{"name":"(anonymous_12)","decl":{"start":{"line":191,"column":29},"end":{"line":191,"column":null}},"loc":{"start":{"line":192,"column":6},"end":{"line":192,"column":null}}},"10":{"name":"(anonymous_13)","decl":{"start":{"line":192,"column":16},"end":{"line":192,"column":23}},"loc":{"start":{"line":192,"column":23},"end":{"line":192,"column":null}}},"11":{"name":"(anonymous_14)","decl":{"start":{"line":197,"column":2},"end":{"line":197,"column":8}},"loc":{"start":{"line":197,"column":81},"end":{"line":199,"column":null}}},"12":{"name":"(anonymous_15)","decl":{"start":{"line":202,"column":2},"end":{"line":202,"column":8}},"loc":{"start":{"line":206,"column":72},"end":{"line":229,"column":null}}},"13":{"name":"(anonymous_16)","decl":{"start":{"line":208,"column":21},"end":{"line":208,"column":null}},"loc":{"start":{"line":209,"column":8},"end":{"line":209,"column":null}}},"14":{"name":"(anonymous_17)","decl":{"start":{"line":216,"column":20},"end":{"line":216,"column":21}},"loc":{"start":{"line":216,"column":29},"end":{"line":222,"column":null}}},"15":{"name":"(anonymous_18)","decl":{"start":{"line":232,"column":2},"end":{"line":232,"column":29}},"loc":{"start":{"line":232,"column":75},"end":{"line":246,"column":null}}},"16":{"name":"(anonymous_19)","decl":{"start":{"line":249,"column":2},"end":{"line":249,"column":33}},"loc":{"start":{"line":256,"column":32},"end":{"line":268,"column":null}}}},"branchMap":{"0":{"loc":{"start":{"line":72,"column":26},"end":{"line":72,"column":55}},"type":"default-arg","locations":[{"start":{"line":72,"column":53},"end":{"line":72,"column":55}}]},"1":{"loc":{"start":{"line":76,"column":14},"end":{"line":76,"column":78}},"type":"cond-expr","locations":[{"start":{"line":76,"column":43},"end":{"line":76,"column":67}},{"start":{"line":76,"column":67},"end":{"line":76,"column":78}}]},"2":{"loc":{"start":{"line":217,"column":6},"end":{"line":221,"column":null}},"type":"if","locations":[{"start":{"line":217,"column":6},"end":{"line":221,"column":null}},{"start":{"line":219,"column":13},"end":{"line":221,"column":null}}]},"3":{"loc":{"start":{"line":235,"column":4},"end":{"line":239,"column":null}},"type":"if","locations":[{"start":{"line":235,"column":4},"end":{"line":239,"column":null}},{"start":{"line":237,"column":11},"end":{"line":239,"column":null}}]},"4":{"loc":{"start":{"line":237,"column":11},"end":{"line":239,"column":null}},"type":"if","locations":[{"start":{"line":237,"column":11},"end":{"line":239,"column":null}}]},"5":{"loc":{"start":{"line":241,"column":4},"end":{"line":243,"column":null}},"type":"if","locations":[{"start":{"line":241,"column":4},"end":{"line":243,"column":null}}]},"6":{"loc":{"start":{"line":259,"column":13},"end":{"line":259,"column":46}},"type":"binary-expr","locations":[{"start":{"line":259,"column":13},"end":{"line":259,"column":32}},{"start":{"line":259,"column":36},"end":{"line":259,"column":46}}]},"7":{"loc":{"start":{"line":265,"column":22},"end":{"line":265,"column":null}},"type":"cond-expr","locations":[{"start":{"line":265,"column":46},"end":{"line":265,"column":54}},{"start":{"line":265,"column":54},"end":{"line":265,"column":null}}]}},"s":{"0":0,"1":0,"2":0,"3":0,"4":0,"5":0,"6":0,"7":0,"8":0,"9":0,"10":0,"11":0,"12":0,"13":0,"14":0,"15":0,"16":0,"17":0,"18":0,"19":0,"20":0,"21":0,"22":0,"23":0,"24":0,"25":0,"26":0,"27":0,"28":0,"29":0,"30":0,"31":0,"32":0,"33":0,"34":0,"35":0,"36":0,"37":0,"38":0,"39":0,"40":0,"41":0,"42":0,"43":0,"44":0,"45":0,"46":0,"47":0,"48":0,"49":0},"f":{"0":0,"1":0,"2":0,"3":0,"4":0,"5":0,"6":0,"7":0,"8":0,"9":0,"10":0,"11":0,"12":0,"13":0,"14":0,"15":0,"16":0},"b":{"0":[0],"1":[0,0],"2":[0,0],"3":[0,0],"4":[0],"5":[0],"6":[0,0],"7":[0,0]}}
}
