TN:
SF:src\components\bulk-actions.tsx
FN:29,BulkActionsToolbar
FN:41,(anonymous_5)
FN:54,(anonymous_6)
FN:103,(anonymous_7)
FN:114,(anonymous_8)
FN:119,(anonymous_9)
FN:149,BulkProgressIndicator
FN:229,BulkResultsModal
FN:239,(anonymous_12)
FN:240,(anonymous_13)
FN:305,(anonymous_14)
FN:333,(anonymous_15)
FNF:12
FNH:0
FNDA:0,BulkActionsToolbar
FNDA:0,(anonymous_5)
FNDA:0,(anonymous_6)
FNDA:0,(anonymous_7)
FNDA:0,(anonymous_8)
FNDA:0,(anonymous_9)
FNDA:0,BulkProgressIndicator
FNDA:0,BulkResultsModal
FNDA:0,(anonymous_12)
FNDA:0,(anonymous_13)
FNDA:0,(anonymous_14)
FNDA:0,(anonymous_15)
DA:3,0
DA:4,0
DA:29,0
DA:39,0
DA:41,0
DA:42,0
DA:44,0
DA:45,0
DA:46,0
DA:50,0
DA:51,0
DA:54,0
DA:55,0
DA:57,0
DA:59,0
DA:61,0
DA:103,0
DA:115,0
DA:116,0
DA:119,0
DA:149,0
DA:154,0
DA:229,0
DA:237,0
DA:239,0
DA:240,0
DA:306,0
DA:334,0
LF:28
LH:0
BRDA:37,0,0,0
BRDA:42,1,0,0
BRDA:44,2,0,0
BRDA:44,3,0,0
BRDA:44,3,1,0
BRDA:45,4,0,0
BRDA:54,5,0,0
BRDA:55,6,0,0
BRDA:55,6,1,0
BRDA:55,6,2,0
BRDA:70,7,0,0
BRDA:70,7,1,0
BRDA:75,8,0,0
BRDA:77,9,0,0
BRDA:84,10,0,0
BRDA:84,10,1,0
BRDA:86,11,0,0
BRDA:86,11,1,0
BRDA:95,12,0,0
BRDA:111,13,0,0
BRDA:125,14,0,0
BRDA:125,14,1,0
BRDA:128,15,0,0
BRDA:152,16,0,0
BRDA:154,17,0,0
BRDA:154,17,1,0
BRDA:167,18,0,0
BRDA:174,19,0,0
BRDA:202,20,0,0
BRDA:237,21,0,0
BRDA:275,22,0,0
BRDA:275,22,1,0
BRDA:286,23,0,0
BRDA:286,23,1,0
BRDA:299,24,0,0
BRDA:314,25,0,0
BRDA:314,25,1,0
BRDA:317,26,0,0
BRDA:317,26,1,0
BRDA:327,27,0,0
BRDA:342,28,0,0
BRDA:342,28,1,0
BRDA:352,29,0,0
BRF:43
BRH:0
end_of_record
TN:
SF:src\components\error-boundary.tsx
FN:32,DefaultErrorFallback
FN:40,(anonymous_14)
FN:54,(anonymous_15)
FN:134,PageErrorBoundary
FN:184,SectionErrorBoundary
FN:219,(anonymous_18)
FN:261,(anonymous_19)
FN:273,(anonymous_20)
FN:278,(anonymous_21)
FN:229,(anonymous_22)
FN:240,(anonymous_23)
FN:285,(anonymous_24)
FN:306,useAsyncError
FN:309,(anonymous_26)
FN:310,(anonymous_27)
FN:317,withErrorBoundary
FN:333,APIErrorBoundary
FN:339,(anonymous_31)
FN:348,FormErrorBoundary
FN:354,(anonymous_33)
FN:363,PageErrorBoundaryWrapper
FN:369,(anonymous_35)
FNF:22
FNH:9
FNDA:73,DefaultErrorFallback
FNDA:0,(anonymous_14)
FNDA:0,(anonymous_15)
FNDA:9,PageErrorBoundary
FNDA:0,SectionErrorBoundary
FNDA:55,(anonymous_18)
FNDA:2,(anonymous_19)
FNDA:0,(anonymous_20)
FNDA:0,(anonymous_21)
FNDA:51,(anonymous_22)
FNDA:24,(anonymous_23)
FNDA:140,(anonymous_24)
FNDA:0,useAsyncError
FNDA:0,(anonymous_26)
FNDA:0,(anonymous_27)
FNDA:0,withErrorBoundary
FNDA:0,APIErrorBoundary
FNDA:0,(anonymous_31)
FNDA:0,FormErrorBoundary
FNDA:0,(anonymous_33)
FNDA:7,PageErrorBoundaryWrapper
FNDA:3,(anonymous_35)
DA:3,1
DA:4,1
DA:32,0
DA:40,73
DA:42,0
DA:50,0
DA:51,0
DA:52,0
DA:53,0
DA:54,0
DA:56,0
DA:134,0
DA:184,0
DA:215,34
DA:220,55
DA:221,54
DA:231,51
DA:233,51
DA:242,24
DA:250,24
DA:253,24
DA:256,24
DA:262,2
DA:263,2
DA:264,2
DA:275,0
DA:280,0
DA:281,0
DA:286,140
DA:287,82
DA:301,58
DA:306,0
DA:307,0
DA:309,0
DA:310,0
DA:311,0
DA:317,0
DA:327,0
DA:329,0
DA:333,0
DA:340,0
DA:348,0
DA:355,0
DA:363,4
DA:370,3
LF:45
LH:20
BRDA:74,0,0,73
BRDA:82,1,0,73
BRDA:100,2,0,73
BRDA:111,3,0,73
BRDA:120,4,0,6
BRDA:158,5,0,9
BRDA:168,6,0,9
BRDA:199,7,0,0
BRDA:262,8,0,2
BRDA:280,9,0,0
BRDA:242,10,0,24
BRDA:242,10,1,0
BRDA:256,11,0,0
BRDA:286,12,0,82
BRDA:286,13,0,140
BRDA:286,13,1,82
BRDA:287,14,0,82
BRDA:287,14,1,73
BRDA:292,15,0,82
BRDA:292,15,1,51
BRDA:293,16,0,82
BRDA:293,16,1,0
BRDA:294,17,0,82
BRDA:294,17,1,0
BRDA:327,18,0,0
BRDA:327,18,1,0
BRF:26
BRH:18
end_of_record
TN:
SF:src\components\performance-monitor.tsx
FN:21,PerformanceMonitor
FN:41,(anonymous_5)
FN:44,(anonymous_6)
FN:58,(anonymous_7)
FN:60,(anonymous_8)
FN:75,(anonymous_9)
FN:83,(anonymous_10)
FN:84,(anonymous_11)
FN:88,(anonymous_12)
FN:99,(anonymous_13)
FN:103,(anonymous_14)
FN:105,(anonymous_15)
FN:107,(anonymous_16)
FN:115,(anonymous_17)
FN:120,(anonymous_18)
FN:125,(anonymous_19)
FN:133,(anonymous_20)
FN:139,(anonymous_21)
FN:148,(anonymous_22)
FN:165,(anonymous_23)
FNF:20
FNH:0
FNDA:0,PerformanceMonitor
FNDA:0,(anonymous_5)
FNDA:0,(anonymous_6)
FNDA:0,(anonymous_7)
FNDA:0,(anonymous_8)
FNDA:0,(anonymous_9)
FNDA:0,(anonymous_10)
FNDA:0,(anonymous_11)
FNDA:0,(anonymous_12)
FNDA:0,(anonymous_13)
FNDA:0,(anonymous_14)
FNDA:0,(anonymous_15)
FNDA:0,(anonymous_16)
FNDA:0,(anonymous_17)
FNDA:0,(anonymous_18)
FNDA:0,(anonymous_19)
FNDA:0,(anonymous_20)
FNDA:0,(anonymous_21)
FNDA:0,(anonymous_22)
FNDA:0,(anonymous_23)
DA:3,0
DA:4,0
DA:21,0
DA:26,0
DA:35,0
DA:36,0
DA:37,0
DA:38,0
DA:41,0
DA:44,0
DA:45,0
DA:46,0
DA:48,0
DA:49,0
DA:50,0
DA:53,0
DA:54,0
DA:58,0
DA:60,0
DA:66,0
DA:67,0
DA:70,0
DA:73,0
DA:75,0
DA:76,0
DA:77,0
DA:83,0
DA:84,0
DA:85,0
DA:86,0
DA:88,0
DA:96,0
DA:97,0
DA:99,0
DA:103,0
DA:104,0
DA:105,0
DA:106,0
DA:107,0
DA:113,0
DA:115,0
DA:120,0
DA:121,0
DA:122,0
DA:123,0
DA:124,0
DA:125,0
DA:133,0
DA:134,0
DA:135,0
DA:136,0
DA:139,0
DA:145,0
DA:148,0
DA:165,0
LF:55
LH:0
BRDA:22,0,0,0
BRDA:23,1,0,0
BRDA:24,2,0,0
BRDA:48,3,0,0
BRDA:53,4,0,0
BRDA:76,5,0,0
BRDA:85,6,0,0
BRDA:85,7,0,0
BRDA:85,7,1,0
BRDA:104,8,0,0
BRDA:104,9,0,0
BRDA:104,9,1,0
BRDA:121,10,0,0
BRDA:121,11,0,0
BRDA:121,11,1,0
BRDA:123,12,0,0
BRDA:134,13,0,0
BRDA:135,14,0,0
BRDA:145,15,0,0
BRDA:210,16,0,0
BRF:20
BRH:0
end_of_record
TN:
SF:src\components\qr-code-generator.tsx
FN:27,QRCodeGenerator
FN:43,(anonymous_12)
FN:89,(anonymous_13)
FN:100,(anonymous_14)
FN:144,(anonymous_15)
FN:156,(anonymous_16)
FN:175,(anonymous_17)
FN:187,(anonymous_18)
FN:208,(anonymous_19)
FN:229,(anonymous_20)
FN:245,(anonymous_21)
FN:276,(anonymous_22)
FN:360,useQRCodeGenerator
FN:364,(anonymous_24)
FN:369,(anonymous_25)
FN:383,(anonymous_26)
FN:393,(anonymous_27)
FN:403,(anonymous_28)
FN:413,(anonymous_29)
FNF:19
FNH:11
FNDA:12,QRCodeGenerator
FNDA:9,(anonymous_12)
FNDA:0,(anonymous_13)
FNDA:0,(anonymous_14)
FNDA:9,(anonymous_15)
FNDA:10,(anonymous_16)
FNDA:0,(anonymous_17)
FNDA:0,(anonymous_18)
FNDA:0,(anonymous_19)
FNDA:11,(anonymous_20)
FNDA:9,(anonymous_21)
FNDA:0,(anonymous_22)
FNDA:8,useQRCodeGenerator
FNDA:3,(anonymous_24)
FNDA:1,(anonymous_25)
FNDA:5,(anonymous_26)
FNDA:2,(anonymous_27)
FNDA:0,(anonymous_28)
FNDA:0,(anonymous_29)
DA:3,1
DA:4,1
DA:5,1
DA:27,0
DA:34,12
DA:35,12
DA:36,12
DA:37,12
DA:39,12
DA:43,12
DA:44,9
DA:46,0
DA:47,0
DA:48,0
DA:50,0
DA:51,0
DA:54,0
DA:55,0
DA:59,0
DA:60,0
DA:61,0
DA:64,0
DA:65,0
DA:68,0
DA:69,0
DA:70,0
DA:71,0
DA:72,0
DA:83,0
DA:84,0
DA:85,0
DA:89,12
DA:90,0
DA:91,0
DA:92,0
DA:93,0
DA:94,0
DA:96,0
DA:100,12
DA:101,0
DA:103,0
DA:104,0
DA:105,0
DA:107,0
DA:108,0
DA:114,0
DA:115,0
DA:116,0
DA:117,0
DA:123,0
DA:124,0
DA:125,0
DA:126,0
DA:132,0
DA:133,0
DA:134,0
DA:135,0
DA:140,0
DA:144,12
DA:145,9
DA:152,9
DA:156,12
DA:157,10
DA:158,9
DA:159,9
DA:160,9
DA:162,9
DA:163,9
DA:164,9
DA:166,0
DA:167,0
DA:168,0
DA:169,0
DA:175,12
DA:176,0
DA:178,0
DA:179,0
DA:180,0
DA:181,0
DA:183,0
DA:187,12
DA:188,0
DA:190,0
DA:192,0
DA:193,0
DA:196,0
DA:200,0
DA:202,0
DA:203,0
DA:208,12
DA:209,0
DA:211,0
DA:212,0
DA:213,0
DA:219,0
DA:220,0
DA:223,0
DA:224,0
DA:229,12
DA:230,11
DA:232,9
DA:234,0
DA:236,0
DA:238,0
DA:240,0
DA:245,12
DA:246,9
DA:249,12
DA:277,0
DA:278,0
DA:279,0
DA:360,8
DA:361,8
DA:362,8
DA:364,8
DA:365,3
DA:366,3
DA:369,8
DA:370,1
DA:371,1
DA:374,8
DA:383,5
DA:393,2
DA:403,1
DA:413,1
DA:424,11
LF:126
LH:47
BRDA:31,0,0,12
BRDA:32,1,0,12
BRDA:44,2,0,9
BRDA:48,3,0,0
BRDA:71,4,0,0
BRDA:116,5,0,0
BRDA:116,6,0,0
BRDA:116,6,1,0
BRDA:116,6,2,0
BRDA:116,6,3,0
BRDA:125,7,0,0
BRDA:125,8,0,0
BRDA:125,8,1,0
BRDA:125,8,2,0
BRDA:125,8,3,0
BRDA:134,9,0,0
BRDA:134,10,0,0
BRDA:134,10,1,0
BRDA:134,10,2,0
BRDA:134,10,3,0
BRDA:148,11,0,9
BRDA:148,11,1,9
BRDA:149,12,0,9
BRDA:149,12,1,0
BRDA:157,13,0,9
BRDA:157,14,0,10
BRDA:157,14,1,9
BRDA:176,15,0,0
BRDA:188,16,0,0
BRDA:212,17,0,0
BRDA:212,17,1,0
BRDA:230,18,0,9
BRDA:230,18,1,0
BRDA:230,18,2,0
BRDA:230,18,3,0
BRDA:230,18,4,0
BRDA:232,19,0,9
BRDA:232,19,1,9
BRDA:234,20,0,0
BRDA:234,20,1,0
BRDA:236,21,0,0
BRDA:236,21,1,0
BRDA:238,22,0,0
BRDA:238,22,1,0
BRDA:240,23,0,0
BRDA:240,23,1,0
BRDA:246,24,0,9
BRDA:246,24,1,9
BRDA:249,25,0,1
BRDA:268,26,0,0
BRDA:268,26,1,9
BRDA:286,27,0,9
BRDA:286,27,1,0
BRDA:291,28,0,0
BRDA:291,28,1,0
BRDA:312,29,0,0
BRDA:387,30,0,5
BRDA:387,30,1,0
BRDA:388,31,0,5
BRDA:388,31,1,4
BRDA:397,32,0,2
BRDA:397,32,1,0
BRDA:398,33,0,2
BRDA:398,33,1,1
BRDA:407,34,0,0
BRDA:407,34,1,0
BRDA:408,35,0,0
BRDA:408,35,1,0
BRDA:417,36,0,0
BRDA:417,36,1,0
BRDA:418,37,0,0
BRDA:418,37,1,0
BRF:72
BRH:23
end_of_record
TN:
SF:src\components\qr-code-scanner.tsx
FN:24,QRCodeScanner
FN:47,(anonymous_5)
FN:60,(anonymous_6)
FN:96,(anonymous_7)
FN:97,(anonymous_8)
FN:101,(anonymous_9)
FN:120,(anonymous_10)
FN:177,(anonymous_11)
FN:192,(anonymous_12)
FN:202,(anonymous_13)
FN:230,(anonymous_14)
FN:235,(anonymous_15)
FN:243,(anonymous_16)
FN:249,(anonymous_17)
FN:256,(anonymous_18)
FN:258,(anonymous_19)
FN:267,(anonymous_20)
FNF:17
FNH:0
FNDA:0,QRCodeScanner
FNDA:0,(anonymous_5)
FNDA:0,(anonymous_6)
FNDA:0,(anonymous_7)
FNDA:0,(anonymous_8)
FNDA:0,(anonymous_9)
FNDA:0,(anonymous_10)
FNDA:0,(anonymous_11)
FNDA:0,(anonymous_12)
FNDA:0,(anonymous_13)
FNDA:0,(anonymous_14)
FNDA:0,(anonymous_15)
FNDA:0,(anonymous_16)
FNDA:0,(anonymous_17)
FNDA:0,(anonymous_18)
FNDA:0,(anonymous_19)
FNDA:0,(anonymous_20)
DA:3,0
DA:4,0
DA:5,0
DA:24,0
DA:32,0
DA:33,0
DA:34,0
DA:35,0
DA:37,0
DA:38,0
DA:39,0
DA:40,0
DA:41,0
DA:42,0
DA:44,0
DA:47,0
DA:48,0
DA:49,0
DA:50,0
DA:51,0
DA:54,0
DA:55,0
DA:56,0
DA:59,0
DA:60,0
DA:63,0
DA:71,0
DA:72,0
DA:74,0
DA:75,0
DA:76,0
DA:79,0
DA:80,0
DA:81,0
DA:84,0
DA:85,0
DA:88,0
DA:89,0
DA:90,0
DA:91,0
DA:96,0
DA:97,0
DA:101,0
DA:102,0
DA:104,0
DA:105,0
DA:106,0
DA:108,0
DA:109,0
DA:112,0
DA:115,0
DA:120,0
DA:121,0
DA:123,0
DA:125,0
DA:126,0
DA:137,0
DA:138,0
DA:146,0
DA:147,0
DA:155,0
DA:156,0
DA:157,0
DA:158,0
DA:169,0
DA:177,0
DA:178,0
DA:179,0
DA:182,0
DA:183,0
DA:184,0
DA:187,0
DA:188,0
DA:191,0
DA:192,0
DA:196,0
DA:197,0
DA:202,0
DA:203,0
DA:205,0
DA:206,0
DA:207,0
DA:209,0
DA:212,0
DA:213,0
DA:216,0
DA:219,0
DA:226,0
DA:230,0
DA:231,0
DA:232,0
DA:235,0
DA:236,0
DA:237,0
DA:243,0
DA:244,0
DA:245,0
DA:248,0
DA:249,0
DA:250,0
DA:252,0
DA:253,0
DA:256,0
DA:257,0
DA:258,0
DA:260,0
DA:261,0
DA:267,0
DA:268,0
DA:269,0
DA:270,0
DA:274,0
LF:112
LH:0
BRDA:28,0,0,0
BRDA:29,1,0,0
BRDA:30,2,0,0
BRDA:48,3,0,0
BRDA:48,4,0,0
BRDA:48,4,1,0
BRDA:59,5,0,0
BRDA:74,6,0,0
BRDA:81,7,0,0
BRDA:81,7,1,0
BRDA:97,8,0,0
BRDA:97,8,1,0
BRDA:102,9,0,0
BRDA:108,10,0,0
BRDA:125,11,0,0
BRDA:125,12,0,0
BRDA:125,12,1,0
BRDA:137,13,0,0
BRDA:146,14,0,0
BRDA:146,15,0,0
BRDA:146,15,1,0
BRDA:155,16,0,0
BRDA:155,17,0,0
BRDA:155,17,1,0
BRDA:155,17,2,0
BRDA:182,18,0,0
BRDA:182,19,0,0
BRDA:182,19,1,0
BRDA:191,20,0,0
BRDA:203,21,0,0
BRDA:203,22,0,0
BRDA:203,22,1,0
BRDA:203,22,2,0
BRDA:209,23,0,0
BRDA:231,24,0,0
BRDA:231,25,0,0
BRDA:231,25,1,0
BRDA:231,25,2,0
BRDA:236,26,0,0
BRDA:244,27,0,0
BRDA:244,27,1,0
BRDA:248,28,0,0
BRDA:257,29,0,0
BRDA:260,30,0,0
BRDA:269,31,0,0
BRDA:274,32,0,0
BRDA:294,33,0,0
BRDA:306,34,0,0
BRDA:326,35,0,0
BRDA:347,36,0,0
BRDA:350,37,0,0
BRDA:350,37,1,0
BRDA:351,38,0,0
BRDA:351,38,1,0
BRDA:353,39,0,0
BRDA:369,40,0,0
BRDA:369,40,1,0
BRDA:374,41,0,0
BRDA:383,42,0,0
BRF:59
BRH:0
end_of_record
TN:
SF:src\components\search-filter-bar.tsx
FN:41,SearchFilterBar
FN:74,(anonymous_9)
FN:78,(anonymous_10)
FN:89,(anonymous_11)
FN:107,(anonymous_12)
FN:113,(anonymous_13)
FN:123,(anonymous_14)
FN:149,(anonymous_15)
FN:153,(anonymous_16)
FN:160,(anonymous_17)
FN:222,(anonymous_18)
FN:222,(anonymous_19)
FN:229,(anonymous_20)
FN:229,(anonymous_21)
FN:244,(anonymous_22)
FN:256,(anonymous_23)
FN:260,(anonymous_24)
FN:270,(anonymous_25)
FN:275,(anonymous_26)
FN:279,(anonymous_27)
FN:296,(anonymous_28)
FN:304,(anonymous_29)
FN:323,(anonymous_30)
FN:331,(anonymous_31)
FN:341,(anonymous_32)
FN:359,formatFilterValue
FN:377,DateRangeFilter
FN:393,(anonymous_35)
FN:400,(anonymous_36)
FN:414,(anonymous_37)
FN:414,(anonymous_38)
FN:420,(anonymous_39)
FN:420,(anonymous_40)
FN:434,StatusFilter
FN:450,(anonymous_42)
FN:454,(anonymous_43)
FN:464,TypeFilter
FN:475,(anonymous_45)
FN:478,(anonymous_46)
FN:488,(anonymous_47)
FN:493,(anonymous_48)
FNF:41
FNH:5
FNDA:12,SearchFilterBar
FNDA:10,(anonymous_9)
FNDA:0,(anonymous_10)
FNDA:12,(anonymous_11)
FNDA:4,(anonymous_12)
FNDA:0,(anonymous_13)
FNDA:1,(anonymous_14)
FNDA:0,(anonymous_15)
FNDA:0,(anonymous_16)
FNDA:0,(anonymous_17)
FNDA:0,(anonymous_18)
FNDA:0,(anonymous_19)
FNDA:0,(anonymous_20)
FNDA:0,(anonymous_21)
FNDA:0,(anonymous_22)
FNDA:0,(anonymous_23)
FNDA:0,(anonymous_24)
FNDA:0,(anonymous_25)
FNDA:0,(anonymous_26)
FNDA:0,(anonymous_27)
FNDA:0,(anonymous_28)
FNDA:0,(anonymous_29)
FNDA:0,(anonymous_30)
FNDA:0,(anonymous_31)
FNDA:0,(anonymous_32)
FNDA:0,formatFilterValue
FNDA:0,DateRangeFilter
FNDA:0,(anonymous_35)
FNDA:0,(anonymous_36)
FNDA:0,(anonymous_37)
FNDA:0,(anonymous_38)
FNDA:0,(anonymous_39)
FNDA:0,(anonymous_40)
FNDA:0,StatusFilter
FNDA:0,(anonymous_42)
FNDA:0,(anonymous_43)
FNDA:0,TypeFilter
FNDA:0,(anonymous_45)
FNDA:0,(anonymous_46)
FNDA:0,(anonymous_47)
FNDA:0,(anonymous_48)
DA:3,1
DA:14,1
DA:15,1
DA:41,10
DA:49,12
DA:50,12
DA:67,12
DA:74,12
DA:75,10
DA:78,12
DA:79,0
DA:80,0
DA:85,0
DA:89,12
DA:90,12
DA:91,12
DA:92,12
DA:95,12
DA:107,4
DA:113,0
DA:123,1
DA:149,0
DA:154,0
DA:160,0
DA:222,0
DA:229,0
DA:245,0
DA:247,0
DA:256,0
DA:261,0
DA:271,0
DA:276,0
DA:277,0
DA:279,0
DA:280,0
DA:296,0
DA:304,0
DA:323,0
DA:332,0
DA:334,0
DA:335,0
DA:337,0
DA:341,0
DA:360,0
DA:361,0
DA:364,0
DA:365,0
DA:366,0
DA:368,0
DA:369,0
DA:373,0
DA:377,0
DA:388,0
DA:393,0
DA:394,0
DA:400,0
DA:401,0
DA:414,0
DA:420,0
DA:434,0
DA:450,0
DA:455,0
DA:464,0
DA:475,0
DA:476,0
DA:477,0
DA:478,0
DA:481,0
DA:489,0
DA:493,0
LF:70
LH:17
BRDA:44,0,0,0
BRDA:45,1,0,12
BRDA:46,2,0,12
BRDA:47,3,0,12
BRDA:69,4,0,12
BRDA:69,4,1,12
BRDA:79,5,0,0
BRDA:79,5,1,0
BRDA:79,6,0,0
BRDA:79,6,1,0
BRDA:81,7,0,0
BRDA:81,7,1,0
BRDA:82,8,0,0
BRDA:82,8,1,0
BRDA:91,9,0,0
BRDA:91,10,0,12
BRDA:91,10,1,12
BRDA:108,11,0,12
BRDA:108,11,1,0
BRDA:111,12,0,12
BRDA:121,13,0,12
BRDA:125,14,0,2
BRDA:125,14,1,9
BRDA:132,15,0,11
BRDA:138,16,0,2
BRDA:145,17,0,12
BRDA:158,18,0,0
BRDA:160,19,0,0
BRDA:160,19,1,0
BRDA:162,20,0,0
BRDA:162,20,1,0
BRDA:165,21,0,0
BRDA:174,22,0,12
BRDA:188,23,0,12
BRDA:191,24,0,0
BRDA:191,24,1,0
BRDA:194,25,0,12
BRDA:194,25,1,12
BRDA:199,26,0,12
BRDA:209,27,0,12
BRDA:213,28,0,2
BRDA:245,29,0,0
BRDA:253,30,0,0
BRDA:255,31,0,0
BRDA:255,31,1,0
BRDA:256,32,0,0
BRDA:256,32,1,0
BRDA:259,33,0,0
BRDA:259,33,1,0
BRDA:262,34,0,0
BRDA:262,34,1,0
BRDA:268,35,0,0
BRDA:274,36,0,0
BRDA:274,36,1,0
BRDA:276,37,0,0
BRDA:276,37,1,0
BRDA:277,38,0,0
BRDA:277,38,1,0
BRDA:280,39,0,0
BRDA:280,39,1,0
BRDA:285,40,0,0
BRDA:285,40,1,0
BRDA:292,41,0,0
BRDA:295,42,0,0
BRDA:295,42,1,0
BRDA:296,43,0,0
BRDA:296,43,1,0
BRDA:302,44,0,0
BRDA:316,45,0,2
BRDA:319,46,0,0
BRDA:332,47,0,0
BRDA:335,48,0,0
BRDA:335,48,1,0
BRDA:360,49,0,0
BRDA:364,50,0,0
BRDA:364,51,0,0
BRDA:364,51,1,0
BRDA:365,52,0,0
BRDA:365,53,0,0
BRDA:365,53,1,0
BRDA:368,54,0,0
BRDA:368,55,0,0
BRDA:368,55,1,0
BRDA:369,56,0,0
BRDA:369,56,1,0
BRDA:369,57,0,0
BRDA:369,57,1,0
BRDA:381,58,0,0
BRDA:389,59,0,0
BRDA:389,59,1,0
BRDA:390,60,0,0
BRDA:390,60,1,0
BRDA:395,61,0,0
BRDA:395,61,1,0
BRDA:396,62,0,0
BRDA:396,62,1,0
BRDA:402,63,0,0
BRDA:402,63,1,0
BRDA:403,64,0,0
BRDA:403,64,1,0
BRDA:438,65,0,0
BRDA:449,66,0,0
BRDA:449,66,1,0
BRDA:450,67,0,0
BRDA:450,67,1,0
BRDA:468,68,0,0
BRDA:476,69,0,0
BRDA:476,69,1,0
BRDA:477,70,0,0
BRDA:477,70,1,0
BRDA:481,71,0,0
BRDA:481,71,1,0
BRDA:492,72,0,0
BRDA:492,72,1,0
BRDA:497,73,0,0
BRF:115
BRH:23
end_of_record
TN:
SF:src\components\session-status.tsx
FN:24,SessionStatus
FN:33,(anonymous_5)
FN:50,(anonymous_6)
FN:56,(anonymous_7)
FN:71,(anonymous_8)
FN:77,(anonymous_9)
FN:111,(anonymous_10)
FN:191,(anonymous_11)
FN:243,SessionStatusIndicator
FN:248,SessionWarningBanner
FN:255,(anonymous_14)
FN:293,(anonymous_15)
FNF:12
FNH:0
FNDA:0,SessionStatus
FNDA:0,(anonymous_5)
FNDA:0,(anonymous_6)
FNDA:0,(anonymous_7)
FNDA:0,(anonymous_8)
FNDA:0,(anonymous_9)
FNDA:0,(anonymous_10)
FNDA:0,(anonymous_11)
FNDA:0,SessionStatusIndicator
FNDA:0,SessionWarningBanner
FNDA:0,(anonymous_14)
FNDA:0,(anonymous_15)
DA:3,0
DA:5,0
DA:6,0
DA:17,0
DA:24,0
DA:25,0
DA:26,0
DA:27,0
DA:29,0
DA:30,0
DA:33,0
DA:34,0
DA:35,0
DA:37,0
DA:38,0
DA:39,0
DA:43,0
DA:44,0
DA:50,0
DA:51,0
DA:52,0
DA:56,0
DA:57,0
DA:58,0
DA:59,0
DA:60,0
DA:61,0
DA:62,0
DA:65,0
DA:67,0
DA:71,0
DA:72,0
DA:73,0
DA:74,0
DA:77,0
DA:78,0
DA:79,0
DA:81,0
DA:82,0
DA:84,0
DA:88,0
DA:89,0
DA:92,0
DA:94,0
DA:95,0
DA:111,0
DA:112,0
DA:113,0
DA:137,0
DA:147,0
DA:149,0
DA:192,0
DA:243,0
DA:248,0
DA:249,0
DA:250,0
DA:251,0
DA:253,0
DA:255,0
DA:256,0
DA:259,0
DA:265,0
DA:268,0
DA:293,0
LF:64
LH:0
BRDA:24,0,0,0
BRDA:24,1,0,0
BRDA:34,2,0,0
BRDA:34,3,0,0
BRDA:34,3,1,0
BRDA:37,4,0,0
BRDA:37,4,1,0
BRDA:37,5,0,0
BRDA:37,5,1,0
BRDA:41,6,0,0
BRDA:41,6,1,0
BRDA:43,7,0,0
BRDA:43,8,0,0
BRDA:43,8,1,0
BRDA:51,9,0,0
BRDA:51,10,0,0
BRDA:51,10,1,0
BRDA:60,11,0,0
BRDA:81,12,0,0
BRDA:88,13,0,0
BRDA:88,14,0,0
BRDA:88,14,1,0
BRDA:92,15,0,0
BRDA:94,16,0,0
BRDA:94,16,1,0
BRDA:95,17,0,0
BRDA:95,17,1,0
BRDA:100,18,0,0
BRDA:101,19,0,0
BRDA:112,20,0,0
BRDA:149,21,0,0
BRDA:174,22,0,0
BRDA:180,23,0,0
BRDA:198,24,0,0
BRDA:198,24,1,0
BRDA:202,25,0,0
BRDA:202,25,1,0
BRDA:229,26,0,0
BRDA:229,26,1,0
BRDA:259,27,0,0
BRDA:260,28,0,0
BRDA:260,28,1,0
BRDA:260,28,2,0
BRDA:260,28,3,0
BRDA:277,29,0,0
BRDA:277,29,1,0
BRF:46
BRH:0
end_of_record
TN:
SF:src\components\theme-provider.tsx
FN:9,ThemeProvider
FNF:1
FNH:0
FNDA:0,ThemeProvider
DA:3,0
DA:7,0
DA:9,0
LF:3
LH:0
BRF:0
BRH:0
end_of_record
TN:
SF:src\components\virtualized-list.tsx
FN:14,VirtualizedList
FN:37,(anonymous_7)
FN:58,(anonymous_8)
FN:81,VirtualizedGrid
FN:115,(anonymous_10)
FN:137,(anonymous_11)
FN:151,(anonymous_12)
FNF:7
FNH:0
FNDA:0,VirtualizedList
FNDA:0,(anonymous_7)
FNDA:0,(anonymous_8)
FNDA:0,VirtualizedGrid
FNDA:0,(anonymous_10)
FNDA:0,(anonymous_11)
FNDA:0,(anonymous_12)
DA:3,0
DA:14,0
DA:22,0
DA:23,0
DA:25,0
DA:28,0
DA:29,0
DA:34,0
DA:35,0
DA:37,0
DA:38,0
DA:59,0
DA:81,0
DA:92,0
DA:93,0
DA:94,0
DA:97,0
DA:98,0
DA:99,0
DA:100,0
DA:103,0
DA:104,0
DA:109,0
DA:110,0
DA:112,0
DA:113,0
DA:115,0
DA:116,0
DA:117,0
DA:138,0
DA:139,0
DA:141,0
DA:152,0
LF:33
LH:0
BRDA:19,0,0,0
BRDA:20,1,0,0
BRDA:87,2,0,0
BRDA:89,3,0,0
BRDA:90,4,0,0
BRDA:148,5,0,0
BRDA:148,5,1,0
BRF:7
BRH:0
end_of_record
TN:
SF:src\components\ab-testing\ABTestWrapper.tsx
FN:13,ABTestWrapper
FN:23,(anonymous_8)
FN:50,useABTest
FN:54,(anonymous_10)
FN:74,ABTestVariant
FNF:5
FNH:0
FNDA:0,ABTestWrapper
FNDA:0,(anonymous_8)
FNDA:0,useABTest
FNDA:0,(anonymous_10)
FNDA:0,ABTestVariant
DA:3,0
DA:4,0
DA:13,0
DA:19,0
DA:20,0
DA:21,0
DA:23,0
DA:24,0
DA:26,0
DA:27,0
DA:28,0
DA:31,0
DA:34,0
DA:39,0
DA:50,0
DA:51,0
DA:52,0
DA:54,0
DA:55,0
DA:56,0
DA:57,0
DA:58,0
DA:62,0
DA:74,0
DA:79,0
DA:81,0
LF:26
LH:0
BRDA:16,0,0,0
BRDA:26,1,0,0
BRDA:34,2,0,0
BRDA:39,3,0,0
BRDA:56,4,0,0
BRDA:81,5,0,0
BRDA:81,6,0,0
BRDA:81,6,1,0
BRDA:82,7,0,0
BRDA:82,7,1,0
BRF:10
BRH:0
end_of_record
TN:
SF:src\components\analytics\AnalyticsDashboard.tsx
FN:26,AnalyticsDashboard
FN:44,(anonymous_5)
FN:54,(anonymous_6)
FN:58,(anonymous_7)
FN:61,(anonymous_8)
FN:63,(anonymous_9)
FN:67,(anonymous_10)
FN:68,(anonymous_11)
FN:70,(anonymous_12)
FN:71,(anonymous_13)
FN:73,(anonymous_14)
FN:74,(anonymous_15)
FN:87,(anonymous_16)
FN:118,(anonymous_17)
FN:133,(anonymous_18)
FN:186,(anonymous_19)
FN:226,(anonymous_20)
FN:258,(anonymous_21)
FNF:18
FNH:0
FNDA:0,AnalyticsDashboard
FNDA:0,(anonymous_5)
FNDA:0,(anonymous_6)
FNDA:0,(anonymous_7)
FNDA:0,(anonymous_8)
FNDA:0,(anonymous_9)
FNDA:0,(anonymous_10)
FNDA:0,(anonymous_11)
FNDA:0,(anonymous_12)
FNDA:0,(anonymous_13)
FNDA:0,(anonymous_14)
FNDA:0,(anonymous_15)
FNDA:0,(anonymous_16)
FNDA:0,(anonymous_17)
FNDA:0,(anonymous_18)
FNDA:0,(anonymous_19)
FNDA:0,(anonymous_20)
FNDA:0,(anonymous_21)
DA:3,0
DA:4,0
DA:16,0
DA:17,0
DA:18,0
DA:26,0
DA:36,0
DA:38,0
DA:39,0
DA:40,0
DA:41,0
DA:42,0
DA:44,0
DA:45,0
DA:46,0
DA:48,0
DA:49,0
DA:50,0
DA:51,0
DA:54,0
DA:55,0
DA:57,0
DA:58,0
DA:61,0
DA:62,0
DA:63,0
DA:67,0
DA:68,0
DA:69,0
DA:70,0
DA:71,0
DA:72,0
DA:73,0
DA:74,0
DA:76,0
DA:79,0
DA:81,0
DA:88,0
DA:118,0
DA:133,0
DA:187,0
DA:188,0
DA:192,0
DA:193,0
DA:195,0
DA:227,0
DA:259,0
LF:47
LH:0
BRDA:28,0,0,0
BRDA:29,1,0,0
BRDA:45,2,0,0
BRDA:70,3,0,0
BRDA:70,3,1,0
BRDA:73,4,0,0
BRDA:73,4,1,0
BRDA:81,5,0,0
BRDA:161,6,0,0
BRDA:161,6,1,0
BRDA:187,7,0,0
BRDA:187,7,1,0
BRDA:188,8,0,0
BRDA:188,8,1,0
BRDA:189,9,0,0
BRDA:189,9,1,0
BRDA:190,10,0,0
BRDA:190,10,1,0
BRDA:192,11,0,0
BRDA:192,11,1,0
BRDA:192,12,0,0
BRDA:192,12,1,0
BRDA:193,13,0,0
BRDA:193,13,1,0
BRDA:203,14,0,0
BRDA:204,15,0,0
BRDA:204,15,1,0
BRDA:204,16,0,0
BRDA:204,16,1,0
BRDA:238,17,0,0
BRDA:248,18,0,0
BRDA:248,18,1,0
BRDA:270,19,0,0
BRDA:270,19,1,0
BRDA:259,20,0,0
BRDA:259,20,1,0
BRF:36
BRH:0
end_of_record
TN:
SF:src\components\feedback\FeedbackWidget.tsx
FN:15,FeedbackWidget
FN:32,(anonymous_5)
FN:34,(anonymous_6)
FN:38,(anonymous_7)
FN:49,(anonymous_8)
FN:58,(anonymous_9)
FN:73,(anonymous_10)
FN:88,(anonymous_11)
FN:118,(anonymous_12)
FN:125,(anonymous_13)
FN:141,(anonymous_14)
FN:155,(anonymous_15)
FN:178,(anonymous_16)
FN:182,(anonymous_17)
FN:204,(anonymous_18)
FN:220,(anonymous_19)
FNF:16
FNH:0
FNDA:0,FeedbackWidget
FNDA:0,(anonymous_5)
FNDA:0,(anonymous_6)
FNDA:0,(anonymous_7)
FNDA:0,(anonymous_8)
FNDA:0,(anonymous_9)
FNDA:0,(anonymous_10)
FNDA:0,(anonymous_11)
FNDA:0,(anonymous_12)
FNDA:0,(anonymous_13)
FNDA:0,(anonymous_14)
FNDA:0,(anonymous_15)
FNDA:0,(anonymous_16)
FNDA:0,(anonymous_17)
FNDA:0,(anonymous_18)
FNDA:0,(anonymous_19)
DA:3,0
DA:4,0
DA:5,0
DA:15,0
DA:22,0
DA:23,0
DA:24,0
DA:25,0
DA:26,0
DA:27,0
DA:28,0
DA:29,0
DA:32,0
DA:33,0
DA:34,0
DA:35,0
DA:38,0
DA:42,0
DA:49,0
DA:50,0
DA:51,0
DA:52,0
DA:53,0
DA:54,0
DA:58,0
DA:59,0
DA:60,0
DA:61,0
DA:64,0
DA:73,0
DA:74,0
DA:75,0
DA:77,0
DA:79,0
DA:80,0
DA:87,0
DA:88,0
DA:89,0
DA:90,0
DA:91,0
DA:92,0
DA:93,0
DA:96,0
DA:98,0
DA:118,0
DA:125,0
DA:141,0
DA:155,0
DA:179,0
DA:182,0
DA:204,0
DA:220,0
LF:52
LH:0
BRDA:18,0,0,0
BRDA:19,1,0,0
BRDA:20,2,0,0
BRDA:33,3,0,0
BRDA:51,4,0,0
BRDA:51,4,1,0
BRDA:53,5,0,0
BRDA:60,6,0,0
BRDA:60,6,1,0
BRDA:75,7,0,0
BRDA:75,8,0,0
BRDA:75,8,1,0
BRDA:83,9,0,0
BRDA:83,9,1,0
BRDA:105,10,0,0
BRDA:139,11,0,0
BRDA:150,12,0,0
BRDA:163,13,0,0
BRDA:187,14,0,0
BRDA:187,14,1,0
BRDA:231,15,0,0
BRDA:231,15,1,0
BRDA:231,15,2,0
BRDA:235,16,0,0
BRF:24
BRH:0
end_of_record
TN:
SF:src\components\layout\header.tsx
FN:21,Header
FN:35,(anonymous_3)
FN:103,(anonymous_4)
FN:103,(anonymous_5)
FN:143,(anonymous_6)
FN:159,(anonymous_7)
FN:180,(anonymous_8)
FN:188,(anonymous_9)
FN:200,(anonymous_10)
FN:215,(anonymous_11)
FN:258,(anonymous_12)
FN:258,(anonymous_13)
FN:271,(anonymous_14)
FN:280,(anonymous_15)
FN:289,(anonymous_16)
FN:298,(anonymous_17)
FN:307,(anonymous_18)
FN:316,(anonymous_19)
FN:328,(anonymous_20)
FNF:19
FNH:0
FNDA:0,Header
FNDA:0,(anonymous_3)
FNDA:0,(anonymous_4)
FNDA:0,(anonymous_5)
FNDA:0,(anonymous_6)
FNDA:0,(anonymous_7)
FNDA:0,(anonymous_8)
FNDA:0,(anonymous_9)
FNDA:0,(anonymous_10)
FNDA:0,(anonymous_11)
FNDA:0,(anonymous_12)
FNDA:0,(anonymous_13)
FNDA:0,(anonymous_14)
FNDA:0,(anonymous_15)
FNDA:0,(anonymous_16)
FNDA:0,(anonymous_17)
FNDA:0,(anonymous_18)
FNDA:0,(anonymous_19)
FNDA:0,(anonymous_20)
DA:3,0
DA:4,0
DA:5,0
DA:6,0
DA:7,0
DA:8,0
DA:9,0
DA:21,0
DA:22,0
DA:23,0
DA:24,0
DA:33,0
DA:35,0
DA:103,0
DA:143,0
DA:160,0
DA:180,0
DA:188,0
DA:200,0
DA:215,0
DA:258,0
DA:271,0
DA:280,0
DA:289,0
DA:298,0
DA:307,0
DA:316,0
DA:328,0
LF:28
LH:0
BRDA:51,0,0,0
BRDA:51,0,1,0
BRDA:59,1,0,0
BRDA:59,1,1,0
BRDA:67,2,0,0
BRDA:67,2,1,0
BRDA:75,3,0,0
BRDA:75,3,1,0
BRDA:83,4,0,0
BRDA:83,4,1,0
BRDA:91,5,0,0
BRDA:91,5,1,0
BRDA:109,6,0,0
BRDA:109,6,1,0
BRDA:110,7,0,0
BRDA:110,7,1,0
BRDA:114,8,0,0
BRDA:116,9,0,0
BRDA:116,9,1,0
BRDA:119,10,0,0
BRDA:125,11,0,0
BRDA:125,11,1,0
BRDA:126,12,0,0
BRDA:126,12,1,0
BRDA:129,13,0,0
BRDA:129,13,1,0
BRDA:130,14,0,0
BRDA:130,14,1,0
BRDA:152,15,0,0
BRDA:160,16,0,0
BRDA:160,16,1,0
BRDA:163,17,0,0
BRDA:163,17,1,0
BRDA:164,18,0,0
BRDA:164,18,1,0
BRDA:165,19,0,0
BRDA:165,19,1,0
BRDA:178,20,0,0
BRDA:196,21,0,0
BRDA:196,21,1,0
BRDA:211,22,0,0
BRDA:225,23,0,0
BRDA:239,24,0,0
BRDA:261,25,0,0
BRDA:266,26,0,0
BRDA:273,27,0,0
BRDA:273,27,1,0
BRDA:282,28,0,0
BRDA:282,28,1,0
BRDA:291,29,0,0
BRDA:291,29,1,0
BRDA:300,30,0,0
BRDA:300,30,1,0
BRDA:309,31,0,0
BRDA:309,31,1,0
BRDA:318,32,0,0
BRDA:318,32,1,0
BRDA:330,33,0,0
BRDA:330,33,1,0
BRF:59
BRH:0
end_of_record
TN:
SF:src\components\layout\page-layout.tsx
FN:19,PageLayout
FN:45,FormPageLayout
FN:71,DashboardLayout
FN:102,ModalLayout
FNF:4
FNH:0
FNDA:0,PageLayout
FNDA:0,FormPageLayout
FNDA:0,DashboardLayout
FNDA:0,ModalLayout
DA:4,0
DA:5,0
DA:19,0
DA:45,0
DA:71,0
DA:102,0
DA:113,0
LF:7
LH:0
BRDA:22,0,0,0
BRDA:24,1,0,0
BRDA:28,2,0,0
BRDA:31,3,0,0
BRDA:48,4,0,0
BRDA:50,5,0,0
BRDA:54,6,0,0
BRDA:57,7,0,0
BRDA:74,8,0,0
BRDA:76,9,0,0
BRDA:80,10,0,0
BRDA:83,11,0,0
BRDA:113,12,0,0
BRDA:118,13,0,0
BRF:14
BRH:0
end_of_record
TN:
SF:src\components\performance\PerformanceMonitor.tsx
FN:23,PerformanceMonitor
FN:46,(anonymous_5)
FN:49,(anonymous_6)
FN:56,(anonymous_7)
FN:71,(anonymous_8)
FN:79,(anonymous_9)
FN:82,(anonymous_10)
FN:101,(anonymous_11)
FN:104,(anonymous_12)
FN:117,(anonymous_13)
FN:125,(anonymous_14)
FN:131,(anonymous_15)
FN:138,(anonymous_16)
FN:142,(anonymous_17)
FN:157,(anonymous_18)
FN:158,(anonymous_19)
FN:166,(anonymous_20)
FN:167,(anonymous_21)
FN:178,(anonymous_22)
FN:183,(anonymous_23)
FN:189,(anonymous_24)
FN:202,(anonymous_25)
FN:214,(anonymous_26)
FNF:23
FNH:0
FNDA:0,PerformanceMonitor
FNDA:0,(anonymous_5)
FNDA:0,(anonymous_6)
FNDA:0,(anonymous_7)
FNDA:0,(anonymous_8)
FNDA:0,(anonymous_9)
FNDA:0,(anonymous_10)
FNDA:0,(anonymous_11)
FNDA:0,(anonymous_12)
FNDA:0,(anonymous_13)
FNDA:0,(anonymous_14)
FNDA:0,(anonymous_15)
FNDA:0,(anonymous_16)
FNDA:0,(anonymous_17)
FNDA:0,(anonymous_18)
FNDA:0,(anonymous_19)
FNDA:0,(anonymous_20)
FNDA:0,(anonymous_21)
FNDA:0,(anonymous_22)
FNDA:0,(anonymous_23)
FNDA:0,(anonymous_24)
FNDA:0,(anonymous_25)
FNDA:0,(anonymous_26)
DA:3,0
DA:4,0
DA:5,0
DA:23,0
DA:29,0
DA:30,0
DA:39,0
DA:40,0
DA:41,0
DA:42,0
DA:43,0
DA:46,0
DA:47,0
DA:49,0
DA:50,0
DA:51,0
DA:52,0
DA:54,0
DA:55,0
DA:56,0
DA:62,0
DA:63,0
DA:66,0
DA:69,0
DA:71,0
DA:72,0
DA:73,0
DA:79,0
DA:80,0
DA:82,0
DA:83,0
DA:88,0
DA:89,0
DA:93,0
DA:96,0
DA:97,0
DA:98,0
DA:101,0
DA:104,0
DA:105,0
DA:106,0
DA:115,0
DA:117,0
DA:118,0
DA:119,0
DA:125,0
DA:126,0
DA:128,0
DA:129,0
DA:131,0
DA:132,0
DA:133,0
DA:136,0
DA:138,0
DA:139,0
DA:142,0
DA:143,0
DA:146,0
DA:147,0
DA:154,0
DA:157,0
DA:158,0
DA:159,0
DA:161,0
DA:166,0
DA:167,0
DA:168,0
DA:169,0
DA:176,0
DA:178,0
DA:179,0
DA:183,0
DA:184,0
DA:185,0
DA:186,0
DA:189,0
DA:195,0
DA:196,0
DA:202,0
DA:214,0
LF:80
LH:0
BRDA:25,0,0,0
BRDA:26,1,0,0
BRDA:27,2,0,0
BRDA:47,3,0,0
BRDA:54,4,0,0
BRDA:72,5,0,0
BRDA:80,6,0,0
BRDA:88,7,0,0
BRDA:96,8,0,0
BRDA:105,9,0,0
BRDA:105,10,0,0
BRDA:105,10,1,0
BRDA:118,11,0,0
BRDA:126,12,0,0
BRDA:146,13,0,0
BRDA:171,14,0,0
BRDA:171,14,1,0
BRDA:184,15,0,0
BRDA:185,16,0,0
BRDA:195,17,0,0
BRDA:209,18,0,0
BRDA:237,19,0,0
BRDA:272,20,0,0
BRF:23
BRH:0
end_of_record
TN:
SF:src\components\ui\accordion.tsx
FN:9,Accordion
FN:15,AccordionItem
FN:28,AccordionTrigger
FN:50,AccordionContent
FNF:4
FNH:0
FNDA:0,Accordion
FNDA:0,AccordionItem
FNDA:0,AccordionTrigger
FNDA:0,AccordionContent
DA:3,0
DA:4,0
DA:5,0
DA:7,0
DA:66,0
LF:5
LH:0
BRF:0
BRH:0
end_of_record
TN:
SF:src\components\ui\alert-dialog.tsx
FN:9,AlertDialog
FN:15,AlertDialogTrigger
FN:23,AlertDialogPortal
FN:31,AlertDialogOverlay
FN:47,AlertDialogContent
FN:66,AlertDialogHeader
FN:79,AlertDialogFooter
FN:95,AlertDialogTitle
FN:108,AlertDialogDescription
FN:121,AlertDialogAction
FN:133,AlertDialogCancel
FNF:11
FNH:0
FNDA:0,AlertDialog
FNDA:0,AlertDialogTrigger
FNDA:0,AlertDialogPortal
FNDA:0,AlertDialogOverlay
FNDA:0,AlertDialogContent
FNDA:0,AlertDialogHeader
FNDA:0,AlertDialogFooter
FNDA:0,AlertDialogTitle
FNDA:0,AlertDialogDescription
FNDA:0,AlertDialogAction
FNDA:0,AlertDialogCancel
DA:3,0
DA:4,0
DA:6,0
DA:7,0
DA:146,0
DA:147,0
DA:148,0
DA:149,0
DA:150,0
DA:151,0
DA:152,0
DA:153,0
DA:154,0
DA:155,0
DA:156,0
LF:15
LH:0
BRF:0
BRH:0
end_of_record
TN:
SF:src\components\ui\alert.tsx
FN:22,Alert
FN:37,AlertTitle
FN:50,AlertDescription
FNF:3
FNH:0
FNDA:0,Alert
FNDA:0,AlertTitle
FNDA:0,AlertDescription
DA:1,0
DA:2,0
DA:4,0
DA:6,0
DA:66,0
LF:5
LH:0
BRF:0
BRH:0
end_of_record
TN:
SF:src\components\ui\aspect-ratio.tsx
FN:5,AspectRatio
FNF:1
FNH:0
FNDA:0,AspectRatio
DA:3,0
DA:11,0
LF:2
LH:0
BRF:0
BRH:0
end_of_record
TN:
SF:src\components\ui\avatar.tsx
FN:8,Avatar
FN:24,AvatarImage
FN:37,AvatarFallback
FNF:3
FNH:0
FNDA:0,Avatar
FNDA:0,AvatarImage
FNDA:0,AvatarFallback
DA:3,0
DA:4,0
DA:6,0
DA:53,0
LF:4
LH:0
BRF:0
BRH:0
end_of_record
TN:
SF:src\components\ui\badge.tsx
FN:28,Badge
FNF:1
FNH:0
FNDA:0,Badge
DA:1,0
DA:2,0
DA:3,0
DA:5,0
DA:7,0
DA:35,0
DA:46,0
LF:7
LH:0
BRDA:31,0,0,0
BRDA:35,1,0,0
BRDA:35,1,1,0
BRF:3
BRH:0
end_of_record
TN:
SF:src\components\ui\breadcrumb.tsx
FN:7,Breadcrumb
FN:11,BreadcrumbList
FN:24,BreadcrumbItem
FN:34,BreadcrumbLink
FN:52,BreadcrumbPage
FN:65,BreadcrumbSeparator
FN:83,BreadcrumbEllipsis
FNF:7
FNH:0
FNDA:0,Breadcrumb
FNDA:0,BreadcrumbList
FNDA:0,BreadcrumbItem
FNDA:0,BreadcrumbLink
FNDA:0,BreadcrumbPage
FNDA:0,BreadcrumbSeparator
FNDA:0,BreadcrumbEllipsis
DA:1,0
DA:2,0
DA:3,0
DA:5,0
DA:41,0
DA:102,0
DA:103,0
DA:104,0
DA:105,0
DA:106,0
DA:107,0
DA:108,0
LF:12
LH:0
BRDA:41,0,0,0
BRDA:41,0,1,0
BRDA:78,1,0,0
BRDA:78,1,1,0
BRF:4
BRH:0
end_of_record
TN:
SF:src\components\ui\button.tsx
FN:38,Button
FNF:1
FNH:1
FNDA:16,Button
DA:1,1
DA:2,1
DA:3,1
DA:5,1
DA:7,1
DA:48,16
DA:59,16
LF:7
LH:7
BRDA:42,0,0,15
BRDA:48,1,0,1
BRDA:48,1,1,15
BRF:3
BRH:3
end_of_record
TN:
SF:src\components\ui\calendar.tsx
FN:14,Calendar
FN:39,(anonymous_7)
FN:128,(anonymous_8)
FN:138,(anonymous_9)
FN:159,(anonymous_10)
FN:175,CalendarDayButton
FN:184,(anonymous_12)
FNF:7
FNH:0
FNDA:0,Calendar
FNDA:0,(anonymous_7)
FNDA:0,(anonymous_8)
FNDA:0,(anonymous_9)
FNDA:0,(anonymous_10)
FNDA:0,CalendarDayButton
FNDA:0,(anonymous_12)
DA:3,0
DA:8,0
DA:9,0
DA:11,0
DA:12,0
DA:26,0
DA:40,0
DA:139,0
DA:145,0
DA:181,0
DA:183,0
DA:184,0
DA:185,0
DA:213,0
LF:14
LH:0
BRDA:17,0,0,0
BRDA:18,1,0,0
BRDA:19,2,0,0
BRDA:82,3,0,0
BRDA:82,3,1,0
BRDA:139,4,0,0
BRDA:145,5,0,0
BRDA:185,6,0,0
BRDA:195,7,0,0
BRDA:195,7,1,0
BRDA:195,7,2,0
BRDA:195,7,3,0
BRF:12
BRH:0
end_of_record
TN:
SF:src\components\ui\card.tsx
FN:5,Card
FN:18,CardHeader
FN:31,CardTitle
FN:41,CardDescription
FN:51,CardAction
FN:64,CardContent
FN:74,CardFooter
FNF:7
FNH:0
FNDA:0,Card
FNDA:0,CardHeader
FNDA:0,CardTitle
FNDA:0,CardDescription
FNDA:0,CardAction
FNDA:0,CardContent
FNDA:0,CardFooter
DA:1,0
DA:3,0
DA:85,0
DA:86,0
DA:87,0
DA:88,0
DA:89,0
DA:90,0
DA:91,0
LF:9
LH:0
BRF:0
BRH:0
end_of_record
TN:
SF:src\components\ui\carousel.tsx
FN:35,useCarousel
FN:45,Carousel
FN:64,(anonymous_12)
FN:70,(anonymous_13)
FN:74,(anonymous_14)
FN:79,(anonymous_15)
FN:91,(anonymous_16)
FN:96,(anonymous_17)
FN:102,(anonymous_18)
FN:135,CarouselContent
FN:156,CarouselItem
FN:174,CarouselPrevious
FN:204,CarouselNext
FNF:13
FNH:0
FNDA:0,useCarousel
FNDA:0,Carousel
FNDA:0,(anonymous_12)
FNDA:0,(anonymous_13)
FNDA:0,(anonymous_14)
FNDA:0,(anonymous_15)
FNDA:0,(anonymous_16)
FNDA:0,(anonymous_17)
FNDA:0,(anonymous_18)
FNDA:0,CarouselContent
FNDA:0,CarouselItem
FNDA:0,CarouselPrevious
FNDA:0,CarouselNext
DA:3,0
DA:6,0
DA:7,0
DA:9,0
DA:10,0
DA:33,0
DA:36,0
DA:38,0
DA:39,0
DA:42,0
DA:54,0
DA:61,0
DA:62,0
DA:64,0
DA:65,0
DA:66,0
DA:67,0
DA:70,0
DA:71,0
DA:74,0
DA:75,0
DA:78,0
DA:80,0
DA:81,0
DA:82,0
DA:83,0
DA:84,0
DA:85,0
DA:91,0
DA:92,0
DA:93,0
DA:96,0
DA:97,0
DA:98,0
DA:99,0
DA:100,0
DA:102,0
DA:103,0
DA:136,0
DA:157,0
DA:180,0
DA:210,0
DA:236,0
DA:237,0
DA:238,0
DA:239,0
DA:240,0
LF:47
LH:0
BRDA:38,0,0,0
BRDA:46,1,0,0
BRDA:57,2,0,0
BRDA:57,2,1,0
BRDA:65,3,0,0
BRDA:80,4,0,0
BRDA:80,4,1,0
BRDA:83,5,0,0
BRDA:92,6,0,0
BRDA:92,7,0,0
BRDA:92,7,1,0
BRDA:97,8,0,0
BRDA:114,9,0,0
BRDA:114,9,1,0
BRDA:114,10,0,0
BRDA:114,10,1,0
BRDA:147,11,0,0
BRDA:147,11,1,0
BRDA:166,12,0,0
BRDA:166,12,1,0
BRDA:176,13,0,0
BRDA:177,14,0,0
BRDA:189,15,0,0
BRDA:189,15,1,0
BRDA:206,16,0,0
BRDA:207,17,0,0
BRDA:219,18,0,0
BRDA:219,18,1,0
BRF:28
BRH:0
end_of_record
TN:
SF:src\components\ui\chart.tsx
FN:27,useChart
FN:37,ChartContainer
FN:72,(anonymous_12)
FN:74,(anonymous_13)
FN:86,(anonymous_14)
FN:89,(anonymous_15)
FN:107,ChartTooltipContent
FN:131,(anonymous_17)
FN:182,(anonymous_18)
FN:253,ChartLegendContent
FN:278,(anonymous_20)
FN:308,getPayloadConfigFromPayload
FNF:12
FNH:0
FNDA:0,useChart
FNDA:0,ChartContainer
FNDA:0,(anonymous_12)
FNDA:0,(anonymous_13)
FNDA:0,(anonymous_14)
FNDA:0,(anonymous_15)
FNDA:0,ChartTooltipContent
FNDA:0,(anonymous_17)
FNDA:0,(anonymous_18)
FNDA:0,ChartLegendContent
FNDA:0,(anonymous_20)
FNDA:0,getPayloadConfigFromPayload
DA:3,0
DA:4,0
DA:6,0
DA:9,0
DA:25,0
DA:28,0
DA:30,0
DA:31,0
DA:34,0
DA:49,0
DA:50,0
DA:72,0
DA:73,0
DA:74,0
DA:77,0
DA:78,0
DA:86,0
DA:91,0
DA:93,0
DA:105,0
DA:129,0
DA:131,0
DA:132,0
DA:133,0
DA:136,0
DA:137,0
DA:138,0
DA:140,0
DA:144,0
DA:152,0
DA:153,0
DA:167,0
DA:168,0
DA:171,0
DA:183,0
DA:184,0
DA:185,0
DA:187,0
DA:251,0
DA:264,0
DA:266,0
DA:267,0
DA:279,0
DA:280,0
DA:282,0
DA:313,0
DA:314,0
DA:318,0
DA:324,0
DA:326,0
DA:330,0
DA:331,0
DA:336,0
DA:341,0
DA:347,0
DA:348,0
DA:349,0
DA:350,0
DA:351,0
DA:352,0
LF:60
LH:0
BRDA:30,0,0,0
BRDA:50,1,0,0
BRDA:50,1,1,0
BRDA:74,2,0,0
BRDA:74,2,1,0
BRDA:77,3,0,0
BRDA:91,4,0,0
BRDA:91,4,1,0
BRDA:93,5,0,0
BRDA:93,5,1,0
BRDA:111,6,0,0
BRDA:112,7,0,0
BRDA:113,8,0,0
BRDA:132,9,0,0
BRDA:132,10,0,0
BRDA:132,10,1,0
BRDA:137,11,0,0
BRDA:137,11,1,0
BRDA:137,11,2,0
BRDA:137,11,3,0
BRDA:140,12,0,0
BRDA:140,12,1,0
BRDA:140,13,0,0
BRDA:140,13,1,0
BRDA:141,14,0,0
BRDA:141,14,1,0
BRDA:144,15,0,0
BRDA:152,16,0,0
BRDA:167,17,0,0
BRDA:167,18,0,0
BRDA:167,18,1,0
BRDA:171,19,0,0
BRDA:171,19,1,0
BRDA:180,20,0,0
BRDA:180,20,1,0
BRDA:183,21,0,0
BRDA:183,21,1,0
BRDA:183,21,2,0
BRDA:183,21,3,0
BRDA:185,22,0,0
BRDA:185,22,1,0
BRDA:185,22,2,0
BRDA:192,23,0,0
BRDA:192,23,1,0
BRDA:196,24,0,0
BRDA:195,25,0,0
BRDA:195,25,1,0
BRDA:195,25,2,0
BRDA:200,26,0,0
BRDA:202,27,0,0
BRDA:211,28,0,0
BRDA:211,28,1,0
BRDA:226,29,0,0
BRDA:226,29,1,0
BRDA:230,30,0,0
BRDA:230,30,1,0
BRDA:232,31,0,0
BRDA:232,31,1,0
BRDA:235,32,0,0
BRDA:255,33,0,0
BRDA:257,34,0,0
BRDA:266,35,0,0
BRDA:274,36,0,0
BRDA:274,36,1,0
BRDA:279,37,0,0
BRDA:279,37,1,0
BRDA:279,37,2,0
BRDA:290,38,0,0
BRDA:289,39,0,0
BRDA:289,39,1,0
BRDA:313,40,0,0
BRDA:313,41,0,0
BRDA:313,41,1,0
BRDA:318,42,0,0
BRDA:318,42,1,0
BRDA:318,43,0,0
BRDA:318,43,1,0
BRDA:318,43,2,0
BRDA:326,44,0,0
BRDA:326,44,1,0
BRDA:327,45,0,0
BRDA:327,45,1,0
BRDA:331,46,0,0
BRDA:332,47,0,0
BRDA:332,47,1,0
BRDA:332,47,2,0
BRDA:341,48,0,0
BRDA:341,48,1,0
BRF:88
BRH:0
end_of_record
TN:
SF:src\components\ui\checkbox.tsx
FN:9,Checkbox
FNF:1
FNH:0
FNDA:0,Checkbox
DA:3,0
DA:4,0
DA:5,0
DA:7,0
DA:32,0
LF:5
LH:0
BRF:0
BRH:0
end_of_record
TN:
SF:src\components\ui\collapsible.tsx
FN:5,Collapsible
FN:11,CollapsibleTrigger
FN:22,CollapsibleContent
FNF:3
FNH:0
FNDA:0,Collapsible
FNDA:0,CollapsibleTrigger
FNDA:0,CollapsibleContent
DA:3,0
DA:33,0
LF:2
LH:0
BRF:0
BRH:0
end_of_record
TN:
SF:src\components\ui\command.tsx
FN:16,Command
FN:32,CommandDialog
FN:63,CommandInput
FN:85,CommandList
FN:101,CommandEmpty
FN:113,CommandGroup
FN:129,CommandSeparator
FN:142,CommandItem
FN:158,CommandShortcut
FNF:9
FNH:0
FNDA:0,Command
FNDA:0,CommandDialog
FNDA:0,CommandInput
FNDA:0,CommandList
FNDA:0,CommandEmpty
FNDA:0,CommandGroup
FNDA:0,CommandSeparator
FNDA:0,CommandItem
FNDA:0,CommandShortcut
DA:3,0
DA:4,0
DA:5,0
DA:7,0
DA:14,0
DA:175,0
DA:176,0
DA:177,0
DA:178,0
DA:179,0
DA:180,0
DA:181,0
DA:182,0
DA:183,0
LF:14
LH:0
BRDA:33,0,0,0
BRDA:34,1,0,0
BRDA:37,2,0,0
BRF:3
BRH:0
end_of_record
TN:
SF:src\components\ui\context-menu.tsx
FN:9,ContextMenu
FN:15,ContextMenuTrigger
FN:23,ContextMenuGroup
FN:31,ContextMenuPortal
FN:39,ContextMenuSub
FN:45,ContextMenuRadioGroup
FN:56,ContextMenuSubTrigger
FN:80,ContextMenuSubContent
FN:96,ContextMenuContent
FN:114,ContextMenuItem
FN:137,ContextMenuCheckboxItem
FN:163,ContextMenuRadioItem
FN:187,ContextMenuLabel
FN:207,ContextMenuSeparator
FN:220,ContextMenuShortcut
FNF:15
FNH:0
FNDA:0,ContextMenu
FNDA:0,ContextMenuTrigger
FNDA:0,ContextMenuGroup
FNDA:0,ContextMenuPortal
FNDA:0,ContextMenuSub
FNDA:0,ContextMenuRadioGroup
FNDA:0,ContextMenuSubTrigger
FNDA:0,ContextMenuSubContent
FNDA:0,ContextMenuContent
FNDA:0,ContextMenuItem
FNDA:0,ContextMenuCheckboxItem
FNDA:0,ContextMenuRadioItem
FNDA:0,ContextMenuLabel
FNDA:0,ContextMenuSeparator
FNDA:0,ContextMenuShortcut
DA:3,0
DA:4,0
DA:5,0
DA:7,0
DA:237,0
DA:238,0
DA:239,0
DA:240,0
DA:241,0
DA:242,0
DA:243,0
DA:244,0
DA:245,0
DA:246,0
DA:247,0
DA:248,0
DA:249,0
DA:250,0
DA:251,0
LF:19
LH:0
BRDA:117,0,0,0
BRF:1
BRH:0
end_of_record
TN:
SF:src\components\ui\dialog.tsx
FN:9,Dialog
FN:15,DialogTrigger
FN:21,DialogPortal
FN:27,DialogClose
FN:33,DialogOverlay
FN:49,DialogContent
FN:83,DialogHeader
FN:93,DialogFooter
FN:106,DialogTitle
FN:119,DialogDescription
FNF:10
FNH:0
FNDA:0,Dialog
FNDA:0,DialogTrigger
FNDA:0,DialogPortal
FNDA:0,DialogClose
FNDA:0,DialogOverlay
FNDA:0,DialogContent
FNDA:0,DialogHeader
FNDA:0,DialogFooter
FNDA:0,DialogTitle
FNDA:0,DialogDescription
DA:3,0
DA:4,0
DA:5,0
DA:7,0
DA:133,0
DA:134,0
DA:135,0
DA:136,0
DA:137,0
DA:138,0
DA:139,0
DA:140,0
DA:141,0
DA:142,0
LF:14
LH:0
BRDA:52,0,0,0
BRDA:69,1,0,0
BRF:2
BRH:0
end_of_record
TN:
SF:src\components\ui\drawer.tsx
FN:8,Drawer
FN:14,DrawerTrigger
FN:20,DrawerPortal
FN:26,DrawerClose
FN:32,DrawerOverlay
FN:48,DrawerContent
FN:75,DrawerHeader
FN:88,DrawerFooter
FN:98,DrawerTitle
FN:111,DrawerDescription
FNF:10
FNH:0
FNDA:0,Drawer
FNDA:0,DrawerTrigger
FNDA:0,DrawerPortal
FNDA:0,DrawerClose
FNDA:0,DrawerOverlay
FNDA:0,DrawerContent
FNDA:0,DrawerHeader
FNDA:0,DrawerFooter
FNDA:0,DrawerTitle
FNDA:0,DrawerDescription
DA:3,0
DA:4,0
DA:6,0
DA:125,0
DA:126,0
DA:127,0
DA:128,0
DA:129,0
DA:130,0
DA:131,0
DA:132,0
DA:133,0
DA:134,0
LF:13
LH:0
BRF:0
BRH:0
end_of_record
TN:
SF:src\components\ui\dropdown-menu.tsx
FN:9,DropdownMenu
FN:15,DropdownMenuPortal
FN:23,DropdownMenuTrigger
FN:34,DropdownMenuContent
FN:54,DropdownMenuGroup
FN:62,DropdownMenuItem
FN:85,DropdownMenuCheckboxItem
FN:111,DropdownMenuRadioGroup
FN:122,DropdownMenuRadioItem
FN:146,DropdownMenuLabel
FN:166,DropdownMenuSeparator
FN:179,DropdownMenuShortcut
FN:195,DropdownMenuSub
FN:201,DropdownMenuSubTrigger
FN:225,DropdownMenuSubContent
FNF:15
FNH:0
FNDA:0,DropdownMenu
FNDA:0,DropdownMenuPortal
FNDA:0,DropdownMenuTrigger
FNDA:0,DropdownMenuContent
FNDA:0,DropdownMenuGroup
FNDA:0,DropdownMenuItem
FNDA:0,DropdownMenuCheckboxItem
FNDA:0,DropdownMenuRadioGroup
FNDA:0,DropdownMenuRadioItem
FNDA:0,DropdownMenuLabel
FNDA:0,DropdownMenuSeparator
FNDA:0,DropdownMenuShortcut
FNDA:0,DropdownMenuSub
FNDA:0,DropdownMenuSubTrigger
FNDA:0,DropdownMenuSubContent
DA:3,0
DA:4,0
DA:5,0
DA:7,0
DA:242,0
DA:243,0
DA:244,0
DA:245,0
DA:246,0
DA:247,0
DA:248,0
DA:249,0
DA:250,0
DA:251,0
DA:252,0
DA:253,0
DA:254,0
DA:255,0
DA:256,0
LF:19
LH:0
BRDA:36,0,0,0
BRDA:65,1,0,0
BRF:2
BRH:0
end_of_record
TN:
SF:src\components\ui\form.tsx
FN:32,(anonymous_12)
FN:45,(anonymous_13)
FN:76,FormItem
FN:90,FormLabel
FN:107,FormControl
FN:125,FormDescription
FN:138,FormMessage
FNF:7
FNH:0
FNDA:0,(anonymous_12)
FNDA:0,(anonymous_13)
FNDA:0,FormItem
FNDA:0,FormLabel
FNDA:0,FormControl
FNDA:0,FormDescription
FNDA:0,FormMessage
DA:3,0
DA:5,0
DA:14,0
DA:16,0
DA:17,0
DA:19,0
DA:28,0
DA:32,0
DA:45,0
DA:46,0
DA:47,0
DA:48,0
DA:49,0
DA:50,0
DA:52,0
DA:53,0
DA:56,0
DA:58,0
DA:72,0
DA:77,0
DA:94,0
DA:108,0
DA:126,0
DA:139,0
DA:140,0
DA:142,0
DA:143,0
DA:159,0
DA:160,0
DA:161,0
DA:162,0
DA:163,0
DA:164,0
DA:165,0
DA:166,0
LF:35
LH:0
BRDA:52,0,0,0
BRDA:115,1,0,0
BRDA:115,1,1,0
BRDA:140,2,0,0
BRDA:140,2,1,0
BRDA:140,3,0,0
BRDA:140,3,1,0
BRDA:142,4,0,0
BRF:8
BRH:0
end_of_record
TN:
SF:src\components\ui\hover-card.tsx
FN:8,HoverCard
FN:14,HoverCardTrigger
FN:22,HoverCardContent
FNF:3
FNH:0
FNDA:0,HoverCard
FNDA:0,HoverCardTrigger
FNDA:0,HoverCardContent
DA:3,0
DA:4,0
DA:6,0
DA:44,0
LF:4
LH:0
BRDA:24,0,0,0
BRDA:25,1,0,0
BRF:2
BRH:0
end_of_record
TN:
SF:src\components\ui\input-otp.tsx
FN:9,InputOTP
FN:29,InputOTPGroup
FN:39,InputOTPSlot
FN:69,InputOTPSeparator
FNF:4
FNH:0
FNDA:0,InputOTP
FNDA:0,InputOTPGroup
FNDA:0,InputOTPSlot
FNDA:0,InputOTPSeparator
DA:3,0
DA:4,0
DA:5,0
DA:7,0
DA:46,0
DA:47,0
DA:77,0
LF:7
LH:0
BRDA:47,0,0,0
BRDA:47,0,1,0
BRDA:60,1,0,0
BRF:3
BRH:0
end_of_record
TN:
SF:src\components\ui\input.tsx
FN:5,Input
FNF:1
FNH:0
FNDA:0,Input
DA:1,0
DA:3,0
DA:21,0
LF:3
LH:0
BRF:0
BRH:0
end_of_record
TN:
SF:src\components\ui\label.tsx
FN:8,Label
FNF:1
FNH:0
FNDA:0,Label
DA:3,0
DA:4,0
DA:6,0
DA:24,0
LF:4
LH:0
BRF:0
BRH:0
end_of_record
TN:
SF:src\components\ui\menubar.tsx
FN:9,Menubar
FN:25,MenubarMenu
FN:31,MenubarGroup
FN:37,MenubarPortal
FN:43,MenubarRadioGroup
FN:51,MenubarTrigger
FN:67,MenubarContent
FN:91,MenubarItem
FN:114,MenubarCheckboxItem
FN:140,MenubarRadioItem
FN:164,MenubarLabel
FN:184,MenubarSeparator
FN:197,MenubarShortcut
FN:213,MenubarSub
FN:219,MenubarSubTrigger
FN:243,MenubarSubContent
FNF:16
FNH:0
FNDA:0,Menubar
FNDA:0,MenubarMenu
FNDA:0,MenubarGroup
FNDA:0,MenubarPortal
FNDA:0,MenubarRadioGroup
FNDA:0,MenubarTrigger
FNDA:0,MenubarContent
FNDA:0,MenubarItem
FNDA:0,MenubarCheckboxItem
FNDA:0,MenubarRadioItem
FNDA:0,MenubarLabel
FNDA:0,MenubarSeparator
FNDA:0,MenubarShortcut
FNDA:0,MenubarSub
FNDA:0,MenubarSubTrigger
FNDA:0,MenubarSubContent
DA:3,0
DA:4,0
DA:5,0
DA:7,0
DA:260,0
DA:261,0
DA:262,0
DA:263,0
DA:264,0
DA:265,0
DA:266,0
DA:267,0
DA:268,0
DA:269,0
DA:270,0
DA:271,0
DA:272,0
DA:273,0
DA:274,0
DA:275,0
LF:20
LH:0
BRDA:69,0,0,0
BRDA:70,1,0,0
BRDA:71,2,0,0
BRDA:94,3,0,0
BRF:4
BRH:0
end_of_record
TN:
SF:src\components\ui\navigation-menu.tsx
FN:8,NavigationMenu
FN:32,NavigationMenuList
FN:48,NavigationMenuItem
FN:65,NavigationMenuTrigger
FN:85,NavigationMenuContent
FN:102,NavigationMenuViewport
FN:124,NavigationMenuLink
FN:140,NavigationMenuIndicator
FNF:8
FNH:0
FNDA:0,NavigationMenu
FNDA:0,NavigationMenuList
FNDA:0,NavigationMenuItem
FNDA:0,NavigationMenuTrigger
FNDA:0,NavigationMenuContent
FNDA:0,NavigationMenuViewport
FNDA:0,NavigationMenuLink
FNDA:0,NavigationMenuIndicator
DA:1,0
DA:2,0
DA:3,0
DA:4,0
DA:6,0
DA:61,0
DA:159,0
DA:160,0
DA:161,0
DA:162,0
DA:163,0
DA:164,0
DA:165,0
DA:166,0
DA:167,0
LF:15
LH:0
BRDA:11,0,0,0
BRDA:27,1,0,0
BRDA:27,1,1,0
BRF:3
BRH:0
end_of_record
TN:
SF:src\components\ui\pagination.tsx
FN:11,Pagination
FN:23,PaginationContent
FN:36,PaginationItem
FN:45,PaginationLink
FN:68,PaginationPrevious
FN:85,PaginationNext
FN:102,PaginationEllipsis
FNF:7
FNH:0
FNDA:0,Pagination
FNDA:0,PaginationContent
FNDA:0,PaginationItem
FNDA:0,PaginationLink
FNDA:0,PaginationPrevious
FNDA:0,PaginationNext
FNDA:0,PaginationEllipsis
DA:1,0
DA:6,0
DA:8,0
DA:9,0
DA:120,0
DA:121,0
DA:122,0
DA:123,0
DA:124,0
DA:125,0
DA:126,0
LF:11
LH:0
BRDA:48,0,0,0
BRDA:53,1,0,0
BRDA:53,1,1,0
BRDA:58,2,0,0
BRDA:58,2,1,0
BRF:5
BRH:0
end_of_record
TN:
SF:src\components\ui\popover.tsx
FN:8,Popover
FN:14,PopoverTrigger
FN:20,PopoverContent
FN:42,PopoverAnchor
FNF:4
FNH:0
FNDA:0,Popover
FNDA:0,PopoverTrigger
FNDA:0,PopoverContent
FNDA:0,PopoverAnchor
DA:3,0
DA:4,0
DA:6,0
DA:48,0
LF:4
LH:0
BRDA:22,0,0,0
BRDA:23,1,0,0
BRF:2
BRH:0
end_of_record
TN:
SF:src\components\ui\progress.tsx
FN:8,Progress
FNF:1
FNH:0
FNDA:0,Progress
DA:3,0
DA:4,0
DA:6,0
DA:31,0
LF:4
LH:0
BRDA:25,0,0,0
BRDA:25,0,1,0
BRF:2
BRH:0
end_of_record
TN:
SF:src\components\ui\radio-group.tsx
FN:9,RadioGroup
FN:22,RadioGroupItem
FNF:2
FNH:0
FNDA:0,RadioGroup
FNDA:0,RadioGroupItem
DA:3,0
DA:4,0
DA:5,0
DA:7,0
DA:45,0
LF:5
LH:0
BRF:0
BRH:0
end_of_record
TN:
SF:src\components\ui\resizable.tsx
FN:9,ResizablePanelGroup
FN:25,ResizablePanel
FN:31,ResizableHandle
FNF:3
FNH:0
FNDA:0,ResizablePanelGroup
FNDA:0,ResizablePanel
FNDA:0,ResizableHandle
DA:3,0
DA:4,0
DA:5,0
DA:7,0
DA:56,0
LF:5
LH:0
BRDA:47,0,0,0
BRF:1
BRH:0
end_of_record
TN:
SF:src\components\ui\scroll-area.tsx
FN:8,ScrollArea
FN:31,ScrollBar
FNF:2
FNH:0
FNDA:0,ScrollArea
FNDA:0,ScrollBar
DA:3,0
DA:4,0
DA:6,0
DA:58,0
LF:4
LH:0
BRDA:33,0,0,0
BRDA:42,1,0,0
BRDA:42,1,1,0
BRDA:44,2,0,0
BRDA:44,2,1,0
BRF:5
BRH:0
end_of_record
TN:
SF:src\components\ui\select.tsx
FN:9,Select
FN:15,SelectGroup
FN:21,SelectValue
FN:27,SelectTrigger
FN:53,SelectContent
FN:88,SelectLabel
FN:101,SelectItem
FN:125,SelectSeparator
FN:138,SelectScrollUpButton
FN:156,SelectScrollDownButton
FNF:10
FNH:0
FNDA:0,Select
FNDA:0,SelectGroup
FNDA:0,SelectValue
FNDA:0,SelectTrigger
FNDA:0,SelectContent
FNDA:0,SelectLabel
FNDA:0,SelectItem
FNDA:0,SelectSeparator
FNDA:0,SelectScrollUpButton
FNDA:0,SelectScrollDownButton
DA:3,0
DA:4,0
DA:5,0
DA:7,0
DA:175,0
DA:176,0
DA:177,0
DA:178,0
DA:179,0
DA:180,0
DA:181,0
DA:182,0
DA:183,0
DA:184,0
LF:14
LH:0
BRDA:29,0,0,0
BRDA:56,1,0,0
BRDA:65,2,0,0
BRDA:65,2,1,0
BRDA:76,3,0,0
BRDA:76,3,1,0
BRF:6
BRH:0
end_of_record
TN:
SF:src\components\ui\separator.tsx
FN:8,Separator
FNF:1
FNH:0
FNDA:0,Separator
DA:3,0
DA:4,0
DA:6,0
DA:28,0
LF:4
LH:0
BRDA:10,0,0,0
BRDA:11,1,0,0
BRF:2
BRH:0
end_of_record
TN:
SF:src\components\ui\sheet.tsx
FN:9,Sheet
FN:13,SheetTrigger
FN:19,SheetClose
FN:25,SheetPortal
FN:31,SheetOverlay
FN:47,SheetContent
FN:84,SheetHeader
FN:94,SheetFooter
FN:104,SheetTitle
FN:117,SheetDescription
FNF:10
FNH:0
FNDA:0,Sheet
FNDA:0,SheetTrigger
FNDA:0,SheetClose
FNDA:0,SheetPortal
FNDA:0,SheetOverlay
FNDA:0,SheetContent
FNDA:0,SheetHeader
FNDA:0,SheetFooter
FNDA:0,SheetTitle
FNDA:0,SheetDescription
DA:3,0
DA:4,0
DA:5,0
DA:7,0
DA:131,0
DA:132,0
DA:133,0
DA:134,0
DA:135,0
DA:136,0
DA:137,0
DA:138,0
LF:12
LH:0
BRDA:50,0,0,0
BRDA:62,1,0,0
BRDA:62,1,1,0
BRDA:64,2,0,0
BRDA:64,2,1,0
BRDA:66,3,0,0
BRDA:66,3,1,0
BRDA:68,4,0,0
BRDA:68,4,1,0
BRF:9
BRH:0
end_of_record
TN:
SF:src\components\ui\sidebar.tsx
FN:47,useSidebar
FN:56,SidebarProvider
FN:77,(anonymous_30)
FN:92,(anonymous_31)
FN:93,(anonymous_32)
FN:93,(anonymous_33)
FN:97,(anonymous_34)
FN:98,(anonymous_35)
FN:109,(anonymous_36)
FN:117,(anonymous_37)
FN:154,Sidebar
FN:256,SidebarTrigger
FN:270,(anonymous_40)
FN:282,SidebarRail
FN:307,SidebarInset
FN:321,SidebarInput
FN:335,SidebarHeader
FN:346,SidebarFooter
FN:357,SidebarSeparator
FN:371,SidebarContent
FN:385,SidebarGroup
FN:396,SidebarGroupLabel
FN:417,SidebarGroupAction
FN:440,SidebarGroupContent
FN:454,SidebarMenu
FN:465,SidebarMenuItem
FN:498,SidebarMenuButton
FN:548,SidebarMenuAction
FN:580,SidebarMenuBadge
FN:602,SidebarMenuSkeleton
FN:610,(anonymous_58)
FN:640,SidebarMenuSub
FN:655,SidebarMenuSubItem
FN:669,SidebarMenuSubButton
FNF:34
FNH:0
FNDA:0,useSidebar
FNDA:0,SidebarProvider
FNDA:0,(anonymous_30)
FNDA:0,(anonymous_31)
FNDA:0,(anonymous_32)
FNDA:0,(anonymous_33)
FNDA:0,(anonymous_34)
FNDA:0,(anonymous_35)
FNDA:0,(anonymous_36)
FNDA:0,(anonymous_37)
FNDA:0,Sidebar
FNDA:0,SidebarTrigger
FNDA:0,(anonymous_40)
FNDA:0,SidebarRail
FNDA:0,SidebarInset
FNDA:0,SidebarInput
FNDA:0,SidebarHeader
FNDA:0,SidebarFooter
FNDA:0,SidebarSeparator
FNDA:0,SidebarContent
FNDA:0,SidebarGroup
FNDA:0,SidebarGroupLabel
FNDA:0,SidebarGroupAction
FNDA:0,SidebarGroupContent
FNDA:0,SidebarMenu
FNDA:0,SidebarMenuItem
FNDA:0,SidebarMenuButton
FNDA:0,SidebarMenuAction
FNDA:0,SidebarMenuBadge
FNDA:0,SidebarMenuSkeleton
FNDA:0,(anonymous_58)
FNDA:0,SidebarMenuSub
FNDA:0,SidebarMenuSubItem
FNDA:0,SidebarMenuSubButton
DA:3,0
DA:4,0
DA:5,0
DA:6,0
DA:8,0
DA:9,0
DA:10,0
DA:11,0
DA:12,0
DA:19,0
DA:20,0
DA:26,0
DA:28,0
DA:29,0
DA:30,0
DA:31,0
DA:32,0
DA:33,0
DA:45,0
DA:48,0
DA:49,0
DA:50,0
DA:53,0
DA:69,0
DA:70,0
DA:74,0
DA:75,0
DA:76,0
DA:78,0
DA:79,0
DA:80,0
DA:82,0
DA:86,0
DA:92,0
DA:93,0
DA:97,0
DA:98,0
DA:99,0
DA:103,0
DA:104,0
DA:108,0
DA:109,0
DA:114,0
DA:116,0
DA:117,0
DA:166,0
DA:168,0
DA:183,0
DA:261,0
DA:271,0
DA:272,0
DA:283,0
DA:401,0
DA:422,0
DA:476,0
DA:511,0
DA:512,0
DA:525,0
DA:526,0
DA:529,0
DA:530,0
DA:557,0
DA:610,0
DA:611,0
DA:680,0
DA:702,0
DA:703,0
DA:704,0
DA:705,0
DA:706,0
DA:707,0
DA:708,0
DA:709,0
DA:710,0
DA:711,0
DA:712,0
DA:713,0
DA:714,0
DA:715,0
DA:716,0
DA:717,0
DA:718,0
DA:719,0
DA:720,0
DA:721,0
DA:722,0
DA:723,0
DA:724,0
DA:725,0
LF:89
LH:0
BRDA:49,0,0,0
BRDA:57,1,0,0
BRDA:75,2,0,0
BRDA:75,2,1,0
BRDA:78,3,0,0
BRDA:78,3,1,0
BRDA:79,4,0,0
BRDA:79,4,1,0
BRDA:93,5,0,0
BRDA:93,5,1,0
BRDA:99,6,0,0
BRDA:100,7,0,0
BRDA:100,7,1,0
BRDA:100,7,2,0
BRDA:114,8,0,0
BRDA:114,8,1,0
BRDA:155,9,0,0
BRDA:156,10,0,0
BRDA:157,11,0,0
BRDA:168,12,0,0
BRDA:183,13,0,0
BRDA:212,14,0,0
BRDA:212,14,1,0
BRDA:224,15,0,0
BRDA:224,15,1,0
BRDA:224,16,0,0
BRDA:224,16,1,0
BRDA:233,17,0,0
BRDA:233,17,1,0
BRDA:237,18,0,0
BRDA:237,18,1,0
BRDA:237,19,0,0
BRDA:237,19,1,0
BRDA:398,20,0,0
BRDA:401,21,0,0
BRDA:401,21,1,0
BRDA:419,22,0,0
BRDA:422,23,0,0
BRDA:422,23,1,0
BRDA:499,24,0,0
BRDA:500,25,0,0
BRDA:501,26,0,0
BRDA:502,27,0,0
BRDA:511,28,0,0
BRDA:511,28,1,0
BRDA:525,29,0,0
BRDA:529,30,0,0
BRDA:541,31,0,0
BRDA:541,31,1,0
BRDA:550,32,0,0
BRDA:551,33,0,0
BRDA:557,34,0,0
BRDA:557,34,1,0
BRDA:571,35,0,0
BRDA:571,35,1,0
BRDA:604,36,0,0
BRDA:621,37,0,0
BRDA:670,38,0,0
BRDA:671,39,0,0
BRDA:672,40,0,0
BRDA:680,41,0,0
BRDA:680,41,1,0
BRDA:691,42,0,0
BRDA:691,42,1,0
BRDA:692,43,0,0
BRDA:692,43,1,0
BRF:66
BRH:0
end_of_record
TN:
SF:src\components\ui\skeleton.tsx
FN:3,Skeleton
FNF:1
FNH:0
FNDA:0,Skeleton
DA:1,0
DA:13,0
LF:2
LH:0
BRF:0
BRH:0
end_of_record
TN:
SF:src\components\ui\slider.tsx
FN:8,Slider
FN:17,(anonymous_5)
FN:52,(anonymous_6)
FNF:3
FNH:0
FNDA:0,Slider
FNDA:0,(anonymous_5)
FNDA:0,(anonymous_6)
DA:3,0
DA:4,0
DA:6,0
DA:16,0
DA:18,0
DA:53,0
DA:63,0
LF:7
LH:0
BRDA:12,0,0,0
BRDA:13,1,0,0
BRDA:18,2,0,0
BRDA:18,2,1,0
BRDA:20,3,0,0
BRDA:20,3,1,0
BRF:6
BRH:0
end_of_record
TN:
SF:src\components\ui\sonner.tsx
FN:6,(anonymous_1)
FNF:1
FNH:0
FNDA:0,(anonymous_1)
DA:3,0
DA:4,0
DA:6,0
DA:7,0
DA:25,0
LF:5
LH:0
BRDA:7,0,0,0
BRF:1
BRH:0
end_of_record
TN:
SF:src\components\ui\switch.tsx
FN:8,Switch
FNF:1
FNH:0
FNDA:0,Switch
DA:3,0
DA:4,0
DA:6,0
DA:31,0
LF:4
LH:0
BRF:0
BRH:0
end_of_record
TN:
SF:src\components\ui\table.tsx
FN:7,Table
FN:22,TableHeader
FN:32,TableBody
FN:42,TableFooter
FN:55,TableRow
FN:68,TableHead
FN:81,TableCell
FN:94,TableCaption
FNF:8
FNH:0
FNDA:0,Table
FNDA:0,TableHeader
FNDA:0,TableBody
FNDA:0,TableFooter
FNDA:0,TableRow
FNDA:0,TableHead
FNDA:0,TableCell
FNDA:0,TableCaption
DA:3,0
DA:5,0
DA:108,0
DA:109,0
DA:110,0
DA:111,0
DA:112,0
DA:113,0
DA:114,0
DA:115,0
LF:10
LH:0
BRF:0
BRH:0
end_of_record
TN:
SF:src\components\ui\tabs.tsx
FN:8,Tabs
FN:21,TabsList
FN:37,TabsTrigger
FN:53,TabsContent
FNF:4
FNH:0
FNDA:0,Tabs
FNDA:0,TabsList
FNDA:0,TabsTrigger
FNDA:0,TabsContent
DA:3,0
DA:4,0
DA:6,0
DA:66,0
LF:4
LH:0
BRF:0
BRH:0
end_of_record
TN:
SF:src\components\ui\textarea.tsx
FN:5,Textarea
FNF:1
FNH:0
FNDA:0,Textarea
DA:1,0
DA:3,0
DA:18,0
LF:3
LH:0
BRF:0
BRH:0
end_of_record
TN:
SF:src\components\ui\toast.tsx
FN:47,(anonymous_12)
FNF:1
FNH:0
FNDA:0,(anonymous_12)
DA:3,0
DA:4,0
DA:5,0
DA:6,0
DA:8,0
DA:10,0
DA:25,0
DA:27,0
DA:43,0
DA:56,0
DA:71,0
DA:89,0
DA:101,0
DA:113,0
DA:122,0
DA:123,0
DA:124,0
DA:125,0
DA:126,0
DA:127,0
DA:128,0
LF:21
LH:0
BRF:0
BRH:0
end_of_record
TN:
SF:src\components\ui\toaster.tsx
FN:13,Toaster
FN:18,(anonymous_2)
FNF:2
FNH:0
FNDA:0,Toaster
FNDA:0,(anonymous_2)
DA:3,0
DA:11,0
DA:13,0
DA:14,0
DA:19,0
LF:5
LH:0
BRDA:22,0,0,0
BRDA:23,1,0,0
BRF:2
BRH:0
end_of_record
TN:
SF:src\components\ui\toggle-group.tsx
FN:17,ToggleGroup
FN:43,ToggleGroupItem
FNF:2
FNH:0
FNDA:0,ToggleGroup
FNDA:0,ToggleGroupItem
DA:3,0
DA:4,0
DA:7,0
DA:8,0
DA:10,0
DA:51,0
DA:73,0
LF:7
LH:0
BRDA:56,0,0,0
BRDA:56,0,1,0
BRDA:57,1,0,0
BRDA:57,1,1,0
BRDA:60,2,0,0
BRDA:60,2,1,0
BRDA:61,3,0,0
BRDA:61,3,1,0
BRF:8
BRH:0
end_of_record
TN:
SF:src\components\ui\toggle.tsx
FN:31,Toggle
FNF:1
FNH:0
FNDA:0,Toggle
DA:3,0
DA:4,0
DA:5,0
DA:7,0
DA:9,0
DA:47,0
LF:6
LH:0
BRF:0
BRH:0
end_of_record
TN:
SF:src\components\ui\tooltip.tsx
FN:8,TooltipProvider
FN:21,Tooltip
FN:31,TooltipTrigger
FN:37,TooltipContent
FNF:4
FNH:0
FNDA:0,TooltipProvider
FNDA:0,Tooltip
FNDA:0,TooltipTrigger
FNDA:0,TooltipContent
DA:3,0
DA:4,0
DA:6,0
DA:61,0
LF:4
LH:0
BRDA:9,0,0,0
BRDA:39,1,0,0
BRF:2
BRH:0
end_of_record
TN:
SF:src\components\ui\use-mobile.tsx
FN:5,useIsMobile
FN:8,(anonymous_5)
FN:10,(anonymous_6)
FN:15,(anonymous_7)
FNF:4
FNH:0
FNDA:0,useIsMobile
FNDA:0,(anonymous_5)
FNDA:0,(anonymous_6)
FNDA:0,(anonymous_7)
DA:1,0
DA:3,0
DA:5,0
DA:6,0
DA:8,0
DA:9,0
DA:10,0
DA:11,0
DA:13,0
DA:14,0
DA:15,0
DA:18,0
LF:12
LH:0
BRF:0
BRH:0
end_of_record
TN:
SF:src\components\ui\use-toast.ts
FN:30,genId
FN:61,(anonymous_8)
FN:66,(anonymous_9)
FN:77,(anonymous_10)
FN:88,(anonymous_11)
FN:101,(anonymous_12)
FN:108,(anonymous_13)
FN:127,(anonymous_14)
FN:136,dispatch
FN:138,(anonymous_16)
FN:145,toast
FN:148,(anonymous_18)
FN:153,(anonymous_19)
FN:161,(anonymous_20)
FN:174,useToast
FN:177,(anonymous_22)
FN:179,(anonymous_23)
FN:190,(anonymous_24)
FNF:18
FNH:0
FNDA:0,genId
FNDA:0,(anonymous_8)
FNDA:0,(anonymous_9)
FNDA:0,(anonymous_10)
FNDA:0,(anonymous_11)
FNDA:0,(anonymous_12)
FNDA:0,(anonymous_13)
FNDA:0,(anonymous_14)
FNDA:0,dispatch
FNDA:0,(anonymous_16)
FNDA:0,toast
FNDA:0,(anonymous_18)
FNDA:0,(anonymous_19)
FNDA:0,(anonymous_20)
FNDA:0,useToast
FNDA:0,(anonymous_22)
FNDA:0,(anonymous_23)
FNDA:0,(anonymous_24)
DA:4,0
DA:11,0
DA:12,0
DA:21,0
DA:28,0
DA:31,0
DA:32,0
DA:59,0
DA:61,0
DA:62,0
DA:63,0
DA:66,0
DA:67,0
DA:68,0
DA:74,0
DA:77,0
DA:78,0
DA:80,0
DA:86,0
DA:89,0
DA:94,0
DA:98,0
DA:99,0
DA:101,0
DA:102,0
DA:106,0
DA:109,0
DA:119,0
DA:120,0
DA:125,0
DA:127,0
DA:132,0
DA:134,0
DA:137,0
DA:138,0
DA:139,0
DA:146,0
DA:148,0
DA:149,0
DA:153,0
DA:155,0
DA:162,0
DA:167,0
DA:175,0
DA:177,0
DA:178,0
DA:179,0
DA:180,0
DA:181,0
DA:182,0
DA:187,0
DA:190,0
DA:194,0
LF:53
LH:0
BRDA:62,0,0,0
BRDA:78,1,0,0
BRDA:78,1,1,0
BRDA:78,1,2,0
BRDA:78,1,3,0
BRDA:89,2,0,0
BRDA:89,2,1,0
BRDA:98,3,0,0
BRDA:98,3,1,0
BRDA:109,4,0,0
BRDA:109,4,1,0
BRDA:109,5,0,0
BRDA:109,5,1,0
BRDA:119,6,0,0
BRDA:162,7,0,0
BRDA:181,8,0,0
BRF:16
BRH:0
end_of_record
TN:
SF:src\components\user-testing\UserTestingToolkit.tsx
FN:41,useUserTesting
FN:49,UserTestingProvider
FN:63,(anonymous_9)
FN:64,(anonymous_10)
FN:67,(anonymous_11)
FN:70,(anonymous_12)
FN:85,(anonymous_13)
FN:103,UserTestingToolkit
FN:122,(anonymous_15)
FN:123,(anonymous_16)
FN:135,(anonymous_17)
FN:142,(anonymous_18)
FN:144,(anonymous_19)
FN:156,(anonymous_20)
FN:162,(anonymous_21)
FN:172,(anonymous_22)
FN:184,(anonymous_23)
FN:192,(anonymous_24)
FN:199,(anonymous_25)
FN:230,(anonymous_26)
FN:288,(anonymous_27)
FN:308,(anonymous_28)
FN:315,(anonymous_29)
FNF:23
FNH:0
FNDA:0,useUserTesting
FNDA:0,UserTestingProvider
FNDA:0,(anonymous_9)
FNDA:0,(anonymous_10)
FNDA:0,(anonymous_11)
FNDA:0,(anonymous_12)
FNDA:0,(anonymous_13)
FNDA:0,UserTestingToolkit
FNDA:0,(anonymous_15)
FNDA:0,(anonymous_16)
FNDA:0,(anonymous_17)
FNDA:0,(anonymous_18)
FNDA:0,(anonymous_19)
FNDA:0,(anonymous_20)
FNDA:0,(anonymous_21)
FNDA:0,(anonymous_22)
FNDA:0,(anonymous_23)
FNDA:0,(anonymous_24)
FNDA:0,(anonymous_25)
FNDA:0,(anonymous_26)
FNDA:0,(anonymous_27)
FNDA:0,(anonymous_28)
FNDA:0,(anonymous_29)
DA:3,0
DA:4,0
DA:5,0
DA:32,0
DA:41,0
DA:42,0
DA:43,0
DA:44,0
DA:46,0
DA:49,0
DA:58,0
DA:59,0
DA:60,0
DA:61,0
DA:63,0
DA:64,0
DA:65,0
DA:66,0
DA:67,0
DA:70,0
DA:71,0
DA:72,0
DA:74,0
DA:77,0
DA:85,0
DA:86,0
DA:103,0
DA:110,0
DA:111,0
DA:112,0
DA:113,0
DA:114,0
DA:115,0
DA:116,0
DA:117,0
DA:118,0
DA:120,0
DA:122,0
DA:123,0
DA:124,0
DA:125,0
DA:126,0
DA:127,0
DA:128,0
DA:130,0
DA:135,0
DA:136,0
DA:137,0
DA:138,0
DA:140,0
DA:142,0
DA:144,0
DA:152,0
DA:156,0
DA:157,0
DA:159,0
DA:160,0
DA:162,0
DA:163,0
DA:165,0
DA:171,0
DA:172,0
DA:173,0
DA:176,0
DA:177,0
DA:179,0
DA:184,0
DA:185,0
DA:186,0
DA:188,0
DA:189,0
DA:192,0
DA:193,0
DA:198,0
DA:199,0
DA:200,0
DA:202,0
DA:206,0
DA:230,0
DA:288,0
DA:308,0
DA:315,0
LF:82
LH:0
BRDA:43,0,0,0
BRDA:59,1,0,0
BRDA:59,1,1,0
BRDA:65,2,0,0
BRDA:65,3,0,0
BRDA:65,3,1,0
BRDA:71,4,0,0
BRDA:71,4,1,0
BRDA:107,5,0,0
BRDA:108,6,0,0
BRDA:136,7,0,0
BRDA:146,8,0,0
BRDA:146,8,1,0
BRDA:157,9,0,0
BRDA:171,10,0,0
BRDA:171,10,1,0
BRDA:176,11,0,0
BRDA:176,11,1,0
BRDA:185,12,0,0
BRDA:185,13,0,0
BRDA:185,13,1,0
BRDA:198,14,0,0
BRDA:198,14,1,0
BRDA:206,15,0,0
BRDA:228,16,0,0
BRDA:231,17,0,0
BRDA:231,17,1,0
BRDA:232,18,0,0
BRDA:232,18,1,0
BRDA:262,19,0,0
BRDA:302,20,0,0
BRF:31
BRH:0
end_of_record
TN:
SF:src\consumer\pages\dashboard.tsx
FN:38,ConsumerDashboard
FN:56,(anonymous_6)
FN:60,(anonymous_7)
FN:92,(anonymous_8)
FN:115,(anonymous_9)
FN:277,(anonymous_10)
FN:288,(anonymous_11)
FN:299,(anonymous_12)
FN:310,(anonymous_13)
FN:339,(anonymous_14)
FN:403,(anonymous_15)
FN:435,(anonymous_16)
FNF:12
FNH:0
FNDA:0,ConsumerDashboard
FNDA:0,(anonymous_6)
FNDA:0,(anonymous_7)
FNDA:0,(anonymous_8)
FNDA:0,(anonymous_9)
FNDA:0,(anonymous_10)
FNDA:0,(anonymous_11)
FNDA:0,(anonymous_12)
FNDA:0,(anonymous_13)
FNDA:0,(anonymous_14)
FNDA:0,(anonymous_15)
FNDA:0,(anonymous_16)
DA:3,0
DA:4,0
DA:20,0
DA:22,0
DA:23,0
DA:24,0
DA:25,0
DA:26,0
DA:28,0
DA:38,0
DA:39,0
DA:40,0
DA:41,0
DA:42,0
DA:44,0
DA:51,0
DA:52,0
DA:53,0
DA:54,0
DA:56,0
DA:57,0
DA:60,0
DA:61,0
DA:63,0
DA:69,0
DA:77,0
DA:82,0
DA:87,0
DA:92,0
DA:93,0
DA:96,0
DA:103,0
DA:104,0
DA:105,0
DA:108,0
DA:109,0
DA:111,0
DA:115,0
DA:116,0
DA:117,0
DA:118,0
DA:119,0
DA:122,0
DA:277,0
DA:288,0
DA:299,0
DA:310,0
DA:340,0
DA:404,0
DA:436,0
LF:50
LH:0
BRDA:77,0,0,0
BRDA:77,0,1,0
BRDA:82,1,0,0
BRDA:82,1,1,0
BRDA:87,2,0,0
BRDA:87,2,1,0
BRDA:93,3,0,0
BRDA:93,3,1,0
BRDA:177,4,0,0
BRDA:177,4,1,0
BRDA:183,5,0,0
BRDA:193,6,0,0
BRDA:193,6,1,0
BRDA:206,7,0,0
BRDA:206,7,1,0
BRDA:265,8,0,0
BRDA:265,8,1,0
BRDA:338,9,0,0
BRDA:347,10,0,0
BRDA:347,10,1,0
BRDA:350,11,0,0
BRDA:350,11,1,0
BRDA:356,12,0,0
BRDA:340,13,0,0
BRDA:340,13,1,0
BRDA:402,14,0,0
BRF:26
BRH:0
end_of_record
TN:
SF:src\consumer\pages\onboarding.tsx
FN:130,ConsumerOnboarding
FN:142,(anonymous_5)
FN:159,(anonymous_6)
FN:166,(anonymous_7)
FN:173,(anonymous_8)
FN:240,(anonymous_9)
FN:256,(anonymous_10)
FN:272,(anonymous_11)
FN:337,(anonymous_12)
FN:358,(anonymous_13)
FN:379,(anonymous_14)
FN:422,(anonymous_15)
FN:435,(anonymous_16)
FN:472,(anonymous_17)
FN:505,(anonymous_18)
FN:525,(anonymous_19)
FN:664,(anonymous_20)
FN:681,(anonymous_21)
FNF:18
FNH:0
FNDA:0,ConsumerOnboarding
FNDA:0,(anonymous_5)
FNDA:0,(anonymous_6)
FNDA:0,(anonymous_7)
FNDA:0,(anonymous_8)
FNDA:0,(anonymous_9)
FNDA:0,(anonymous_10)
FNDA:0,(anonymous_11)
FNDA:0,(anonymous_12)
FNDA:0,(anonymous_13)
FNDA:0,(anonymous_14)
FNDA:0,(anonymous_15)
FNDA:0,(anonymous_16)
FNDA:0,(anonymous_17)
FNDA:0,(anonymous_18)
FNDA:0,(anonymous_19)
FNDA:0,(anonymous_20)
FNDA:0,(anonymous_21)
DA:3,0
DA:4,0
DA:17,0
DA:19,0
DA:20,0
DA:21,0
DA:22,0
DA:24,0
DA:28,0
DA:128,0
DA:130,0
DA:131,0
DA:132,0
DA:133,0
DA:136,0
DA:137,0
DA:142,0
DA:143,0
DA:151,0
DA:152,0
DA:153,0
DA:154,0
DA:155,0
DA:156,0
DA:157,0
DA:159,0
DA:160,0
DA:166,0
DA:167,0
DA:170,0
DA:173,0
DA:174,0
DA:176,0
DA:178,0
DA:184,0
DA:222,0
DA:225,0
DA:232,0
DA:234,0
DA:235,0
DA:240,0
DA:241,0
DA:242,0
DA:243,0
DA:256,0
DA:257,0
DA:258,0
DA:259,0
DA:272,0
DA:273,0
DA:275,0
DA:337,0
DA:358,0
DA:379,0
DA:422,0
DA:435,0
DA:472,0
DA:505,0
DA:526,0
DA:600,0
DA:665,0
DA:671,0
DA:682,0
LF:63
LH:0
BRDA:137,0,0,0
BRDA:137,0,1,0
BRDA:138,1,0,0
BRDA:138,1,1,0
BRDA:147,2,0,0
BRDA:147,2,1,0
BRDA:180,3,0,0
BRDA:180,3,1,0
BRDA:229,4,0,0
BRDA:229,4,1,0
BRDA:241,5,0,0
BRDA:250,6,0,0
BRDA:250,6,1,0
BRDA:257,7,0,0
BRDA:266,8,0,0
BRDA:266,8,1,0
BRDA:275,9,0,0
BRDA:335,10,0,0
BRDA:335,10,1,0
BRDA:356,11,0,0
BRDA:356,11,1,0
BRDA:377,12,0,0
BRDA:377,12,1,0
BRDA:474,13,0,0
BRDA:474,13,1,0
BRDA:478,14,0,0
BRDA:478,14,1,0
BRDA:497,15,0,0
BRDA:509,16,0,0
BRDA:524,17,0,0
BRDA:662,18,0,0
BRDA:669,19,0,0
BRDA:669,19,1,0
BRDA:685,20,0,0
BRDA:685,20,1,0
BRDA:692,21,0,0
BRDA:692,21,1,0
BRDA:695,22,0,0
BRDA:695,22,1,0
BRDA:697,23,0,0
BRDA:697,23,1,0
BRDA:697,23,2,0
BRDA:697,23,3,0
BRDA:703,24,0,0
BRF:44
BRH:0
end_of_record
TN:
SF:src\contexts\AnalyticsContext.tsx
FN:112,AnalyticsProvider
FN:119,(anonymous_7)
FN:120,(anonymous_8)
FN:183,generateUserId
FN:187,generateSessionId
FN:192,(anonymous_11)
FN:194,(anonymous_12)
FN:209,(anonymous_13)
FN:217,(anonymous_14)
FN:232,(anonymous_15)
FN:235,(anonymous_16)
FN:253,(anonymous_17)
FN:269,(anonymous_18)
FN:288,(anonymous_19)
FN:296,(anonymous_20)
FN:319,(anonymous_21)
FN:329,(anonymous_22)
FN:338,(anonymous_23)
FN:355,(anonymous_24)
FN:365,(anonymous_25)
FN:382,(anonymous_26)
FN:385,(anonymous_27)
FN:386,(anonymous_28)
FN:404,(anonymous_29)
FN:407,(anonymous_30)
FN:415,(anonymous_31)
FN:419,(anonymous_32)
FN:435,(anonymous_33)
FN:448,(anonymous_34)
FN:482,(anonymous_35)
FN:486,(anonymous_36)
FN:501,(anonymous_37)
FN:514,(anonymous_38)
FN:516,(anonymous_39)
FN:519,(anonymous_40)
FN:523,(anonymous_41)
FN:531,(anonymous_42)
FN:535,(anonymous_43)
FN:537,(anonymous_44)
FN:552,(anonymous_45)
FN:562,(anonymous_46)
FN:601,useAnalytics
FNF:42
FNH:0
FNDA:0,AnalyticsProvider
FNDA:0,(anonymous_7)
FNDA:0,(anonymous_8)
FNDA:0,generateUserId
FNDA:0,generateSessionId
FNDA:0,(anonymous_11)
FNDA:0,(anonymous_12)
FNDA:0,(anonymous_13)
FNDA:0,(anonymous_14)
FNDA:0,(anonymous_15)
FNDA:0,(anonymous_16)
FNDA:0,(anonymous_17)
FNDA:0,(anonymous_18)
FNDA:0,(anonymous_19)
FNDA:0,(anonymous_20)
FNDA:0,(anonymous_21)
FNDA:0,(anonymous_22)
FNDA:0,(anonymous_23)
FNDA:0,(anonymous_24)
FNDA:0,(anonymous_25)
FNDA:0,(anonymous_26)
FNDA:0,(anonymous_27)
FNDA:0,(anonymous_28)
FNDA:0,(anonymous_29)
FNDA:0,(anonymous_30)
FNDA:0,(anonymous_31)
FNDA:0,(anonymous_32)
FNDA:0,(anonymous_33)
FNDA:0,(anonymous_34)
FNDA:0,(anonymous_35)
FNDA:0,(anonymous_36)
FNDA:0,(anonymous_37)
FNDA:0,(anonymous_38)
FNDA:0,(anonymous_39)
FNDA:0,(anonymous_40)
FNDA:0,(anonymous_41)
FNDA:0,(anonymous_42)
FNDA:0,(anonymous_43)
FNDA:0,(anonymous_44)
FNDA:0,(anonymous_45)
FNDA:0,(anonymous_46)
FNDA:0,useAnalytics
DA:3,0
DA:102,0
DA:112,0
DA:119,0
DA:120,0
DA:121,0
DA:122,0
DA:123,0
DA:126,0
DA:184,0
DA:188,0
DA:192,0
DA:193,0
DA:194,0
DA:195,0
DA:196,0
DA:197,0
DA:201,0
DA:202,0
DA:203,0
DA:204,0
DA:207,0
DA:208,0
DA:209,0
DA:210,0
DA:211,0
DA:216,0
DA:217,0
DA:218,0
DA:219,0
DA:220,0
DA:232,0
DA:233,0
DA:235,0
DA:236,0
DA:237,0
DA:238,0
DA:239,0
DA:253,0
DA:254,0
DA:255,0
DA:256,0
DA:269,0
DA:270,0
DA:284,0
DA:285,0
DA:286,0
DA:288,0
DA:289,0
DA:290,0
DA:291,0
DA:296,0
DA:297,0
DA:299,0
DA:311,0
DA:312,0
DA:313,0
DA:316,0
DA:319,0
DA:320,0
DA:321,0
DA:329,0
DA:330,0
DA:338,0
DA:339,0
DA:348,0
DA:349,0
DA:350,0
DA:352,0
DA:355,0
DA:356,0
DA:357,0
DA:365,0
DA:366,0
DA:375,0
DA:376,0
DA:377,0
DA:379,0
DA:382,0
DA:385,0
DA:386,0
DA:387,0
DA:398,0
DA:404,0
DA:405,0
DA:407,0
DA:408,0
DA:411,0
DA:412,0
DA:414,0
DA:415,0
DA:419,0
DA:420,0
DA:422,0
DA:423,0
DA:424,0
DA:425,0
DA:426,0
DA:427,0
DA:428,0
DA:432,0
DA:435,0
DA:436,0
DA:448,0
DA:449,0
DA:451,0
DA:452,0
DA:454,0
DA:465,0
DA:466,0
DA:467,0
DA:469,0
DA:479,0
DA:482,0
DA:483,0
DA:485,0
DA:486,0
DA:488,0
DA:489,0
DA:490,0
DA:493,0
DA:501,0
DA:502,0
DA:514,0
DA:515,0
DA:516,0
DA:519,0
DA:520,0
DA:521,0
DA:523,0
DA:524,0
DA:525,0
DA:528,0
DA:531,0
DA:532,0
DA:533,0
DA:535,0
DA:536,0
DA:537,0
DA:538,0
DA:543,0
DA:544,0
DA:549,0
DA:552,0
DA:553,0
DA:554,0
DA:562,0
DA:563,0
DA:564,0
DA:565,0
DA:566,0
DA:567,0
DA:568,0
DA:572,0
DA:575,0
DA:601,0
DA:602,0
DA:603,0
DA:604,0
DA:606,0
LF:160
LH:0
BRDA:115,0,0,0
BRDA:116,1,0,0
BRDA:117,2,0,0
BRDA:119,3,0,0
BRDA:119,3,1,0
BRDA:193,4,0,0
BRDA:195,5,0,0
BRDA:195,5,1,0
BRDA:202,6,0,0
BRDA:202,6,1,0
BRDA:207,7,0,0
BRDA:216,8,0,0
BRDA:216,9,0,0
BRDA:216,9,1,0
BRDA:219,10,0,0
BRDA:233,11,0,0
BRDA:237,12,0,0
BRDA:238,13,0,0
BRDA:238,13,1,0
BRDA:238,13,2,0
BRDA:255,14,0,0
BRDA:255,15,0,0
BRDA:255,15,1,0
BRDA:259,16,0,0
BRDA:259,16,1,0
BRDA:259,16,2,0
BRDA:297,17,0,0
BRDA:304,18,0,0
BRDA:304,18,1,0
BRDA:305,19,0,0
BRDA:305,19,1,0
BRDA:311,20,0,0
BRDA:311,20,1,0
BRDA:325,21,0,0
BRDA:325,21,1,0
BRDA:334,22,0,0
BRDA:334,22,1,0
BRDA:344,23,0,0
BRDA:344,23,1,0
BRDA:348,24,0,0
BRDA:348,24,1,0
BRDA:371,25,0,0
BRDA:371,25,1,0
BRDA:375,26,0,0
BRDA:375,26,1,0
BRDA:396,27,0,0
BRDA:396,27,1,0
BRDA:405,28,0,0
BRDA:407,29,0,0
BRDA:407,29,1,0
BRDA:408,30,0,0
BRDA:411,31,0,0
BRDA:411,31,1,0
BRDA:414,32,0,0
BRDA:415,33,0,0
BRDA:415,33,1,0
BRDA:424,34,0,0
BRDA:449,35,0,0
BRDA:465,36,0,0
BRDA:465,36,1,0
BRDA:485,37,0,0
BRDA:485,37,1,0
BRDA:488,38,0,0
BRDA:515,39,0,0
BRDA:515,39,1,0
BRDA:520,40,0,0
BRDA:520,40,1,0
BRDA:525,41,0,0
BRDA:525,41,1,0
BRDA:532,42,0,0
BRDA:532,42,1,0
BRDA:536,43,0,0
BRDA:538,44,0,0
BRDA:538,44,1,0
BRDA:538,44,2,0
BRDA:543,45,0,0
BRDA:544,46,0,0
BRDA:544,46,1,0
BRDA:553,47,0,0
BRDA:553,47,1,0
BRDA:563,48,0,0
BRDA:564,49,0,0
BRDA:565,50,0,0
BRDA:566,51,0,0
BRDA:567,52,0,0
BRDA:568,53,0,0
BRDA:603,54,0,0
BRF:87
BRH:0
end_of_record
TN:
SF:src\contexts\notifications-context.tsx
FN:46,notificationReducer
FN:58,(anonymous_8)
FN:68,(anonymous_9)
FN:72,(anonymous_10)
FN:78,(anonymous_11)
FN:82,(anonymous_12)
FN:86,(anonymous_13)
FN:90,(anonymous_14)
FN:96,(anonymous_15)
FN:100,(anonymous_16)
FN:106,(anonymous_17)
FN:110,(anonymous_18)
FN:160,NotificationProvider
FN:165,(anonymous_20)
FN:170,(anonymous_21)
FN:176,(anonymous_22)
FN:177,(anonymous_23)
FN:188,(anonymous_24)
FN:194,(anonymous_25)
FN:195,(anonymous_26)
FN:203,(anonymous_27)
FN:206,(anonymous_28)
FN:222,(anonymous_29)
FN:231,(anonymous_30)
FN:240,(anonymous_31)
FN:250,(anonymous_32)
FN:259,(anonymous_33)
FN:269,(anonymous_34)
FN:278,(anonymous_35)
FN:288,(anonymous_36)
FN:304,(anonymous_37)
FN:309,(anonymous_38)
FN:317,(anonymous_39)
FN:347,useNotifications
FN:356,useNotificationActions
FNF:35
FNH:0
FNDA:0,notificationReducer
FNDA:0,(anonymous_8)
FNDA:0,(anonymous_9)
FNDA:0,(anonymous_10)
FNDA:0,(anonymous_11)
FNDA:0,(anonymous_12)
FNDA:0,(anonymous_13)
FNDA:0,(anonymous_14)
FNDA:0,(anonymous_15)
FNDA:0,(anonymous_16)
FNDA:0,(anonymous_17)
FNDA:0,(anonymous_18)
FNDA:0,NotificationProvider
FNDA:0,(anonymous_20)
FNDA:0,(anonymous_21)
FNDA:0,(anonymous_22)
FNDA:0,(anonymous_23)
FNDA:0,(anonymous_24)
FNDA:0,(anonymous_25)
FNDA:0,(anonymous_26)
FNDA:0,(anonymous_27)
FNDA:0,(anonymous_28)
FNDA:0,(anonymous_29)
FNDA:0,(anonymous_30)
FNDA:0,(anonymous_31)
FNDA:0,(anonymous_32)
FNDA:0,(anonymous_33)
FNDA:0,(anonymous_34)
FNDA:0,(anonymous_35)
FNDA:0,(anonymous_36)
FNDA:0,(anonymous_37)
FNDA:0,(anonymous_38)
FNDA:0,(anonymous_39)
FNDA:0,useNotifications
FNDA:0,useNotificationActions
DA:3,0
DA:4,0
DA:6,0
DA:35,0
DA:47,0
DA:49,0
DA:52,0
DA:55,0
DA:58,0
DA:64,0
DA:65,0
DA:68,0
DA:72,0
DA:73,0
DA:75,0
DA:78,0
DA:82,0
DA:83,0
DA:86,0
DA:90,0
DA:91,0
DA:93,0
DA:96,0
DA:100,0
DA:101,0
DA:103,0
DA:106,0
DA:110,0
DA:111,0
DA:118,0
DA:121,0
DA:124,0
DA:127,0
DA:152,0
DA:160,0
DA:161,0
DA:162,0
DA:165,0
DA:166,0
DA:167,0
DA:170,0
DA:171,0
DA:176,0
DA:177,0
DA:178,0
DA:181,0
DA:182,0
DA:186,0
DA:188,0
DA:189,0
DA:194,0
DA:195,0
DA:196,0
DA:197,0
DA:200,0
DA:201,0
DA:203,0
DA:206,0
DA:207,0
DA:209,0
DA:210,0
DA:211,0
DA:212,0
DA:214,0
DA:218,0
DA:222,0
DA:223,0
DA:224,0
DA:225,0
DA:227,0
DA:231,0
DA:232,0
DA:233,0
DA:234,0
DA:236,0
DA:240,0
DA:241,0
DA:242,0
DA:243,0
DA:244,0
DA:246,0
DA:250,0
DA:251,0
DA:252,0
DA:253,0
DA:255,0
DA:259,0
DA:260,0
DA:261,0
DA:262,0
DA:263,0
DA:265,0
DA:269,0
DA:270,0
DA:271,0
DA:272,0
DA:274,0
DA:278,0
DA:279,0
DA:280,0
DA:281,0
DA:282,0
DA:284,0
DA:288,0
DA:289,0
DA:290,0
DA:291,0
DA:294,0
DA:296,0
DA:297,0
DA:300,0
DA:304,0
DA:305,0
DA:306,0
DA:309,0
DA:310,0
DA:317,0
DA:318,0
DA:319,0
DA:320,0
DA:324,0
DA:347,0
DA:348,0
DA:349,0
DA:350,0
DA:352,0
DA:356,0
DA:357,0
DA:359,0
LF:129
LH:0
BRDA:47,0,0,0
BRDA:47,0,1,0
BRDA:47,0,2,0
BRDA:47,0,3,0
BRDA:47,0,4,0
BRDA:47,0,5,0
BRDA:47,0,6,0
BRDA:47,0,7,0
BRDA:47,0,8,0
BRDA:47,0,9,0
BRDA:47,0,10,0
BRDA:47,0,11,0
BRDA:47,0,12,0
BRDA:73,1,0,0
BRDA:73,1,1,0
BRDA:91,2,0,0
BRDA:91,2,1,0
BRDA:101,3,0,0
BRDA:101,3,1,0
BRDA:166,4,0,0
BRDA:181,5,0,0
BRDA:181,6,0,0
BRDA:181,6,1,0
BRDA:216,7,0,0
BRDA:216,7,1,0
BRDA:318,8,0,0
BRDA:349,9,0,0
BRF:27
BRH:0
end_of_record
TN:
SF:src\contexts\session-context.tsx
FN:84,(anonymous_8)
FN:97,(anonymous_9)
FN:118,(anonymous_10)
FN:123,(anonymous_11)
FN:133,(anonymous_12)
FN:143,(anonymous_13)
FN:150,(anonymous_14)
FN:160,SessionProvider
FN:172,(anonymous_16)
FN:173,(anonymous_17)
FN:197,(anonymous_18)
FN:201,(anonymous_19)
FN:209,(anonymous_20)
FN:210,(anonymous_21)
FN:211,(anonymous_22)
FN:218,(anonymous_23)
FN:222,(anonymous_24)
FN:223,(anonymous_25)
FN:230,(anonymous_26)
FN:233,(anonymous_27)
FN:283,(anonymous_28)
FN:290,(anonymous_29)
FN:322,(anonymous_30)
FN:344,(anonymous_31)
FN:371,(anonymous_32)
FN:391,(anonymous_33)
FN:396,(anonymous_34)
FN:406,(anonymous_35)
FN:409,(anonymous_36)
FN:422,(anonymous_37)
FN:425,(anonymous_38)
FN:438,(anonymous_39)
FN:442,(anonymous_40)
FN:446,(anonymous_41)
FN:451,(anonymous_42)
FN:478,useSession
FN:489,useAuth
FN:508,useSessionMonitor
FNF:38
FNH:0
FNDA:0,(anonymous_8)
FNDA:0,(anonymous_9)
FNDA:0,(anonymous_10)
FNDA:0,(anonymous_11)
FNDA:0,(anonymous_12)
FNDA:0,(anonymous_13)
FNDA:0,(anonymous_14)
FNDA:0,SessionProvider
FNDA:0,(anonymous_16)
FNDA:0,(anonymous_17)
FNDA:0,(anonymous_18)
FNDA:0,(anonymous_19)
FNDA:0,(anonymous_20)
FNDA:0,(anonymous_21)
FNDA:0,(anonymous_22)
FNDA:0,(anonymous_23)
FNDA:0,(anonymous_24)
FNDA:0,(anonymous_25)
FNDA:0,(anonymous_26)
FNDA:0,(anonymous_27)
FNDA:0,(anonymous_28)
FNDA:0,(anonymous_29)
FNDA:0,(anonymous_30)
FNDA:0,(anonymous_31)
FNDA:0,(anonymous_32)
FNDA:0,(anonymous_33)
FNDA:0,(anonymous_34)
FNDA:0,(anonymous_35)
FNDA:0,(anonymous_36)
FNDA:0,(anonymous_37)
FNDA:0,(anonymous_38)
FNDA:0,(anonymous_39)
FNDA:0,(anonymous_40)
FNDA:0,(anonymous_41)
FNDA:0,(anonymous_42)
FNDA:0,useSession
FNDA:0,useAuth
FNDA:0,useSessionMonitor
DA:3,0
DA:4,0
DA:60,0
DA:61,0
DA:62,0
DA:65,0
DA:80,0
DA:83,0
DA:85,0
DA:87,0
DA:88,0
DA:89,0
DA:91,0
DA:93,0
DA:98,0
DA:100,0
DA:101,0
DA:102,0
DA:104,0
DA:106,0
DA:108,0
DA:109,0
DA:110,0
DA:112,0
DA:113,0
DA:119,0
DA:120,0
DA:124,0
DA:125,0
DA:126,0
DA:127,0
DA:132,0
DA:134,0
DA:135,0
DA:136,0
DA:138,0
DA:139,0
DA:144,0
DA:145,0
DA:147,0
DA:151,0
DA:152,0
DA:160,0
DA:161,0
DA:162,0
DA:172,0
DA:173,0
DA:174,0
DA:175,0
DA:176,0
DA:177,0
DA:179,0
DA:181,0
DA:182,0
DA:184,0
DA:194,0
DA:197,0
DA:200,0
DA:201,0
DA:205,0
DA:209,0
DA:210,0
DA:211,0
DA:217,0
DA:218,0
DA:219,0
DA:222,0
DA:223,0
DA:224,0
DA:230,0
DA:231,0
DA:233,0
DA:234,0
DA:237,0
DA:238,0
DA:239,0
DA:240,0
DA:244,0
DA:245,0
DA:246,0
DA:247,0
DA:251,0
DA:252,0
DA:253,0
DA:256,0
DA:258,0
DA:262,0
DA:263,0
DA:264,0
DA:268,0
DA:269,0
DA:270,0
DA:271,0
DA:277,0
DA:278,0
DA:281,0
DA:283,0
DA:284,0
DA:285,0
DA:290,0
DA:291,0
DA:292,0
DA:294,0
DA:303,0
DA:306,0
DA:307,0
DA:308,0
DA:314,0
DA:316,0
DA:317,0
DA:322,0
DA:323,0
DA:325,0
DA:327,0
DA:337,0
DA:339,0
DA:344,0
DA:345,0
DA:347,0
DA:350,0
DA:358,0
DA:359,0
DA:361,0
DA:371,0
DA:377,0
DA:379,0
DA:381,0
DA:382,0
DA:385,0
DA:386,0
DA:391,0
DA:392,0
DA:394,0
DA:396,0
DA:402,0
DA:406,0
DA:407,0
DA:409,0
DA:415,0
DA:422,0
DA:423,0
DA:425,0
DA:431,0
DA:438,0
DA:439,0
DA:442,0
DA:443,0
DA:446,0
DA:447,0
DA:448,0
DA:451,0
DA:452,0
DA:453,0
DA:456,0
DA:478,0
DA:479,0
DA:481,0
DA:482,0
DA:485,0
DA:489,0
DA:496,0
DA:498,0
DA:508,0
DA:521,0
DA:523,0
LF:165
LH:0
BRDA:85,0,0,0
BRDA:98,1,0,0
BRDA:102,2,0,0
BRDA:110,3,0,0
BRDA:110,3,1,0
BRDA:119,4,0,0
BRDA:124,5,0,0
BRDA:145,6,0,0
BRDA:145,7,0,0
BRDA:145,7,1,0
BRDA:152,8,0,0
BRDA:152,8,1,0
BRDA:179,9,0,0
BRDA:179,9,1,0
BRDA:179,10,0,0
BRDA:179,10,1,0
BRDA:179,10,2,0
BRDA:181,11,0,0
BRDA:181,11,1,0
BRDA:182,12,0,0
BRDA:182,12,1,0
BRDA:189,13,0,0
BRDA:189,13,1,0
BRDA:231,14,0,0
BRDA:231,15,0,0
BRDA:231,15,1,0
BRDA:237,16,0,0
BRDA:244,17,0,0
BRDA:251,18,0,0
BRDA:256,19,0,0
BRDA:256,20,0,0
BRDA:256,20,1,0
BRDA:262,21,0,0
BRDA:262,22,0,0
BRDA:262,22,1,0
BRDA:268,23,0,0
BRDA:345,24,0,0
BRDA:358,25,0,0
BRDA:358,25,1,0
BRDA:363,26,0,0
BRDA:363,26,1,0
BRDA:364,27,0,0
BRDA:364,27,1,0
BRDA:366,28,0,0
BRDA:366,28,1,0
BRDA:392,29,0,0
BRDA:447,30,0,0
BRDA:452,31,0,0
BRDA:481,32,0,0
BRF:49
BRH:0
end_of_record
TN:
SF:src\contexts\theme-context.tsx
FN:22,(anonymous_9)
FN:29,(anonymous_10)
FN:45,(anonymous_11)
FN:56,(anonymous_12)
FN:64,(anonymous_13)
FN:89,ThemeProvider
FN:101,(anonymous_15)
FN:110,(anonymous_16)
FN:116,(anonymous_17)
FN:124,(anonymous_18)
FN:131,(anonymous_19)
FN:136,(anonymous_20)
FN:142,(anonymous_21)
FN:146,(anonymous_22)
FN:152,(anonymous_23)
FN:179,useTheme
FN:190,useThemeAware
FN:201,ThemeToggle
FN:313,ThemeSelector
FN:355,(anonymous_28)
FN:358,(anonymous_29)
FNF:21
FNH:0
FNDA:0,(anonymous_9)
FNDA:0,(anonymous_10)
FNDA:0,(anonymous_11)
FNDA:0,(anonymous_12)
FNDA:0,(anonymous_13)
FNDA:0,ThemeProvider
FNDA:0,(anonymous_15)
FNDA:0,(anonymous_16)
FNDA:0,(anonymous_17)
FNDA:0,(anonymous_18)
FNDA:0,(anonymous_19)
FNDA:0,(anonymous_20)
FNDA:0,(anonymous_21)
FNDA:0,(anonymous_22)
FNDA:0,(anonymous_23)
FNDA:0,useTheme
FNDA:0,useThemeAware
FNDA:0,ThemeToggle
FNDA:0,ThemeSelector
FNDA:0,(anonymous_28)
FNDA:0,(anonymous_29)
DA:3,0
DA:16,0
DA:19,0
DA:22,0
DA:23,0
DA:25,0
DA:29,0
DA:30,0
DA:32,0
DA:33,0
DA:34,0
DA:35,0
DA:38,0
DA:41,0
DA:45,0
DA:46,0
DA:48,0
DA:49,0
DA:51,0
DA:56,0
DA:57,0
DA:58,0
DA:60,0
DA:64,0
DA:65,0
DA:67,0
DA:70,0
DA:73,0
DA:76,0
DA:77,0
DA:78,0
DA:89,0
DA:96,0
DA:97,0
DA:98,0
DA:101,0
DA:102,0
DA:103,0
DA:105,0
DA:106,0
DA:110,0
DA:111,0
DA:112,0
DA:116,0
DA:117,0
DA:119,0
DA:122,0
DA:123,0
DA:124,0
DA:125,0
DA:131,0
DA:132,0
DA:134,0
DA:136,0
DA:137,0
DA:138,0
DA:141,0
DA:142,0
DA:146,0
DA:147,0
DA:148,0
DA:152,0
DA:153,0
DA:154,0
DA:155,0
DA:159,0
DA:167,0
DA:179,0
DA:180,0
DA:182,0
DA:183,0
DA:186,0
DA:190,0
DA:191,0
DA:193,0
DA:201,0
DA:210,0
DA:211,0
DA:213,0
DA:214,0
DA:215,0
DA:218,0
DA:221,0
DA:254,0
DA:256,0
DA:313,0
DA:320,0
DA:322,0
DA:323,0
DA:333,0
DA:341,0
DA:343,0
DA:356,0
DA:358,0
LF:94
LH:0
BRDA:23,0,0,0
BRDA:25,1,0,0
BRDA:25,1,1,0
BRDA:30,2,0,0
BRDA:34,3,0,0
BRDA:34,4,0,0
BRDA:34,4,1,0
BRDA:46,5,0,0
BRDA:57,6,0,0
BRDA:65,7,0,0
BRDA:77,8,0,0
BRDA:78,9,0,0
BRDA:78,9,1,0
BRDA:91,10,0,0
BRDA:92,11,0,0
BRDA:93,12,0,0
BRDA:103,13,0,0
BRDA:103,13,1,0
BRDA:103,14,0,0
BRDA:103,14,1,0
BRDA:117,15,0,0
BRDA:122,16,0,0
BRDA:132,17,0,0
BRDA:132,18,0,0
BRDA:132,18,1,0
BRDA:154,19,0,0
BRDA:154,19,1,0
BRDA:167,20,0,0
BRDA:182,21,0,0
BRDA:202,22,0,0
BRDA:203,23,0,0
BRDA:204,24,0,0
BRDA:221,25,0,0
BRDA:227,26,0,0
BRDA:227,26,1,0
BRDA:227,27,0,0
BRDA:227,27,1,0
BRDA:245,28,0,0
BRDA:276,29,0,0
BRDA:276,29,1,0
BRDA:277,30,0,0
BRDA:277,30,1,0
BRDA:281,31,0,0
BRDA:303,32,0,0
BRDA:305,33,0,0
BRDA:305,33,1,0
BRDA:314,34,0,0
BRDA:315,35,0,0
BRDA:333,36,0,0
BRDA:346,37,0,0
BRDA:346,37,1,0
BRDA:362,38,0,0
BRDA:362,38,1,0
BRF:53
BRH:0
end_of_record
TN:
SF:src\enterprise\pages\dashboard.tsx
FN:44,EnterpriseDashboard
FN:62,(anonymous_6)
FN:66,(anonymous_7)
FN:90,(anonymous_8)
FN:126,(anonymous_9)
FN:129,(anonymous_10)
FN:137,(anonymous_11)
FN:143,(anonymous_12)
FN:149,(anonymous_13)
FN:336,(anonymous_14)
FN:397,(anonymous_15)
FN:430,(anonymous_16)
FNF:12
FNH:0
FNDA:0,EnterpriseDashboard
FNDA:0,(anonymous_6)
FNDA:0,(anonymous_7)
FNDA:0,(anonymous_8)
FNDA:0,(anonymous_9)
FNDA:0,(anonymous_10)
FNDA:0,(anonymous_11)
FNDA:0,(anonymous_12)
FNDA:0,(anonymous_13)
FNDA:0,(anonymous_14)
FNDA:0,(anonymous_15)
FNDA:0,(anonymous_16)
DA:3,0
DA:4,0
DA:24,0
DA:26,0
DA:27,0
DA:28,0
DA:29,0
DA:30,0
DA:32,0
DA:44,0
DA:45,0
DA:46,0
DA:48,0
DA:57,0
DA:58,0
DA:59,0
DA:60,0
DA:62,0
DA:63,0
DA:66,0
DA:67,0
DA:69,0
DA:76,0
DA:84,0
DA:89,0
DA:90,0
DA:94,0
DA:99,0
DA:104,0
DA:106,0
DA:115,0
DA:116,0
DA:117,0
DA:120,0
DA:122,0
DA:126,0
DA:127,0
DA:129,0
DA:130,0
DA:133,0
DA:134,0
DA:137,0
DA:138,0
DA:139,0
DA:140,0
DA:143,0
DA:144,0
DA:145,0
DA:146,0
DA:149,0
DA:155,0
DA:337,0
DA:398,0
DA:431,0
LF:54
LH:0
BRDA:84,0,0,0
BRDA:84,0,1,0
BRDA:89,1,0,0
BRDA:89,1,1,0
BRDA:94,2,0,0
BRDA:94,2,1,0
BRDA:99,3,0,0
BRDA:99,3,1,0
BRDA:112,4,0,0
BRDA:112,4,1,0
BRDA:127,5,0,0
BRDA:129,6,0,0
BRDA:129,6,1,0
BRDA:144,7,0,0
BRDA:145,8,0,0
BRDA:210,9,0,0
BRDA:210,9,1,0
BRDA:221,10,0,0
BRDA:221,10,1,0
BRDA:242,11,0,0
BRDA:335,12,0,0
BRDA:340,13,0,0
BRDA:340,13,1,0
BRDA:341,14,0,0
BRDA:341,14,1,0
BRDA:344,15,0,0
BRDA:346,16,0,0
BRDA:359,17,0,0
BRDA:359,17,1,0
BRDA:360,18,0,0
BRDA:360,18,1,0
BRDA:337,19,0,0
BRDA:337,19,1,0
BRDA:396,20,0,0
BRF:34
BRH:0
end_of_record
TN:
SF:src\handshake\components\HandshakeRequestModal.tsx
FN:33,(anonymous_4)
FN:44,(anonymous_5)
FN:45,(anonymous_6)
FN:47,(anonymous_7)
FN:52,(anonymous_8)
FN:57,(anonymous_9)
FN:70,(anonymous_10)
FN:124,(anonymous_11)
FN:129,(anonymous_12)
FNF:9
FNH:0
FNDA:0,(anonymous_4)
FNDA:0,(anonymous_5)
FNDA:0,(anonymous_6)
FNDA:0,(anonymous_7)
FNDA:0,(anonymous_8)
FNDA:0,(anonymous_9)
FNDA:0,(anonymous_10)
FNDA:0,(anonymous_11)
FNDA:0,(anonymous_12)
DA:1,0
DA:21,0
DA:22,0
DA:33,0
DA:39,0
DA:40,0
DA:41,0
DA:42,0
DA:44,0
DA:45,0
DA:46,0
DA:47,0
DA:52,0
DA:53,0
DA:54,0
DA:55,0
DA:56,0
DA:57,0
DA:60,0
DA:61,0
DA:63,0
DA:66,0
DA:70,0
DA:71,0
DA:82,0
DA:85,0
DA:125,0
DA:129,0
LF:28
LH:0
BRDA:46,0,0,0
BRDA:46,0,1,0
BRDA:82,1,0,0
BRDA:82,1,1,0
BRDA:85,2,0,0
BRDA:194,3,0,0
BRDA:212,4,0,0
BRDA:212,4,1,0
BRDA:214,5,0,0
BRDA:214,5,1,0
BRF:10
BRH:0
end_of_record
TN:
SF:src\handshake\protocol\handshake-protocol.ts
FN:44,(anonymous_3)
FN:58,(anonymous_4)
FN:111,(anonymous_5)
FN:183,(anonymous_6)
FN:215,(anonymous_7)
FN:222,(anonymous_8)
FN:224,(anonymous_9)
FN:233,(anonymous_10)
FN:250,(anonymous_11)
FN:279,(anonymous_12)
FN:291,(anonymous_13)
FN:307,(anonymous_14)
FN:313,(anonymous_15)
FN:330,(anonymous_16)
FN:339,(anonymous_17)
FN:354,(anonymous_18)
FN:360,(anonymous_19)
FN:362,(anonymous_20)
FN:368,(anonymous_21)
FN:370,(anonymous_22)
FN:374,(anonymous_23)
FN:376,(anonymous_24)
FN:380,(anonymous_25)
FN:398,(anonymous_26)
FN:422,(anonymous_27)
FN:437,(anonymous_28)
FN:448,(anonymous_29)
FN:452,(anonymous_30)
FN:456,(anonymous_31)
FN:460,(anonymous_32)
FN:464,(anonymous_33)
FNF:31
FNH:1
FNDA:3,(anonymous_3)
FNDA:0,(anonymous_4)
FNDA:0,(anonymous_5)
FNDA:0,(anonymous_6)
FNDA:0,(anonymous_7)
FNDA:0,(anonymous_8)
FNDA:0,(anonymous_9)
FNDA:0,(anonymous_10)
FNDA:0,(anonymous_11)
FNDA:0,(anonymous_12)
FNDA:0,(anonymous_13)
FNDA:0,(anonymous_14)
FNDA:0,(anonymous_15)
FNDA:0,(anonymous_16)
FNDA:0,(anonymous_17)
FNDA:0,(anonymous_18)
FNDA:0,(anonymous_19)
FNDA:0,(anonymous_20)
FNDA:0,(anonymous_21)
FNDA:0,(anonymous_22)
FNDA:0,(anonymous_23)
FNDA:0,(anonymous_24)
FNDA:0,(anonymous_25)
FNDA:0,(anonymous_26)
FNDA:0,(anonymous_27)
FNDA:0,(anonymous_28)
FNDA:0,(anonymous_29)
FNDA:0,(anonymous_30)
FNDA:0,(anonymous_31)
FNDA:0,(anonymous_32)
FNDA:0,(anonymous_33)
DA:9,3
DA:40,0
DA:42,3
DA:45,3
DA:67,0
DA:70,0
DA:84,0
DA:97,0
DA:100,0
DA:103,0
DA:105,0
DA:119,0
DA:120,0
DA:121,0
DA:124,0
DA:125,0
DA:128,0
DA:129,0
DA:130,0
DA:134,0
DA:145,0
DA:146,0
DA:152,0
DA:153,0
DA:160,0
DA:161,0
DA:162,0
DA:165,0
DA:166,0
DA:169,0
DA:172,0
DA:175,0
DA:177,0
DA:184,0
DA:185,0
DA:186,0
DA:189,0
DA:190,0
DA:194,0
DA:195,0
DA:196,0
DA:199,0
DA:200,0
DA:203,0
DA:206,0
DA:209,0
DA:216,0
DA:223,0
DA:225,0
DA:234,0
DA:236,0
DA:237,0
DA:238,0
DA:239,0
DA:240,0
DA:241,0
DA:243,0
DA:257,0
DA:258,0
DA:259,0
DA:263,0
DA:264,0
DA:268,0
DA:269,0
DA:273,0
DA:274,0
DA:275,0
DA:282,0
DA:297,0
DA:312,0
DA:313,0
DA:321,0
DA:333,0
DA:334,0
DA:335,0
DA:341,0
DA:350,0
DA:355,0
DA:356,0
DA:361,0
DA:362,0
DA:364,0
DA:369,0
DA:370,0
DA:375,0
DA:376,0
DA:377,0
DA:381,0
DA:395,0
DA:399,0
DA:401,0
DA:405,0
DA:419,0
DA:423,0
DA:434,0
DA:439,0
DA:449,0
DA:453,0
DA:457,0
DA:461,0
DA:463,0
DA:465,0
DA:472,3
LF:103
LH:4
BRDA:44,0,0,3
BRDA:76,1,0,0
BRDA:76,1,1,0
BRDA:80,2,0,0
BRDA:80,2,1,0
BRDA:93,3,0,0
BRDA:93,3,1,0
BRDA:120,4,0,0
BRDA:124,5,0,0
BRDA:128,6,0,0
BRDA:145,7,0,0
BRDA:145,8,0,0
BRDA:145,8,1,0
BRDA:152,9,0,0
BRDA:152,10,0,0
BRDA:152,10,1,0
BRDA:161,11,0,0
BRDA:161,11,1,0
BRDA:185,12,0,0
BRDA:189,13,0,0
BRDA:216,14,0,0
BRDA:216,14,1,0
BRDA:225,15,0,0
BRDA:225,15,1,0
BRDA:237,16,0,0
BRDA:237,17,0,0
BRDA:237,17,1,0
BRDA:258,18,0,0
BRDA:263,19,0,0
BRDA:263,20,0,0
BRDA:263,20,1,0
BRDA:268,21,0,0
BRDA:268,22,0,0
BRDA:268,22,1,0
BRDA:274,23,0,0
BRDA:284,24,0,0
BRDA:284,24,1,0
BRDA:350,25,0,0
BRDA:350,25,1,0
BRDA:361,26,0,0
BRDA:361,26,1,0
BRDA:361,27,0,0
BRDA:361,27,1,0
BRDA:376,28,0,0
BRDA:376,28,1,0
BRDA:376,28,2,0
BRDA:399,29,0,0
BRDA:401,30,0,0
BRDA:401,30,1,0
BRDA:427,31,0,0
BRDA:427,31,1,0
BRDA:430,32,0,0
BRDA:430,32,1,0
BRDA:465,33,0,0
BRDA:465,33,1,0
BRF:55
BRH:1
end_of_record
TN:
SF:src\handshake\services\handshake-service.ts
FN:21,(anonymous_3)
FN:34,(anonymous_4)
FN:84,(anonymous_5)
FN:134,(anonymous_6)
FN:154,(anonymous_7)
FN:169,(anonymous_8)
FN:170,(anonymous_9)
[...]
FNDA:0,(anonymous_15)
FNDA:0,(anonymous_16)
FNDA:0,(anonymous_17)
FNDA:0,(anonymous_18)
FNDA:0,(anonymous_19)
FNDA:0,(anonymous_20)
DA:1,0
DA:3,0
DA:4,0
DA:5,0
DA:17,0
DA:18,0
DA:31,0
DA:41,0
DA:42,0
DA:43,0
DA:46,0
DA:47,0
DA:56,0
DA:73,0
DA:74,0
DA:77,0
DA:78,0
DA:81,0
DA:82,0
DA:83,0
DA:86,0
DA:89,0
DA:90,0
DA:91,0
DA:92,0
DA:93,0
DA:96,0
DA:121,0
DA:122,0
DA:187,0
DA:190,0
DA:209,0
DA:219,0
DA:231,0
DA:240,0
DA:280,0
DA:290,0
DA:302,0
DA:306,0
DA:324,0
LF:40
LH:0
BRDA:38,0,0,0
BRDA:39,1,0,0
BRDA:42,2,0,0
BRDA:47,3,0,0
BRDA:56,4,0,0
BRDA:56,5,0,0
BRDA:56,5,1,0
BRDA:74,6,0,0
BRDA:78,7,0,0
BRDA:78,7,1,0
BRDA:82,8,0,0
BRDA:83,9,0,0
BRDA:83,9,1,0
BRDA:86,10,0,0
BRDA:86,10,1,0
BRDA:91,11,0,0
BRDA:92,12,0,0
BRDA:92,13,0,0
BRDA:92,13,1,0
BRDA:96,14,0,0
BRDA:116,15,0,0
BRDA:169,16,0,0
BRDA:174,17,0,0
BRDA:174,17,1,0
BRDA:194,18,0,0
BRDA:203,19,0,0
BRDA:215,20,0,0
BRDA:236,21,0,0
BRDA:236,21,1,0
BRDA:251,22,0,0
BRDA:251,22,1,0
BRDA:256,23,0,0
BRDA:287,24,0,0
BRDA:288,25,0,0
BRDA:290,26,0,0
BRDA:302,27,0,0
BRDA:307,28,0,0
BRDA:307,28,1,0
BRDA:325,29,0,0
BRDA:325,29,1,0
BRF:40
BRH:0
end_of_record
TN:
SF:src\shared\components\CredentialDetailsModal.tsx
FN:32,(anonymous_2)
FN:37,(anonymous_3)
FN:44,(anonymous_4)
FN:54,(anonymous_5)
FN:64,(anonymous_6)
FN:74,(anonymous_7)
FN:106,(anonymous_8)
FNF:7
FNH:0
FNDA:0,(anonymous_2)
FNDA:0,(anonymous_3)
FNDA:0,(anonymous_4)
FNDA:0,(anonymous_5)
FNDA:0,(anonymous_6)
FNDA:0,(anonymous_7)
FNDA:0,(anonymous_8)
DA:3,0
DA:10,0
DA:11,0
DA:12,0
DA:22,0
DA:24,0
DA:32,0
DA:37,0
DA:38,0
DA:39,0
DA:41,0
DA:44,0
DA:45,0
DA:46,0
DA:48,0
DA:54,0
DA:55,0
DA:56,0
DA:58,0
DA:59,0
DA:61,0
DA:64,0
DA:65,0
DA:66,0
DA:68,0
DA:69,0
DA:71,0
DA:74,0
DA:75,0
DA:107,0
LF:30
LH:0
BRDA:38,0,0,0
BRDA:41,1,0,0
BRDA:41,1,1,0
BRDA:41,1,2,0
BRDA:46,2,0,0
BRDA:46,2,1,0
BRDA:48,3,0,0
BRDA:48,4,0,0
BRDA:48,4,1,0
BRDA:56,5,0,0
BRDA:56,5,1,0
BRDA:58,6,0,0
BRDA:58,7,0,0
BRDA:58,7,1,0
BRDA:66,8,0,0
BRDA:66,8,1,0
BRDA:68,9,0,0
BRDA:68,10,0,0
BRDA:68,10,1,0
BRDA:100,11,0,0
BRDA:100,11,1,0
BRDA:123,12,0,0
BRDA:123,12,1,0
BRDA:141,13,0,0
BRDA:167,14,0,0
BRDA:175,15,0,0
BRDA:175,15,1,0
BRDA:180,16,0,0
BRDA:184,17,0,0
BRDA:184,17,1,0
BRF:30
BRH:0
end_of_record
TN:
SF:src\shared\components\QRCodeScanner.tsx
FN:17,(anonymous_6)
FN:39,(anonymous_7)
FN:52,(anonymous_8)
FN:93,(anonymous_9)
FN:95,(anonymous_10)
FN:108,(anonymous_11)
FN:127,(anonymous_12)
FN:136,(anonymous_13)
FN:175,(anonymous_14)
FN:196,(anonymous_15)
FN:212,(anonymous_16)
FN:213,(anonymous_17)
FN:237,(anonymous_18)
FN:256,(anonymous_19)
FN:266,(anonymous_20)
FN:267,(anonymous_21)
FN:273,(anonymous_22)
FN:274,(anonymous_23)
FN:279,(anonymous_24)
FN:281,(anonymous_25)
FN:283,(anonymous_26)
FN:419,(anonymous_27)
FN:423,(anonymous_28)
FN:424,(anonymous_29)
FN:426,(anonymous_30)
FNF:25
FNH:0
FNDA:0,(anonymous_6)
FNDA:0,(anonymous_7)
FNDA:0,(anonymous_8)
FNDA:0,(anonymous_9)
FNDA:0,(anonymous_10)
FNDA:0,(anonymous_11)
FNDA:0,(anonymous_12)
FNDA:0,(anonymous_13)
FNDA:0,(anonymous_14)
FNDA:0,(anonymous_15)
FNDA:0,(anonymous_16)
FNDA:0,(anonymous_17)
FNDA:0,(anonymous_18)
FNDA:0,(anonymous_19)
FNDA:0,(anonymous_20)
FNDA:0,(anonymous_21)
FNDA:0,(anonymous_22)
FNDA:0,(anonymous_23)
FNDA:0,(anonymous_24)
FNDA:0,(anonymous_25)
FNDA:0,(anonymous_26)
FNDA:0,(anonymous_27)
FNDA:0,(anonymous_28)
FNDA:0,(anonymous_29)
FNDA:0,(anonymous_30)
DA:1,0
DA:2,0
DA:3,0
DA:5,0
DA:6,0
DA:17,0
DA:25,0
DA:26,0
DA:27,0
DA:28,0
DA:30,0
DA:31,0
DA:32,0
DA:33,0
DA:34,0
DA:36,0
DA:39,0
DA:40,0
DA:41,0
DA:42,0
DA:43,0
DA:45,0
DA:47,0
DA:52,0
DA:53,0
DA:54,0
DA:57,0
DA:58,0
DA:59,0
DA:63,0
DA:71,0
DA:72,0
DA:74,0
DA:75,0
DA:78,0
DA:79,0
DA:80,0
DA:82,0
DA:83,0
DA:86,0
DA:87,0
DA:88,0
DA:93,0
DA:94,0
DA:95,0
DA:96,0
DA:99,0
DA:100,0
DA:103,0
DA:104,0
DA:108,0
DA:109,0
DA:111,0
DA:112,0
DA:113,0
DA:115,0
DA:116,0
DA:119,0
DA:122,0
DA:127,0
DA:128,0
DA:130,0
DA:131,0
DA:132,0
DA:134,0
DA:136,0
DA:137,0
DA:138,0
DA:139,0
DA:143,0
DA:144,0
DA:147,0
DA:150,0
DA:153,0
DA:154,0
DA:158,0
DA:159,0
DA:160,0
DA:161,0
DA:164,0
DA:168,0
DA:171,0
DA:175,0
DA:176,0
DA:178,0
DA:179,0
DA:181,0
DA:182,0
DA:186,0
DA:187,0
DA:190,0
DA:191,0
DA:196,0
DA:197,0
DA:200,0
DA:201,0
DA:202,0
DA:203,0
DA:208,0
DA:212,0
DA:213,0
DA:214,0
DA:215,0
DA:218,0
DA:220,0
DA:221,0
DA:223,0
DA:224,0
DA:225,0
DA:226,0
DA:229,0
DA:231,0
DA:232,0
DA:237,0
DA:238,0
DA:242,0
DA:252,0
DA:256,0
DA:257,0
DA:258,0
DA:259,0
DA:261,0
DA:266,0
DA:267,0
DA:268,0
DA:273,0
DA:274,0
DA:275,0
DA:278,0
DA:280,0
DA:281,0
DA:419,0
DA:420,0
DA:421,0
DA:423,0
DA:424,0
DA:426,0
DA:427,0
DA:428,0
DA:431,0
LF:140
LH:0
BRDA:20,0,0,0
BRDA:21,1,0,0
BRDA:22,2,0,0
BRDA:58,3,0,0
BRDA:65,4,0,0
BRDA:65,4,1,0
BRDA:74,5,0,0
BRDA:86,6,0,0
BRDA:86,6,1,0
BRDA:94,7,0,0
BRDA:99,8,0,0
BRDA:109,9,0,0
BRDA:109,10,0,0
BRDA:109,10,1,0
BRDA:115,11,0,0
BRDA:128,12,0,0
BRDA:128,13,0,0
BRDA:128,13,1,0
BRDA:134,14,0,0
BRDA:137,15,0,0
BRDA:137,16,0,0
BRDA:137,16,1,0
BRDA:158,17,0,0
BRDA:181,18,0,0
BRDA:187,19,0,0
BRDA:187,19,1,0
BRDA:187,20,0,0
BRDA:187,20,1,0
BRDA:202,21,0,0
BRDA:225,22,0,0
BRDA:225,22,1,0
BRDA:238,23,0,0
BRDA:259,24,0,0
BRDA:259,24,1,0
BRDA:259,24,2,0
BRDA:259,24,3,0
BRDA:308,25,0,0
BRDA:308,25,1,0
BRDA:317,26,0,0
BRDA:326,27,0,0
BRDA:337,28,0,0
BRDA:339,29,0,0
BRDA:346,30,0,0
BRDA:346,30,1,0
BRDA:356,31,0,0
BRDA:366,32,0,0
BRDA:376,33,0,0
BRDA:387,34,0,0
BRDA:387,34,1,0
BRDA:393,35,0,0
BRDA:393,35,1,0
BRDA:399,36,0,0
BRF:52
BRH:0
end_of_record
TN:
SF:src\shared\components\ShareCredentialModal.tsx
FN:32,(anonymous_4)
FN:41,(anonymous_5)
FN:50,(anonymous_6)
FN:55,(anonymous_7)
FN:70,(anonymous_8)
FN:74,(anonymous_9)
FN:89,(anonymous_10)
FN:96,(anonymous_11)
FN:142,(anonymous_12)
FN:169,(anonymous_13)
FNF:10
FNH:0
FNDA:0,(anonymous_4)
FNDA:0,(anonymous_5)
FNDA:0,(anonymous_6)
FNDA:0,(anonymous_7)
FNDA:0,(anonymous_8)
FNDA:0,(anonymous_9)
FNDA:0,(anonymous_10)
FNDA:0,(anonymous_11)
FNDA:0,(anonymous_12)
FNDA:0,(anonymous_13)
DA:3,0
DA:10,0
DA:11,0
DA:12,0
DA:21,0
DA:23,0
DA:24,0
DA:32,0
DA:37,0
DA:38,0
DA:39,0
DA:41,0
DA:43,0
DA:44,0
DA:45,0
DA:46,0
DA:47,0
DA:50,0
DA:51,0
DA:52,0
DA:53,0
DA:54,0
DA:55,0
DA:56,0
DA:61,0
DA:62,0
DA:70,0
DA:71,0
DA:72,0
DA:73,0
DA:74,0
DA:75,0
DA:80,0
DA:81,0
DA:89,0
DA:90,0
DA:91,0
DA:92,0
DA:93,0
DA:96,0
DA:97,0
DA:98,0
DA:99,0
DA:142,0
DA:169,0
LF:45
LH:0
BRDA:43,0,0,0
BRDA:43,0,1,0
BRDA:44,1,0,0
BRDA:44,1,1,0
BRDA:125,2,0,0
BRDA:125,2,1,0
BRDA:127,3,0,0
BRDA:127,3,1,0
BRDA:132,4,0,0
BRDA:132,4,1,0
BRDA:177,5,0,0
BRDA:192,6,0,0
BRDA:209,7,0,0
BRF:13
BRH:0
end_of_record
TN:
SF:src\shared\components\ui\avatar.tsx
FNF:0
FNH:0
DA:1,0
DA:2,0
DA:4,0
DA:19,0
DA:31,0
DA:46,0
DA:48,0
LF:7
LH:0
BRF:0
BRH:0
end_of_record
TN:
SF:src\shared\components\ui\badge.tsx
FN:30,Badge
FNF:1
FNH:0
FNDA:0,Badge
DA:1,0
DA:2,0
DA:4,0
DA:6,0
DA:36,0
LF:5
LH:0
BRF:0
BRH:0
end_of_record
TN:
SF:src\shared\components\ui\button.tsx
FN:43,(anonymous_6)
FNF:1
FNH:0
FNDA:0,(anonymous_6)
DA:1,0
DA:2,0
DA:3,0
DA:5,0
DA:7,0
DA:42,0
DA:44,0
DA:54,0
DA:56,0
LF:9
LH:0
BRDA:43,0,0,0
BRDA:44,1,0,0
BRDA:44,1,1,0
BRF:3
BRH:0
end_of_record
TN:
SF:src\shared\components\ui\card.tsx
FNF:0
FNH:0
DA:1,0
DA:2,0
DA:17,0
DA:29,0
DA:44,0
DA:56,0
DA:64,0
DA:76,0
DA:78,0
LF:9
LH:0
BRF:0
BRH:0
end_of_record
TN:
SF:src\shared\components\ui\checkbox.tsx
FN:9,Checkbox
FNF:1
FNH:0
FNDA:0,Checkbox
DA:3,0
DA:4,0
DA:5,0
DA:7,0
DA:32,0
LF:5
LH:0
BRF:0
BRH:0
end_of_record
TN:
SF:src\shared\components\ui\dialog.tsx
FN:9,Dialog
FN:15,DialogTrigger
FN:21,DialogPortal
FN:27,DialogClose
FN:33,DialogOverlay
FN:49,DialogContent
FN:83,DialogHeader
FN:93,DialogFooter
FN:106,DialogTitle
FN:119,DialogDescription
FNF:10
FNH:0
FNDA:0,Dialog
FNDA:0,DialogTrigger
FNDA:0,DialogPortal
FNDA:0,DialogClose
FNDA:0,DialogOverlay
FNDA:0,DialogContent
FNDA:0,DialogHeader
FNDA:0,DialogFooter
FNDA:0,DialogTitle
FNDA:0,DialogDescription
DA:3,0
DA:4,0
DA:5,0
DA:7,0
DA:133,0
DA:134,0
DA:135,0
DA:136,0
DA:137,0
DA:138,0
DA:139,0
DA:140,0
DA:141,0
DA:142,0
LF:14
LH:0
BRDA:52,0,0,0
BRDA:69,1,0,0
BRF:2
BRH:0
end_of_record
TN:
SF:src\shared\components\ui\index.ts
FNF:0
FNH:0
DA:2,0
DA:3,0
DA:4,0
DA:5,0
DA:6,0
DA:8,0
DA:9,0
DA:10,0
DA:11,0
DA:12,0
DA:13,0
DA:14,0
DA:15,0
DA:16,0
DA:17,0
DA:18,0
DA:19,0
DA:22,0
LF:18
LH:0
BRF:0
BRH:0
end_of_record
TN:
SF:src\shared\components\ui\loading-spinner.tsx
FN:10,(anonymous_5)
FN:36,(anonymous_6)
FN:52,(anonymous_7)
FNF:3
FNH:0
FNDA:0,(anonymous_5)
FNDA:0,(anonymous_6)
FNDA:0,(anonymous_7)
DA:1,0
DA:2,0
DA:10,0
DA:15,0
DA:36,0
DA:46,0
DA:52,0
LF:7
LH:0
BRDA:11,0,0,0
BRDA:29,1,0,0
BRDA:56,2,0,0
BRDA:56,2,1,0
BRDA:62,3,0,0
BRDA:63,4,0,0
BRDA:63,4,1,0
BRF:7
BRH:0
end_of_record
TN:
SF:src\shared\constants\index.ts
FNF:0
FNH:0
DA:7,0
DA:60,0
DA:69,0
DA:83,0
DA:101,0
DA:131,0
DA:170,0
DA:191,0
DA:228,0
DA:244,0
DA:256,0
DA:267,0
DA:279,0
LF:13
LH:0
BRF:0
BRH:0
end_of_record
TN:
SF:src\shared\contexts\AppContext.tsx
FN:59,(anonymous_11)
FN:64,(anonymous_12)
FN:72,(anonymous_13)
FN:100,(anonymous_14)
FN:115,(anonymous_15)
FN:121,(anonymous_16)
FN:122,(anonymous_17)
FN:126,(anonymous_18)
FN:127,(anonymous_19)
FN:131,(anonymous_20)
FN:140,(anonymous_21)
FN:141,(anonymous_22)
FN:154,(anonymous_23)
FN:158,(anonymous_24)
FN:159,(anonymous_25)
FN:160,(anonymous_26)
FN:168,(anonymous_27)
FN:175,(anonymous_28)
FN:180,(anonymous_29)
FN:183,(anonymous_30)
FN:191,(anonymous_31)
FN:217,(anonymous_32)
FN:226,(anonymous_33)
FN:231,(anonymous_34)
FN:236,(anonymous_35)
FN:241,(anonymous_36)
FN:246,(anonymous_37)
FN:251,(anonymous_38)
FN:256,(anonymous_39)
FN:262,(anonymous_40)
FNF:30
FNH:0
FNDA:0,(anonymous_11)
FNDA:0,(anonymous_12)
FNDA:0,(anonymous_13)
FNDA:0,(anonymous_14)
FNDA:0,(anonymous_15)
FNDA:0,(anonymous_16)
FNDA:0,(anonymous_17)
FNDA:0,(anonymous_18)
FNDA:0,(anonymous_19)
FNDA:0,(anonymous_20)
FNDA:0,(anonymous_21)
FNDA:0,(anonymous_22)
FNDA:0,(anonymous_23)
FNDA:0,(anonymous_24)
FNDA:0,(anonymous_25)
FNDA:0,(anonymous_26)
FNDA:0,(anonymous_27)
FNDA:0,(anonymous_28)
FNDA:0,(anonymous_29)
FNDA:0,(anonymous_30)
FNDA:0,(anonymous_31)
FNDA:0,(anonymous_32)
FNDA:0,(anonymous_33)
FNDA:0,(anonymous_34)
FNDA:0,(anonymous_35)
FNDA:0,(anonymous_36)
FNDA:0,(anonymous_37)
FNDA:0,(anonymous_38)
FNDA:0,(anonymous_39)
FNDA:0,(anonymous_40)
DA:1,0
DA:19,0
DA:26,0
DA:59,0
DA:64,0
DA:65,0
DA:66,0
DA:68,0
DA:72,0
DA:73,0
DA:74,0
DA:76,0
DA:80,0
DA:87,0
DA:94,0
DA:97,0
DA:100,0
DA:101,0
DA:102,0
DA:105,0
DA:106,0
DA:107,0
DA:108,0
DA:110,0
DA:115,0
DA:116,0
DA:117,0
DA:121,0
DA:122,0
DA:126,0
DA:127,0
DA:131,0
DA:132,0
DA:140,0
DA:141,0
DA:142,0
DA:143,0
DA:144,0
DA:145,0
DA:146,0
DA:148,0
DA:152,0
DA:153,0
DA:154,0
DA:158,0
DA:159,0
DA:160,0
DA:162,0
DA:163,0
DA:166,0
DA:168,0
DA:169,0
DA:170,0
DA:175,0
DA:176,0
DA:180,0
DA:181,0
DA:182,0
DA:183,0
DA:184,0
DA:185,0
DA:188,0
DA:189,0
DA:191,0
DA:195,0
DA:217,0
DA:218,0
DA:219,0
DA:220,0
DA:222,0
DA:226,0
DA:227,0
DA:228,0
DA:231,0
DA:232,0
DA:233,0
DA:236,0
DA:237,0
DA:238,0
DA:241,0
DA:242,0
DA:243,0
DA:246,0
DA:247,0
DA:248,0
DA:251,0
DA:252,0
DA:253,0
DA:256,0
DA:257,0
DA:258,0
DA:262,0
LF:92
LH:0
BRDA:31,0,0,0
BRDA:31,0,1,0
BRDA:61,1,0,0
BRDA:65,2,0,0
BRDA:66,3,0,0
BRDA:66,3,1,0
BRDA:73,4,0,0
BRDA:74,5,0,0
BRDA:74,5,1,0
BRDA:106,6,0,0
BRDA:106,6,1,0
BRDA:107,7,0,0
BRDA:107,7,1,0
BRDA:143,8,0,0
BRDA:143,8,1,0
BRDA:145,9,0,0
BRDA:145,9,1,0
BRDA:181,10,0,0
BRDA:185,11,0,0
BRDA:185,11,1,0
BRDA:219,12,0,0
BRF:21
BRH:0
end_of_record
TN:
SF:src\shared\hooks\index.ts
FNF:0
FNH:0
DA:2,0
DA:3,0
DA:4,0
LF:3
LH:0
BRF:0
BRH:0
end_of_record
TN:
SF:src\shared\hooks\use-toast.ts
FN:21,(anonymous_1)
FN:24,(anonymous_2)
FN:32,(anonymous_3)
FN:38,(anonymous_4)
FN:46,(anonymous_5)
FN:47,(anonymous_6)
FN:48,(anonymous_7)
FN:52,(anonymous_8)
FN:57,(anonymous_9)
FN:66,(anonymous_10)
FN:75,(anonymous_11)
FN:84,(anonymous_12)
FNF:12
FNH:1
FNDA:12,(anonymous_1)
FNDA:0,(anonymous_2)
FNDA:0,(anonymous_3)
FNDA:0,(anonymous_4)
FNDA:0,(anonymous_5)
FNDA:0,(anonymous_6)
FNDA:0,(anonymous_7)
FNDA:0,(anonymous_8)
FNDA:0,(anonymous_9)
FNDA:0,(anonymous_10)
FNDA:0,(anonymous_11)
FNDA:0,(anonymous_12)
DA:1,2
DA:19,2
DA:21,13
DA:22,12
DA:24,12
DA:25,0
DA:26,0
DA:32,0
DA:37,0
DA:38,0
DA:39,0
DA:43,0
DA:46,12
DA:47,0
DA:48,0
DA:52,12
DA:53,0
DA:57,12
DA:58,0
DA:66,12
DA:67,0
DA:75,12
DA:76,0
DA:84,12
DA:85,0
DA:93,12
LF:26
LH:12
BRDA:37,0,0,0
BRDA:37,1,0,0
BRDA:37,1,1,0
BRF:3
BRH:0
end_of_record
TN:
SF:src\shared\hooks\useUserType.tsx
FN:21,(anonymous_9)
FN:27,(anonymous_10)
FN:35,(anonymous_11)
FN:87,(anonymous_12)
FN:148,(anonymous_13)
FN:166,(anonymous_14)
FN:170,(anonymous_15)
FN:191,(anonymous_16)
FN:194,(anonymous_17)
FN:199,(anonymous_18)
FN:218,(anonymous_19)
FN:241,(anonymous_20)
FN:250,(anonymous_21)
FN:254,(anonymous_22)
FN:259,(anonymous_23)
FN:264,(anonymous_24)
FN:281,(anonymous_25)
FN:292,(anonymous_26)
FNF:18
FNH:0
FNDA:0,(anonymous_9)
FNDA:0,(anonymous_10)
FNDA:0,(anonymous_11)
FNDA:0,(anonymous_12)
FNDA:0,(anonymous_13)
FNDA:0,(anonymous_14)
FNDA:0,(anonymous_15)
FNDA:0,(anonymous_16)
FNDA:0,(anonymous_17)
FNDA:0,(anonymous_18)
FNDA:0,(anonymous_19)
FNDA:0,(anonymous_20)
FNDA:0,(anonymous_21)
FNDA:0,(anonymous_22)
FNDA:0,(anonymous_23)
FNDA:0,(anonymous_24)
FNDA:0,(anonymous_25)
FNDA:0,(anonymous_26)
DA:1,0
DA:2,0
DA:4,0
DA:19,0
DA:21,0
DA:22,0
DA:23,0
DA:24,0
DA:25,0
DA:27,0
DA:28,0
DA:29,0
DA:30,0
DA:35,0
DA:36,0
DA:87,0
DA:88,0
DA:90,0
DA:91,0
DA:92,0
DA:93,0
DA:95,0
DA:96,0
DA:101,0
DA:102,0
DA:103,0
DA:104,0
DA:109,0
DA:110,0
DA:112,0
DA:114,0
DA:115,0
DA:118,0
DA:119,0
DA:123,0
DA:124,0
DA:126,0
DA:127,0
DA:130,0
DA:131,0
DA:134,0
DA:138,0
DA:141,0
DA:143,0
DA:144,0
DA:148,0
DA:151,0
DA:153,0
DA:154,0
DA:156,0
DA:161,0
DA:162,0
DA:165,0
DA:166,0
DA:167,0
DA:170,0
DA:171,0
DA:174,0
DA:181,0
DA:182,0
DA:191,0
DA:192,0
DA:194,0
DA:195,0
DA:196,0
DA:198,0
DA:199,0
DA:200,0
DA:201,0
DA:202,0
DA:205,0
DA:206,0
DA:207,0
DA:210,0
DA:211,0
DA:216,0
DA:218,0
DA:219,0
DA:223,0
DA:241,0
DA:242,0
DA:243,0
DA:244,0
DA:246,0
DA:250,0
DA:251,0
DA:252,0
DA:254,0
DA:255,0
DA:256,0
DA:259,0
DA:260,0
DA:261,0
DA:264,0
DA:265,0
DA:266,0
DA:269,0
DA:281,0
DA:282,0
DA:284,0
DA:292,0
DA:293,0
DA:295,0
DA:308,0
LF:104
LH:0
BRDA:29,0,0,0
BRDA:45,1,0,0
BRDA:45,1,1,0
BRDA:47,2,0,0
BRDA:47,2,1,0
BRDA:48,3,0,0
BRDA:48,3,1,0
BRDA:49,4,0,0
BRDA:49,4,1,0
BRDA:56,5,0,0
BRDA:56,5,1,0
BRDA:57,6,0,0
BRDA:57,6,1,0
BRDA:58,7,0,0
BRDA:58,7,1,0
BRDA:59,8,0,0
BRDA:59,8,1,0
BRDA:60,9,0,0
BRDA:60,9,1,0
BRDA:61,10,0,0
BRDA:61,10,1,0
BRDA:62,11,0,0
BRDA:62,11,1,0
BRDA:65,12,0,0
BRDA:65,12,1,0
BRDA:66,13,0,0
BRDA:66,13,1,0
BRDA:67,14,0,0
BRDA:67,14,1,0
BRDA:68,15,0,0
BRDA:68,15,1,0
BRDA:72,16,0,0
BRDA:72,16,1,0
BRDA:73,17,0,0
BRDA:73,17,1,0
BRDA:75,18,0,0
BRDA:75,18,1,0
BRDA:90,19,0,0
BRDA:92,20,0,0
BRDA:95,21,0,0
BRDA:101,22,0,0
BRDA:103,23,0,0
BRDA:103,24,0,0
BRDA:103,24,1,0
BRDA:112,25,0,0
BRDA:112,26,0,0
BRDA:112,26,1,0
BRDA:118,27,0,0
BRDA:118,28,0,0
BRDA:118,28,1,0
BRDA:126,29,0,0
BRDA:130,30,0,0
BRDA:166,31,0,0
BRDA:166,31,1,0
BRDA:170,32,0,0
BRDA:170,32,1,0
BRDA:178,33,0,0
BRDA:178,33,1,0
BRDA:200,34,0,0
BRDA:205,35,0,0
BRDA:206,36,0,0
BRDA:206,36,1,0
BRDA:210,37,0,0
BRDA:243,38,0,0
BRDA:297,39,0,0
BRDA:297,39,1,0
BRDA:298,40,0,0
BRDA:298,40,1,0
BRDA:302,41,0,0
BRDA:302,41,1,0
BRDA:304,42,0,0
BRDA:304,42,1,0
BRDA:305,43,0,0
BRDA:305,43,1,0
BRF:74
BRH:0
end_of_record
TN:
SF:src\shared\lib\utils.ts
FN:4,cn
FN:8,formatDate
FN:17,formatDateTime
FN:28,truncateText
FN:33,generateId
FN:37,sleep
FN:38,(anonymous_22)
FN:41,debounce
FN:46,(anonymous_24)
FN:48,(anonymous_25)
FN:52,throttle
FN:57,(anonymous_27)
FN:61,(anonymous_28)
FN:66,formatNumber
FN:76,isValidEmail
FN:81,isValidDID
FN:86,extractDIDMethod
FN:91,getInitials
FN:94,(anonymous_34)
FN:100,capitalizeFirst
FN:104,camelToTitleCase
FN:107,(anonymous_37)
FNF:22
FNH:0
FNDA:0,cn
FNDA:0,formatDate
FNDA:0,formatDateTime
FNDA:0,truncateText
FNDA:0,generateId
FNDA:0,sleep
FNDA:0,(anonymous_22)
FNDA:0,debounce
FNDA:0,(anonymous_24)
FNDA:0,(anonymous_25)
FNDA:0,throttle
FNDA:0,(anonymous_27)
FNDA:0,(anonymous_28)
FNDA:0,formatNumber
FNDA:0,isValidEmail
FNDA:0,isValidDID
FNDA:0,extractDIDMethod
FNDA:0,getInitials
FNDA:0,(anonymous_34)
FNDA:0,capitalizeFirst
FNDA:0,camelToTitleCase
FNDA:0,(anonymous_37)
DA:1,0
DA:2,0
DA:4,0
DA:5,0
DA:8,0
DA:9,0
DA:10,0
DA:17,0
DA:18,0
DA:19,0
DA:28,0
DA:29,0
DA:30,0
DA:33,0
DA:34,0
DA:37,0
DA:38,0
DA:41,0
DA:46,0
DA:47,0
DA:48,0
DA:52,0
DA:57,0
DA:58,0
DA:59,0
DA:60,0
DA:61,0
DA:66,0
DA:67,0
DA:68,0
DA:70,0
DA:71,0
DA:73,0
DA:76,0
DA:77,0
DA:78,0
DA:81,0
DA:82,0
DA:83,0
DA:86,0
DA:87,0
DA:88,0
DA:91,0
DA:92,0
DA:94,0
DA:100,0
DA:101,0
DA:104,0
DA:105,0
DA:107,0
LF:50
LH:0
BRDA:29,0,0,0
BRDA:58,1,0,0
BRDA:67,2,0,0
BRDA:70,3,0,0
BRDA:88,4,0,0
BRDA:88,4,1,0
BRF:6
BRH:0
end_of_record
TN:
SF:src\shared\utils\dataLoader.ts
FN:26,(anonymous_5)
FN:40,(anonymous_6)
FN:85,(anonymous_7)
FN:90,(anonymous_8)
FN:95,(anonymous_9)
FN:100,(anonymous_10)
FN:104,(anonymous_11)
FN:106,(anonymous_12)
FN:109,(anonymous_13)
FN:119,(anonymous_14)
FN:128,(anonymous_15)
FN:144,(anonymous_16)
FN:155,(anonymous_17)
FN:156,(anonymous_18)
FN:158,(anonymous_19)
FN:166,(anonymous_20)
FN:174,(anonymous_21)
FN:179,(anonymous_22)
FN:192,(anonymous_23)
FN:199,(anonymous_24)
FN:204,(anonymous_25)
FN:205,(anonymous_26)
FNF:22
FNH:0
FNDA:0,(anonymous_5)
FNDA:0,(anonymous_6)
FNDA:0,(anonymous_7)
FNDA:0,(anonymous_8)
FNDA:0,(anonymous_9)
FNDA:0,(anonymous_10)
FNDA:0,(anonymous_11)
FNDA:0,(anonymous_12)
FNDA:0,(anonymous_13)
FNDA:0,(anonymous_14)
FNDA:0,(anonymous_15)
FNDA:0,(anonymous_16)
FNDA:0,(anonymous_17)
FNDA:0,(anonymous_18)
FNDA:0,(anonymous_19)
FNDA:0,(anonymous_20)
FNDA:0,(anonymous_21)
FNDA:0,(anonymous_22)
FNDA:0,(anonymous_23)
FNDA:0,(anonymous_24)
FNDA:0,(anonymous_25)
FNDA:0,(anonymous_26)
DA:1,0
DA:2,0
DA:19,0
DA:20,0
DA:21,0
DA:22,0
DA:23,0
DA:24,0
DA:27,0
DA:28,0
DA:30,0
DA:42,0
DA:43,0
DA:44,0
DA:45,0
DA:46,0
DA:47,0
DA:48,0
DA:52,0
DA:53,0
DA:54,0
DA:56,0
DA:57,0
DA:66,0
DA:67,0
DA:70,0
DA:71,0
DA:77,0
DA:78,0
DA:80,0
DA:81,0
DA:86,0
DA:88,0
DA:90,0
DA:91,0
DA:96,0
DA:100,0
DA:105,0
DA:106,0
DA:110,0
DA:111,0
DA:113,0
DA:119,0
DA:124,0
DA:128,0
DA:131,0
DA:132,0
DA:136,0
DA:139,0
DA:140,0
DA:141,0
DA:144,0
DA:145,0
DA:146,0
DA:149,0
DA:151,0
DA:155,0
DA:156,0
DA:158,0
DA:162,0
DA:166,0
DA:173,0
DA:174,0
DA:177,0
DA:179,0
DA:180,0
DA:181,0
DA:182,0
DA:183,0
DA:184,0
DA:188,0
DA:192,0
DA:197,0
DA:199,0
DA:200,0
DA:201,0
DA:204,0
DA:205,0
DA:206,0
DA:208,0
DA:209,0
DA:210,0
DA:212,0
DA:216,0
DA:217,0
DA:218,0
DA:219,0
DA:221,0
DA:223,0
LF:89
LH:0
BRDA:28,0,0,0
BRDA:42,1,0,0
BRDA:42,2,0,0
BRDA:42,2,1,0
BRDA:44,3,0,0
BRDA:44,4,0,0
BRDA:44,4,1,0
BRDA:57,5,0,0
BRDA:57,5,1,0
BRDA:70,6,0,0
BRDA:70,7,0,0
BRDA:70,7,1,0
BRDA:78,8,0,0
BRDA:78,8,1,0
BRDA:110,9,0,0
BRDA:110,9,1,0
BRDA:122,10,0,0
BRDA:136,11,0,0
BRDA:136,11,1,0
BRDA:139,12,0,0
BRDA:139,13,0,0
BRDA:139,13,1,0
BRDA:158,14,0,0
BRDA:158,14,1,0
BRDA:181,15,0,0
BRDA:181,15,1,0
BRDA:183,16,0,0
BRDA:194,17,0,0
BRDA:200,18,0,0
BRDA:206,19,0,0
BRDA:206,19,1,0
BRF:31
BRH:0
end_of_record
TN:
SF:src\shared\utils\errorHandler.ts
FN:9,(anonymous_7)
FN:37,(anonymous_8)
FN:48,(anonymous_9)
FN:52,(anonymous_10)
FN:68,(anonymous_11)
FN:86,(anonymous_12)
FN:99,(anonymous_13)
FNF:7
FNH:0
FNDA:0,(anonymous_7)
FNDA:0,(anonymous_8)
FNDA:0,(anonymous_9)
FNDA:0,(anonymous_10)
FNDA:0,(anonymous_11)
FNDA:0,(anonymous_12)
FNDA:0,(anonymous_13)
DA:9,0
DA:17,0
DA:19,0
DA:20,0
DA:22,0
DA:24,0
DA:25,0
DA:28,0
DA:30,0
DA:33,0
DA:37,0
DA:41,0
DA:48,0
DA:49,0
DA:52,0
DA:53,0
DA:54,0
DA:57,0
DA:58,0
DA:61,0
DA:62,0
DA:65,0
DA:68,0
DA:76,0
DA:77,0
DA:78,0
DA:80,0
DA:82,0
DA:83,0
DA:84,0
DA:86,0
DA:92,0
DA:93,0
DA:96,0
DA:99,0
DA:100,0
DA:101,0
DA:104,0
DA:105,0
DA:108,0
LF:40
LH:0
BRDA:11,0,0,0
BRDA:14,1,0,0
BRDA:15,2,0,0
BRDA:16,3,0,0
BRDA:22,4,0,0
BRDA:22,4,1,0
BRDA:24,5,0,0
BRDA:28,6,0,0
BRDA:49,7,0,0
BRDA:49,7,1,0
BRDA:49,7,2,0
BRDA:53,8,0,0
BRDA:57,9,0,0
BRDA:61,10,0,0
BRDA:70,11,0,0
BRDA:71,12,0,0
BRDA:80,13,0,0
BRDA:80,13,1,0
BRDA:82,14,0,0
BRDA:83,15,0,0
BRDA:92,16,0,0
BRDA:100,17,0,0
BRDA:104,18,0,0
BRDA:104,19,0,0
BRDA:104,19,1,0
BRF:25
BRH:0
end_of_record
TN:
SF:src\shared\utils\index.ts
FNF:0
FNH:0
DA:2,0
DA:3,0
LF:2
LH:0
BRF:0
BRH:0
end_of_record
